[35m[1mConsolidate compiler generated dependencies of target skill_server[0m
[ 50%] [32mBuilding CXX object CMakeFiles/skill_server.dir/src/skill_server.cpp.o[0m
[100%] [32m[1mLinking CXX executable skill_server[0m
[100%] Built target skill_server
-- Install configuration: ""
-- Installing: /home/mujue/pros/ud/ros2_rtdl/install/rtdl_demo_execution/lib/rtdl_demo_execution/skill_server
-- Set runtime path of "/home/mujue/pros/ud/ros2_rtdl/install/rtdl_demo_execution/lib/rtdl_demo_execution/skill_server" to ""
-- Installing: /home/mujue/pros/ud/ros2_rtdl/install/rtdl_demo_execution/share/ament_index/resource_index/package_run_dependencies/rtdl_demo_execution
-- Installing: /home/mujue/pros/ud/ros2_rtdl/install/rtdl_demo_execution/share/ament_index/resource_index/parent_prefix_path/rtdl_demo_execution
-- Installing: /home/mujue/pros/ud/ros2_rtdl/install/rtdl_demo_execution/share/rtdl_demo_execution/environment/ament_prefix_path.sh
-- Installing: /home/mujue/pros/ud/ros2_rtdl/install/rtdl_demo_execution/share/rtdl_demo_execution/environment/ament_prefix_path.dsv
-- Installing: /home/mujue/pros/ud/ros2_rtdl/install/rtdl_demo_execution/share/rtdl_demo_execution/environment/path.sh
-- Installing: /home/mujue/pros/ud/ros2_rtdl/install/rtdl_demo_execution/share/rtdl_demo_execution/environment/path.dsv
-- Installing: /home/mujue/pros/ud/ros2_rtdl/install/rtdl_demo_execution/share/rtdl_demo_execution/local_setup.bash
-- Installing: /home/mujue/pros/ud/ros2_rtdl/install/rtdl_demo_execution/share/rtdl_demo_execution/local_setup.sh
-- Installing: /home/mujue/pros/ud/ros2_rtdl/install/rtdl_demo_execution/share/rtdl_demo_execution/local_setup.zsh
-- Installing: /home/mujue/pros/ud/ros2_rtdl/install/rtdl_demo_execution/share/rtdl_demo_execution/local_setup.dsv
-- Installing: /home/mujue/pros/ud/ros2_rtdl/install/rtdl_demo_execution/share/rtdl_demo_execution/package.dsv
-- Installing: /home/mujue/pros/ud/ros2_rtdl/install/rtdl_demo_execution/share/ament_index/resource_index/packages/rtdl_demo_execution
-- Installing: /home/mujue/pros/ud/ros2_rtdl/install/rtdl_demo_execution/share/rtdl_demo_execution/cmake/rtdl_demo_executionConfig.cmake
-- Installing: /home/mujue/pros/ud/ros2_rtdl/install/rtdl_demo_execution/share/rtdl_demo_execution/cmake/rtdl_demo_executionConfig-version.cmake
-- Installing: /home/mujue/pros/ud/ros2_rtdl/install/rtdl_demo_execution/share/rtdl_demo_execution/package.xml
