[0.066s] DEBUG:colcon:Command line arguments: ['/usr/bin/colcon', 'build', '--packages-select', 'rtdl_demo_execution', 'rtdl_demo_webots']
[0.066s] DEBUG:colcon:Parsed command line arguments: Namespace(log_base=None, log_level=None, verb_name='build', build_base='build', install_base='install', merge_install=False, symlink_install=False, test_result_base=None, continue_on_error=False, executor='parallel', parallel_workers=4, event_handlers=None, ignore_user_meta=False, metas=['./colcon.meta'], base_paths=['.'], packages_ignore=None, packages_ignore_regex=None, paths=None, packages_up_to=None, packages_up_to_regex=None, packages_above=None, packages_above_and_dependencies=None, packages_above_depth=None, packages_select_by_dep=None, packages_skip_by_dep=None, packages_skip_up_to=None, packages_select_build_failed=False, packages_skip_build_finished=False, packages_select_test_failures=False, packages_skip_test_passed=False, packages_select=['rtdl_demo_execution', 'rtdl_demo_webots'], packages_skip=None, packages_select_regex=None, packages_skip_regex=None, packages_start=None, packages_end=None, allow_overriding=[], cmake_args=None, cmake_target=None, cmake_target_skip_unavailable=False, cmake_clean_cache=False, cmake_clean_first=False, cmake_force_configure=False, ament_cmake_args=None, catkin_cmake_args=None, catkin_skip_building_tests=False, mixin_files=None, mixin=None, verb_parser=<colcon_mixin.mixin.mixin_argument.MixinArgumentDecorator object at 0x7a507eaa8c70>, verb_extension=<colcon_core.verb.build.BuildVerb object at 0x7a507eaa8700>, main=<bound method BuildVerb.main of <colcon_core.verb.build.BuildVerb object at 0x7a507eaa8700>>, mixin_verb=('build',))
[0.091s] Level 1:colcon.colcon_core.package_discovery:discover_packages(colcon_meta) check parameters
[0.091s] Level 1:colcon.colcon_core.package_discovery:discover_packages(recursive) check parameters
[0.091s] Level 1:colcon.colcon_core.package_discovery:discover_packages(ignore) check parameters
[0.091s] Level 1:colcon.colcon_core.package_discovery:discover_packages(path) check parameters
[0.091s] Level 1:colcon.colcon_core.package_discovery:discover_packages(colcon_meta) discover
[0.091s] Level 1:colcon.colcon_core.package_discovery:discover_packages(recursive) discover
[0.091s] INFO:colcon.colcon_core.package_discovery:Crawling recursively for packages in '/home/mujue/pros/ud/ros2_rtdl'
[0.091s] Level 1:colcon.colcon_core.package_identification:_identify(.) by extensions ['ignore', 'ignore_ament_install']
[0.091s] Level 1:colcon.colcon_core.package_identification:_identify(.) by extension 'ignore'
[0.091s] Level 1:colcon.colcon_core.package_identification:_identify(.) by extension 'ignore_ament_install'
[0.091s] Level 1:colcon.colcon_core.package_identification:_identify(.) by extensions ['colcon_pkg']
[0.091s] Level 1:colcon.colcon_core.package_identification:_identify(.) by extension 'colcon_pkg'
[0.091s] Level 1:colcon.colcon_core.package_identification:_identify(.) by extensions ['colcon_meta']
[0.091s] Level 1:colcon.colcon_core.package_identification:_identify(.) by extension 'colcon_meta'
[0.091s] Level 1:colcon.colcon_core.package_identification:_identify(.) by extensions ['ros']
[0.091s] Level 1:colcon.colcon_core.package_identification:_identify(.) by extension 'ros'
[0.100s] Level 1:colcon.colcon_core.package_identification:_identify(.) by extensions ['cmake', 'python']
[0.100s] Level 1:colcon.colcon_core.package_identification:_identify(.) by extension 'cmake'
[0.100s] Level 1:colcon.colcon_core.package_identification:_identify(.) by extension 'python'
[0.100s] Level 1:colcon.colcon_core.package_identification:_identify(.) by extensions ['python_setup_py']
[0.101s] Level 1:colcon.colcon_core.package_identification:_identify(.) by extension 'python_setup_py'
[0.101s] Level 1:colcon.colcon_core.package_identification:_identify(build) by extensions ['ignore', 'ignore_ament_install']
[0.101s] Level 1:colcon.colcon_core.package_identification:_identify(build) by extension 'ignore'
[0.101s] Level 1:colcon.colcon_core.package_identification:_identify(build) ignored
[0.101s] Level 1:colcon.colcon_core.package_identification:_identify(install) by extensions ['ignore', 'ignore_ament_install']
[0.101s] Level 1:colcon.colcon_core.package_identification:_identify(install) by extension 'ignore'
[0.101s] Level 1:colcon.colcon_core.package_identification:_identify(install) ignored
[0.101s] Level 1:colcon.colcon_core.package_identification:_identify(log) by extensions ['ignore', 'ignore_ament_install']
[0.101s] Level 1:colcon.colcon_core.package_identification:_identify(log) by extension 'ignore'
[0.101s] Level 1:colcon.colcon_core.package_identification:_identify(log) ignored
[0.101s] Level 1:colcon.colcon_core.package_identification:_identify(src) by extensions ['ignore', 'ignore_ament_install']
[0.101s] Level 1:colcon.colcon_core.package_identification:_identify(src) by extension 'ignore'
[0.101s] Level 1:colcon.colcon_core.package_identification:_identify(src) by extension 'ignore_ament_install'
[0.101s] Level 1:colcon.colcon_core.package_identification:_identify(src) by extensions ['colcon_pkg']
[0.101s] Level 1:colcon.colcon_core.package_identification:_identify(src) by extension 'colcon_pkg'
[0.101s] Level 1:colcon.colcon_core.package_identification:_identify(src) by extensions ['colcon_meta']
[0.101s] Level 1:colcon.colcon_core.package_identification:_identify(src) by extension 'colcon_meta'
[0.101s] Level 1:colcon.colcon_core.package_identification:_identify(src) by extensions ['ros']
[0.101s] Level 1:colcon.colcon_core.package_identification:_identify(src) by extension 'ros'
[0.101s] Level 1:colcon.colcon_core.package_identification:_identify(src) by extensions ['cmake', 'python']
[0.101s] Level 1:colcon.colcon_core.package_identification:_identify(src) by extension 'cmake'
[0.101s] Level 1:colcon.colcon_core.package_identification:_identify(src) by extension 'python'
[0.101s] Level 1:colcon.colcon_core.package_identification:_identify(src) by extensions ['python_setup_py']
[0.101s] Level 1:colcon.colcon_core.package_identification:_identify(src) by extension 'python_setup_py'
[0.101s] Level 1:colcon.colcon_core.package_identification:_identify(src/ros2_bt_action_test) by extensions ['ignore', 'ignore_ament_install']
[0.101s] Level 1:colcon.colcon_core.package_identification:_identify(src/ros2_bt_action_test) by extension 'ignore'
[0.101s] Level 1:colcon.colcon_core.package_identification:_identify(src/ros2_bt_action_test) by extension 'ignore_ament_install'
[0.101s] Level 1:colcon.colcon_core.package_identification:_identify(src/ros2_bt_action_test) by extensions ['colcon_pkg']
[0.101s] Level 1:colcon.colcon_core.package_identification:_identify(src/ros2_bt_action_test) by extension 'colcon_pkg'
[0.101s] Level 1:colcon.colcon_core.package_identification:_identify(src/ros2_bt_action_test) by extensions ['colcon_meta']
[0.101s] Level 1:colcon.colcon_core.package_identification:_identify(src/ros2_bt_action_test) by extension 'colcon_meta'
[0.101s] Level 1:colcon.colcon_core.package_identification:_identify(src/ros2_bt_action_test) by extensions ['ros']
[0.101s] Level 1:colcon.colcon_core.package_identification:_identify(src/ros2_bt_action_test) by extension 'ros'
[0.103s] DEBUG:colcon.colcon_core.package_identification:Package 'src/ros2_bt_action_test' with type 'ros.ament_cmake' and name 'ros2_bt_action_test'
[0.103s] Level 1:colcon.colcon_core.package_identification:_identify(src/rtdl_demo_bringup) by extensions ['ignore', 'ignore_ament_install']
[0.103s] Level 1:colcon.colcon_core.package_identification:_identify(src/rtdl_demo_bringup) by extension 'ignore'
[0.103s] Level 1:colcon.colcon_core.package_identification:_identify(src/rtdl_demo_bringup) by extension 'ignore_ament_install'
[0.103s] Level 1:colcon.colcon_core.package_identification:_identify(src/rtdl_demo_bringup) by extensions ['colcon_pkg']
[0.103s] Level 1:colcon.colcon_core.package_identification:_identify(src/rtdl_demo_bringup) by extension 'colcon_pkg'
[0.103s] Level 1:colcon.colcon_core.package_identification:_identify(src/rtdl_demo_bringup) by extensions ['colcon_meta']
[0.103s] Level 1:colcon.colcon_core.package_identification:_identify(src/rtdl_demo_bringup) by extension 'colcon_meta'
[0.103s] Level 1:colcon.colcon_core.package_identification:_identify(src/rtdl_demo_bringup) by extensions ['ros']
[0.103s] Level 1:colcon.colcon_core.package_identification:_identify(src/rtdl_demo_bringup) by extension 'ros'
[0.104s] DEBUG:colcon.colcon_core.package_identification:Package 'src/rtdl_demo_bringup' with type 'ros.ament_cmake' and name 'rtdl_demo_bringup'
[0.104s] Level 1:colcon.colcon_core.package_identification:_identify(src/rtdl_demo_bt) by extensions ['ignore', 'ignore_ament_install']
[0.104s] Level 1:colcon.colcon_core.package_identification:_identify(src/rtdl_demo_bt) by extension 'ignore'
[0.104s] Level 1:colcon.colcon_core.package_identification:_identify(src/rtdl_demo_bt) by extension 'ignore_ament_install'
[0.104s] Level 1:colcon.colcon_core.package_identification:_identify(src/rtdl_demo_bt) by extensions ['colcon_pkg']
[0.104s] Level 1:colcon.colcon_core.package_identification:_identify(src/rtdl_demo_bt) by extension 'colcon_pkg'
[0.104s] Level 1:colcon.colcon_core.package_identification:_identify(src/rtdl_demo_bt) by extensions ['colcon_meta']
[0.104s] Level 1:colcon.colcon_core.package_identification:_identify(src/rtdl_demo_bt) by extension 'colcon_meta'
[0.104s] Level 1:colcon.colcon_core.package_identification:_identify(src/rtdl_demo_bt) by extensions ['ros']
[0.104s] Level 1:colcon.colcon_core.package_identification:_identify(src/rtdl_demo_bt) by extension 'ros'
[0.104s] DEBUG:colcon.colcon_core.package_identification:Package 'src/rtdl_demo_bt' with type 'ros.ament_cmake' and name 'rtdl_demo_bt'
[0.104s] Level 1:colcon.colcon_core.package_identification:_identify(src/rtdl_demo_execution) by extensions ['ignore', 'ignore_ament_install']
[0.104s] Level 1:colcon.colcon_core.package_identification:_identify(src/rtdl_demo_execution) by extension 'ignore'
[0.104s] Level 1:colcon.colcon_core.package_identification:_identify(src/rtdl_demo_execution) by extension 'ignore_ament_install'
[0.104s] Level 1:colcon.colcon_core.package_identification:_identify(src/rtdl_demo_execution) by extensions ['colcon_pkg']
[0.104s] Level 1:colcon.colcon_core.package_identification:_identify(src/rtdl_demo_execution) by extension 'colcon_pkg'
[0.104s] Level 1:colcon.colcon_core.package_identification:_identify(src/rtdl_demo_execution) by extensions ['colcon_meta']
[0.104s] Level 1:colcon.colcon_core.package_identification:_identify(src/rtdl_demo_execution) by extension 'colcon_meta'
[0.104s] Level 1:colcon.colcon_core.package_identification:_identify(src/rtdl_demo_execution) by extensions ['ros']
[0.104s] Level 1:colcon.colcon_core.package_identification:_identify(src/rtdl_demo_execution) by extension 'ros'
[0.105s] DEBUG:colcon.colcon_core.package_identification:Package 'src/rtdl_demo_execution' with type 'ros.ament_cmake' and name 'rtdl_demo_execution'
[0.105s] Level 1:colcon.colcon_core.package_identification:_identify(src/rtdl_demo_interfaces) by extensions ['ignore', 'ignore_ament_install']
[0.105s] Level 1:colcon.colcon_core.package_identification:_identify(src/rtdl_demo_interfaces) by extension 'ignore'
[0.105s] Level 1:colcon.colcon_core.package_identification:_identify(src/rtdl_demo_interfaces) by extension 'ignore_ament_install'
[0.105s] Level 1:colcon.colcon_core.package_identification:_identify(src/rtdl_demo_interfaces) by extensions ['colcon_pkg']
[0.105s] Level 1:colcon.colcon_core.package_identification:_identify(src/rtdl_demo_interfaces) by extension 'colcon_pkg'
[0.105s] Level 1:colcon.colcon_core.package_identification:_identify(src/rtdl_demo_interfaces) by extensions ['colcon_meta']
[0.105s] Level 1:colcon.colcon_core.package_identification:_identify(src/rtdl_demo_interfaces) by extension 'colcon_meta'
[0.105s] Level 1:colcon.colcon_core.package_identification:_identify(src/rtdl_demo_interfaces) by extensions ['ros']
[0.105s] Level 1:colcon.colcon_core.package_identification:_identify(src/rtdl_demo_interfaces) by extension 'ros'
[0.105s] DEBUG:colcon.colcon_core.package_identification:Package 'src/rtdl_demo_interfaces' with type 'ros.ament_cmake' and name 'rtdl_demo_interfaces'
[0.105s] Level 1:colcon.colcon_core.package_identification:_identify(src/rtdl_demo_webots) by extensions ['ignore', 'ignore_ament_install']
[0.105s] Level 1:colcon.colcon_core.package_identification:_identify(src/rtdl_demo_webots) by extension 'ignore'
[0.105s] Level 1:colcon.colcon_core.package_identification:_identify(src/rtdl_demo_webots) by extension 'ignore_ament_install'
[0.105s] Level 1:colcon.colcon_core.package_identification:_identify(src/rtdl_demo_webots) by extensions ['colcon_pkg']
[0.105s] Level 1:colcon.colcon_core.package_identification:_identify(src/rtdl_demo_webots) by extension 'colcon_pkg'
[0.105s] Level 1:colcon.colcon_core.package_identification:_identify(src/rtdl_demo_webots) by extensions ['colcon_meta']
[0.105s] Level 1:colcon.colcon_core.package_identification:_identify(src/rtdl_demo_webots) by extension 'colcon_meta'
[0.105s] Level 1:colcon.colcon_core.package_identification:_identify(src/rtdl_demo_webots) by extensions ['ros']
[0.106s] Level 1:colcon.colcon_core.package_identification:_identify(src/rtdl_demo_webots) by extension 'ros'
[0.106s] DEBUG:colcon.colcon_core.package_identification:Package 'src/rtdl_demo_webots' with type 'ros.ament_cmake' and name 'rtdl_demo_webots'
[0.106s] Level 1:colcon.colcon_core.package_discovery:discover_packages(recursive) using defaults
[0.106s] Level 1:colcon.colcon_core.package_discovery:discover_packages(ignore) discover
[0.106s] Level 1:colcon.colcon_core.package_discovery:discover_packages(ignore) using defaults
[0.106s] Level 1:colcon.colcon_core.package_discovery:discover_packages(path) discover
[0.106s] Level 1:colcon.colcon_core.package_discovery:discover_packages(path) using defaults
[0.122s] INFO:colcon.colcon_core.package_selection:Skipping not selected package 'ros2_bt_action_test' in 'src/ros2_bt_action_test'
[0.122s] INFO:colcon.colcon_core.package_selection:Skipping not selected package 'rtdl_demo_bringup' in 'src/rtdl_demo_bringup'
[0.122s] INFO:colcon.colcon_core.package_selection:Skipping not selected package 'rtdl_demo_interfaces' in 'src/rtdl_demo_interfaces'
[0.122s] INFO:colcon.colcon_core.package_selection:Skipping not selected package 'rtdl_demo_bt' in 'src/rtdl_demo_bt'
[0.122s] Level 1:colcon.colcon_core.package_discovery:discover_packages(prefix_path) check parameters
[0.122s] Level 1:colcon.colcon_core.package_discovery:discover_packages(prefix_path) discover
[0.123s] DEBUG:colcon.colcon_installed_package_information.package_discovery:Found 3 installed packages in /home/mujue/pros/ud/ros2_rtdl/install
[0.124s] DEBUG:colcon.colcon_installed_package_information.package_discovery:Found 403 installed packages in /opt/ros/humble
[0.125s] Level 1:colcon.colcon_core.package_discovery:discover_packages(prefix_path) using defaults
[0.177s] Level 5:colcon.colcon_core.verb:set package 'rtdl_demo_execution' build argument 'cmake_args' from command line to 'None'
[0.177s] Level 5:colcon.colcon_core.verb:set package 'rtdl_demo_execution' build argument 'cmake_target' from command line to 'None'
[0.177s] Level 5:colcon.colcon_core.verb:set package 'rtdl_demo_execution' build argument 'cmake_target_skip_unavailable' from command line to 'False'
[0.177s] Level 5:colcon.colcon_core.verb:set package 'rtdl_demo_execution' build argument 'cmake_clean_cache' from command line to 'False'
[0.177s] Level 5:colcon.colcon_core.verb:set package 'rtdl_demo_execution' build argument 'cmake_clean_first' from command line to 'False'
[0.177s] Level 5:colcon.colcon_core.verb:set package 'rtdl_demo_execution' build argument 'cmake_force_configure' from command line to 'False'
[0.177s] Level 5:colcon.colcon_core.verb:set package 'rtdl_demo_execution' build argument 'ament_cmake_args' from command line to 'None'
[0.177s] Level 5:colcon.colcon_core.verb:set package 'rtdl_demo_execution' build argument 'catkin_cmake_args' from command line to 'None'
[0.177s] Level 5:colcon.colcon_core.verb:set package 'rtdl_demo_execution' build argument 'catkin_skip_building_tests' from command line to 'False'
[0.177s] DEBUG:colcon.colcon_core.verb:Building package 'rtdl_demo_execution' with the following arguments: {'ament_cmake_args': None, 'build_base': '/home/mujue/pros/ud/ros2_rtdl/build/rtdl_demo_execution', 'catkin_cmake_args': None, 'catkin_skip_building_tests': False, 'cmake_args': None, 'cmake_clean_cache': False, 'cmake_clean_first': False, 'cmake_force_configure': False, 'cmake_target': None, 'cmake_target_skip_unavailable': False, 'install_base': '/home/mujue/pros/ud/ros2_rtdl/install/rtdl_demo_execution', 'merge_install': False, 'path': '/home/mujue/pros/ud/ros2_rtdl/src/rtdl_demo_execution', 'symlink_install': False, 'test_result_base': None}
[0.178s] Level 5:colcon.colcon_core.verb:set package 'rtdl_demo_webots' build argument 'cmake_args' from command line to 'None'
[0.178s] Level 5:colcon.colcon_core.verb:set package 'rtdl_demo_webots' build argument 'cmake_target' from command line to 'None'
[0.178s] Level 5:colcon.colcon_core.verb:set package 'rtdl_demo_webots' build argument 'cmake_target_skip_unavailable' from command line to 'False'
[0.178s] Level 5:colcon.colcon_core.verb:set package 'rtdl_demo_webots' build argument 'cmake_clean_cache' from command line to 'False'
[0.178s] Level 5:colcon.colcon_core.verb:set package 'rtdl_demo_webots' build argument 'cmake_clean_first' from command line to 'False'
[0.178s] Level 5:colcon.colcon_core.verb:set package 'rtdl_demo_webots' build argument 'cmake_force_configure' from command line to 'False'
[0.178s] Level 5:colcon.colcon_core.verb:set package 'rtdl_demo_webots' build argument 'ament_cmake_args' from command line to 'None'
[0.178s] Level 5:colcon.colcon_core.verb:set package 'rtdl_demo_webots' build argument 'catkin_cmake_args' from command line to 'None'
[0.178s] Level 5:colcon.colcon_core.verb:set package 'rtdl_demo_webots' build argument 'catkin_skip_building_tests' from command line to 'False'
[0.178s] DEBUG:colcon.colcon_core.verb:Building package 'rtdl_demo_webots' with the following arguments: {'ament_cmake_args': None, 'build_base': '/home/mujue/pros/ud/ros2_rtdl/build/rtdl_demo_webots', 'catkin_cmake_args': None, 'catkin_skip_building_tests': False, 'cmake_args': None, 'cmake_clean_cache': False, 'cmake_clean_first': False, 'cmake_force_configure': False, 'cmake_target': None, 'cmake_target_skip_unavailable': False, 'install_base': '/home/mujue/pros/ud/ros2_rtdl/install/rtdl_demo_webots', 'merge_install': False, 'path': '/home/mujue/pros/ud/ros2_rtdl/src/rtdl_demo_webots', 'symlink_install': False, 'test_result_base': None}
[0.178s] INFO:colcon.colcon_core.executor:Executing jobs using 'parallel' executor
[0.179s] DEBUG:colcon.colcon_parallel_executor.executor.parallel:run_until_complete
[0.179s] INFO:colcon.colcon_ros.task.ament_cmake.build:Building ROS package in '/home/mujue/pros/ud/ros2_rtdl/src/rtdl_demo_execution' with build type 'ament_cmake'
[0.179s] INFO:colcon.colcon_cmake.task.cmake.build:Building CMake package in '/home/mujue/pros/ud/ros2_rtdl/src/rtdl_demo_execution'
[0.181s] INFO:colcon.colcon_core.plugin_system:Skipping extension 'colcon_core.shell.bat': Not used on non-Windows systems
[0.181s] INFO:colcon.colcon_core.shell:Skip shell extension 'powershell' for command environment: Not usable outside of PowerShell
[0.181s] DEBUG:colcon.colcon_core.shell:Skip shell extension 'dsv' for command environment
[0.185s] INFO:colcon.colcon_ros.task.ament_cmake.build:Building ROS package in '/home/mujue/pros/ud/ros2_rtdl/src/rtdl_demo_webots' with build type 'ament_cmake'
[0.185s] INFO:colcon.colcon_cmake.task.cmake.build:Building CMake package in '/home/mujue/pros/ud/ros2_rtdl/src/rtdl_demo_webots'
[0.185s] INFO:colcon.colcon_core.shell:Skip shell extension 'powershell' for command environment: Not usable outside of PowerShell
[0.185s] DEBUG:colcon.colcon_core.shell:Skip shell extension 'dsv' for command environment
[0.192s] DEBUG:colcon.colcon_core.event_handler.log_command:Invoking command in '/home/mujue/pros/ud/ros2_rtdl/build/rtdl_demo_execution': CMAKE_PREFIX_PATH=${CMAKE_PREFIX_PATH}:/opt/ros/humble /usr/bin/cmake --build /home/mujue/pros/ud/ros2_rtdl/build/rtdl_demo_execution -- -j4 -l4
[0.199s] DEBUG:colcon.colcon_core.event_handler.log_command:Invoking command in '/home/mujue/pros/ud/ros2_rtdl/build/rtdl_demo_webots': CMAKE_PREFIX_PATH=${CMAKE_PREFIX_PATH}:/opt/ros/humble /usr/bin/cmake --build /home/mujue/pros/ud/ros2_rtdl/build/rtdl_demo_webots -- -j4 -l4
[0.267s] DEBUG:colcon.colcon_core.event_handler.log_command:Invoked command in '/home/mujue/pros/ud/ros2_rtdl/build/rtdl_demo_webots' returned '0': CMAKE_PREFIX_PATH=${CMAKE_PREFIX_PATH}:/opt/ros/humble /usr/bin/cmake --build /home/mujue/pros/ud/ros2_rtdl/build/rtdl_demo_webots -- -j4 -l4
[0.278s] DEBUG:colcon.colcon_core.event_handler.log_command:Invoking command in '/home/mujue/pros/ud/ros2_rtdl/build/rtdl_demo_webots': CMAKE_PREFIX_PATH=${CMAKE_PREFIX_PATH}:/opt/ros/humble /usr/bin/cmake --install /home/mujue/pros/ud/ros2_rtdl/build/rtdl_demo_webots
[0.288s] Level 1:colcon.colcon_core.environment:create_environment_scripts_only(rtdl_demo_webots)
[0.288s] DEBUG:colcon.colcon_core.event_handler.log_command:Invoked command in '/home/mujue/pros/ud/ros2_rtdl/build/rtdl_demo_webots' returned '0': CMAKE_PREFIX_PATH=${CMAKE_PREFIX_PATH}:/opt/ros/humble /usr/bin/cmake --install /home/mujue/pros/ud/ros2_rtdl/build/rtdl_demo_webots
[0.290s] Level 1:colcon.colcon_core.environment:checking '/home/mujue/pros/ud/ros2_rtdl/install/rtdl_demo_webots' for CMake module files
[0.291s] Level 1:colcon.colcon_core.environment:checking '/home/mujue/pros/ud/ros2_rtdl/install/rtdl_demo_webots' for CMake config files
[0.292s] Level 1:colcon.colcon_core.shell:create_environment_hook('rtdl_demo_webots', 'cmake_prefix_path')
[0.292s] INFO:colcon.colcon_core.shell:Creating environment hook '/home/mujue/pros/ud/ros2_rtdl/install/rtdl_demo_webots/share/rtdl_demo_webots/hook/cmake_prefix_path.ps1'
[0.293s] INFO:colcon.colcon_core.shell:Creating environment descriptor '/home/mujue/pros/ud/ros2_rtdl/install/rtdl_demo_webots/share/rtdl_demo_webots/hook/cmake_prefix_path.dsv'
[0.293s] INFO:colcon.colcon_core.shell:Creating environment hook '/home/mujue/pros/ud/ros2_rtdl/install/rtdl_demo_webots/share/rtdl_demo_webots/hook/cmake_prefix_path.sh'
[0.294s] Level 1:colcon.colcon_core.environment:checking '/home/mujue/pros/ud/ros2_rtdl/install/rtdl_demo_webots/lib'
[0.295s] Level 1:colcon.colcon_core.shell:create_environment_hook('rtdl_demo_webots', 'ld_library_path_lib')
[0.295s] INFO:colcon.colcon_core.shell:Creating environment hook '/home/mujue/pros/ud/ros2_rtdl/install/rtdl_demo_webots/share/rtdl_demo_webots/hook/ld_library_path_lib.ps1'
[0.295s] INFO:colcon.colcon_core.shell:Creating environment descriptor '/home/mujue/pros/ud/ros2_rtdl/install/rtdl_demo_webots/share/rtdl_demo_webots/hook/ld_library_path_lib.dsv'
[0.295s] INFO:colcon.colcon_core.shell:Creating environment hook '/home/mujue/pros/ud/ros2_rtdl/install/rtdl_demo_webots/share/rtdl_demo_webots/hook/ld_library_path_lib.sh'
[0.296s] Level 1:colcon.colcon_core.environment:checking '/home/mujue/pros/ud/ros2_rtdl/install/rtdl_demo_webots/bin'
[0.296s] Level 1:colcon.colcon_core.environment:checking '/home/mujue/pros/ud/ros2_rtdl/install/rtdl_demo_webots/lib/pkgconfig/rtdl_demo_webots.pc'
[0.296s] Level 1:colcon.colcon_core.environment:checking '/home/mujue/pros/ud/ros2_rtdl/install/rtdl_demo_webots/lib/python3.10/site-packages'
[0.296s] Level 1:colcon.colcon_core.environment:checking '/home/mujue/pros/ud/ros2_rtdl/install/rtdl_demo_webots/bin'
[0.296s] INFO:colcon.colcon_core.shell:Creating package script '/home/mujue/pros/ud/ros2_rtdl/install/rtdl_demo_webots/share/rtdl_demo_webots/package.ps1'
[0.297s] INFO:colcon.colcon_core.shell:Creating package descriptor '/home/mujue/pros/ud/ros2_rtdl/install/rtdl_demo_webots/share/rtdl_demo_webots/package.dsv'
[0.298s] INFO:colcon.colcon_core.shell:Creating package script '/home/mujue/pros/ud/ros2_rtdl/install/rtdl_demo_webots/share/rtdl_demo_webots/package.sh'
[0.307s] INFO:colcon.colcon_core.shell:Creating package script '/home/mujue/pros/ud/ros2_rtdl/install/rtdl_demo_webots/share/rtdl_demo_webots/package.bash'
[0.308s] INFO:colcon.colcon_core.shell:Creating package script '/home/mujue/pros/ud/ros2_rtdl/install/rtdl_demo_webots/share/rtdl_demo_webots/package.zsh'
[0.308s] Level 1:colcon.colcon_core.environment:create_file_with_runtime_dependencies(/home/mujue/pros/ud/ros2_rtdl/install/rtdl_demo_webots/share/colcon-core/packages/rtdl_demo_webots)
[0.309s] Level 1:colcon.colcon_core.environment:create_environment_scripts_only(rtdl_demo_webots)
[0.309s] Level 1:colcon.colcon_core.environment:checking '/home/mujue/pros/ud/ros2_rtdl/install/rtdl_demo_webots' for CMake module files
[0.309s] Level 1:colcon.colcon_core.environment:checking '/home/mujue/pros/ud/ros2_rtdl/install/rtdl_demo_webots' for CMake config files
[0.310s] Level 1:colcon.colcon_core.shell:create_environment_hook('rtdl_demo_webots', 'cmake_prefix_path')
[0.310s] INFO:colcon.colcon_core.shell:Creating environment hook '/home/mujue/pros/ud/ros2_rtdl/install/rtdl_demo_webots/share/rtdl_demo_webots/hook/cmake_prefix_path.ps1'
[0.310s] INFO:colcon.colcon_core.shell:Creating environment descriptor '/home/mujue/pros/ud/ros2_rtdl/install/rtdl_demo_webots/share/rtdl_demo_webots/hook/cmake_prefix_path.dsv'
[0.310s] INFO:colcon.colcon_core.shell:Creating environment hook '/home/mujue/pros/ud/ros2_rtdl/install/rtdl_demo_webots/share/rtdl_demo_webots/hook/cmake_prefix_path.sh'
[0.311s] Level 1:colcon.colcon_core.environment:checking '/home/mujue/pros/ud/ros2_rtdl/install/rtdl_demo_webots/lib'
[0.311s] Level 1:colcon.colcon_core.shell:create_environment_hook('rtdl_demo_webots', 'ld_library_path_lib')
[0.311s] INFO:colcon.colcon_core.shell:Creating environment hook '/home/mujue/pros/ud/ros2_rtdl/install/rtdl_demo_webots/share/rtdl_demo_webots/hook/ld_library_path_lib.ps1'
[0.311s] INFO:colcon.colcon_core.shell:Creating environment descriptor '/home/mujue/pros/ud/ros2_rtdl/install/rtdl_demo_webots/share/rtdl_demo_webots/hook/ld_library_path_lib.dsv'
[0.311s] INFO:colcon.colcon_core.shell:Creating environment hook '/home/mujue/pros/ud/ros2_rtdl/install/rtdl_demo_webots/share/rtdl_demo_webots/hook/ld_library_path_lib.sh'
[0.312s] Level 1:colcon.colcon_core.environment:checking '/home/mujue/pros/ud/ros2_rtdl/install/rtdl_demo_webots/bin'
[0.312s] Level 1:colcon.colcon_core.environment:checking '/home/mujue/pros/ud/ros2_rtdl/install/rtdl_demo_webots/lib/pkgconfig/rtdl_demo_webots.pc'
[0.312s] Level 1:colcon.colcon_core.environment:checking '/home/mujue/pros/ud/ros2_rtdl/install/rtdl_demo_webots/lib/python3.10/site-packages'
[0.312s] Level 1:colcon.colcon_core.environment:checking '/home/mujue/pros/ud/ros2_rtdl/install/rtdl_demo_webots/bin'
[0.312s] INFO:colcon.colcon_core.shell:Creating package script '/home/mujue/pros/ud/ros2_rtdl/install/rtdl_demo_webots/share/rtdl_demo_webots/package.ps1'
[0.313s] INFO:colcon.colcon_core.shell:Creating package descriptor '/home/mujue/pros/ud/ros2_rtdl/install/rtdl_demo_webots/share/rtdl_demo_webots/package.dsv'
[0.313s] INFO:colcon.colcon_core.shell:Creating package script '/home/mujue/pros/ud/ros2_rtdl/install/rtdl_demo_webots/share/rtdl_demo_webots/package.sh'
[0.313s] INFO:colcon.colcon_core.shell:Creating package script '/home/mujue/pros/ud/ros2_rtdl/install/rtdl_demo_webots/share/rtdl_demo_webots/package.bash'
[0.314s] INFO:colcon.colcon_core.shell:Creating package script '/home/mujue/pros/ud/ros2_rtdl/install/rtdl_demo_webots/share/rtdl_demo_webots/package.zsh'
[0.314s] Level 1:colcon.colcon_core.environment:create_file_with_runtime_dependencies(/home/mujue/pros/ud/ros2_rtdl/install/rtdl_demo_webots/share/colcon-core/packages/rtdl_demo_webots)
[7.110s] DEBUG:colcon.colcon_core.event_handler.log_command:Invoked command in '/home/mujue/pros/ud/ros2_rtdl/build/rtdl_demo_execution' returned '0': CMAKE_PREFIX_PATH=${CMAKE_PREFIX_PATH}:/opt/ros/humble /usr/bin/cmake --build /home/mujue/pros/ud/ros2_rtdl/build/rtdl_demo_execution -- -j4 -l4
[7.112s] DEBUG:colcon.colcon_core.event_handler.log_command:Invoking command in '/home/mujue/pros/ud/ros2_rtdl/build/rtdl_demo_execution': CMAKE_PREFIX_PATH=${CMAKE_PREFIX_PATH}:/opt/ros/humble /usr/bin/cmake --install /home/mujue/pros/ud/ros2_rtdl/build/rtdl_demo_execution
[7.130s] Level 1:colcon.colcon_core.environment:create_environment_scripts_only(rtdl_demo_execution)
[7.130s] DEBUG:colcon.colcon_core.event_handler.log_command:Invoked command in '/home/mujue/pros/ud/ros2_rtdl/build/rtdl_demo_execution' returned '0': CMAKE_PREFIX_PATH=${CMAKE_PREFIX_PATH}:/opt/ros/humble /usr/bin/cmake --install /home/mujue/pros/ud/ros2_rtdl/build/rtdl_demo_execution
[7.131s] Level 1:colcon.colcon_core.environment:checking '/home/mujue/pros/ud/ros2_rtdl/install/rtdl_demo_execution' for CMake module files
[7.132s] Level 1:colcon.colcon_core.environment:checking '/home/mujue/pros/ud/ros2_rtdl/install/rtdl_demo_execution' for CMake config files
[7.134s] Level 1:colcon.colcon_core.shell:create_environment_hook('rtdl_demo_execution', 'cmake_prefix_path')
[7.134s] INFO:colcon.colcon_core.shell:Creating environment hook '/home/mujue/pros/ud/ros2_rtdl/install/rtdl_demo_execution/share/rtdl_demo_execution/hook/cmake_prefix_path.ps1'
[7.135s] INFO:colcon.colcon_core.shell:Creating environment descriptor '/home/mujue/pros/ud/ros2_rtdl/install/rtdl_demo_execution/share/rtdl_demo_execution/hook/cmake_prefix_path.dsv'
[7.135s] INFO:colcon.colcon_core.shell:Creating environment hook '/home/mujue/pros/ud/ros2_rtdl/install/rtdl_demo_execution/share/rtdl_demo_execution/hook/cmake_prefix_path.sh'
[7.136s] Level 1:colcon.colcon_core.environment:checking '/home/mujue/pros/ud/ros2_rtdl/install/rtdl_demo_execution/lib'
[7.136s] Level 1:colcon.colcon_core.environment:checking '/home/mujue/pros/ud/ros2_rtdl/install/rtdl_demo_execution/bin'
[7.136s] Level 1:colcon.colcon_core.environment:checking '/home/mujue/pros/ud/ros2_rtdl/install/rtdl_demo_execution/lib/pkgconfig/rtdl_demo_execution.pc'
[7.136s] Level 1:colcon.colcon_core.environment:checking '/home/mujue/pros/ud/ros2_rtdl/install/rtdl_demo_execution/lib/python3.10/site-packages'
[7.136s] Level 1:colcon.colcon_core.environment:checking '/home/mujue/pros/ud/ros2_rtdl/install/rtdl_demo_execution/bin'
[7.136s] INFO:colcon.colcon_core.shell:Creating package script '/home/mujue/pros/ud/ros2_rtdl/install/rtdl_demo_execution/share/rtdl_demo_execution/package.ps1'
[7.137s] INFO:colcon.colcon_core.shell:Creating package descriptor '/home/mujue/pros/ud/ros2_rtdl/install/rtdl_demo_execution/share/rtdl_demo_execution/package.dsv'
[7.137s] INFO:colcon.colcon_core.shell:Creating package script '/home/mujue/pros/ud/ros2_rtdl/install/rtdl_demo_execution/share/rtdl_demo_execution/package.sh'
[7.138s] INFO:colcon.colcon_core.shell:Creating package script '/home/mujue/pros/ud/ros2_rtdl/install/rtdl_demo_execution/share/rtdl_demo_execution/package.bash'
[7.138s] INFO:colcon.colcon_core.shell:Creating package script '/home/mujue/pros/ud/ros2_rtdl/install/rtdl_demo_execution/share/rtdl_demo_execution/package.zsh'
[7.139s] Level 1:colcon.colcon_core.environment:create_file_with_runtime_dependencies(/home/mujue/pros/ud/ros2_rtdl/install/rtdl_demo_execution/share/colcon-core/packages/rtdl_demo_execution)
[7.139s] Level 1:colcon.colcon_core.environment:create_environment_scripts_only(rtdl_demo_execution)
[7.139s] Level 1:colcon.colcon_core.environment:checking '/home/mujue/pros/ud/ros2_rtdl/install/rtdl_demo_execution' for CMake module files
[7.140s] Level 1:colcon.colcon_core.environment:checking '/home/mujue/pros/ud/ros2_rtdl/install/rtdl_demo_execution' for CMake config files
[7.140s] Level 1:colcon.colcon_core.shell:create_environment_hook('rtdl_demo_execution', 'cmake_prefix_path')
[7.140s] INFO:colcon.colcon_core.shell:Creating environment hook '/home/mujue/pros/ud/ros2_rtdl/install/rtdl_demo_execution/share/rtdl_demo_execution/hook/cmake_prefix_path.ps1'
[7.140s] INFO:colcon.colcon_core.shell:Creating environment descriptor '/home/mujue/pros/ud/ros2_rtdl/install/rtdl_demo_execution/share/rtdl_demo_execution/hook/cmake_prefix_path.dsv'
[7.140s] INFO:colcon.colcon_core.shell:Creating environment hook '/home/mujue/pros/ud/ros2_rtdl/install/rtdl_demo_execution/share/rtdl_demo_execution/hook/cmake_prefix_path.sh'
[7.141s] Level 1:colcon.colcon_core.environment:checking '/home/mujue/pros/ud/ros2_rtdl/install/rtdl_demo_execution/lib'
[7.141s] Level 1:colcon.colcon_core.environment:checking '/home/mujue/pros/ud/ros2_rtdl/install/rtdl_demo_execution/bin'
[7.141s] Level 1:colcon.colcon_core.environment:checking '/home/mujue/pros/ud/ros2_rtdl/install/rtdl_demo_execution/lib/pkgconfig/rtdl_demo_execution.pc'
[7.141s] Level 1:colcon.colcon_core.environment:checking '/home/mujue/pros/ud/ros2_rtdl/install/rtdl_demo_execution/lib/python3.10/site-packages'
[7.141s] Level 1:colcon.colcon_core.environment:checking '/home/mujue/pros/ud/ros2_rtdl/install/rtdl_demo_execution/bin'
[7.141s] INFO:colcon.colcon_core.shell:Creating package script '/home/mujue/pros/ud/ros2_rtdl/install/rtdl_demo_execution/share/rtdl_demo_execution/package.ps1'
[7.142s] INFO:colcon.colcon_core.shell:Creating package descriptor '/home/mujue/pros/ud/ros2_rtdl/install/rtdl_demo_execution/share/rtdl_demo_execution/package.dsv'
[7.142s] INFO:colcon.colcon_core.shell:Creating package script '/home/mujue/pros/ud/ros2_rtdl/install/rtdl_demo_execution/share/rtdl_demo_execution/package.sh'
[7.142s] INFO:colcon.colcon_core.shell:Creating package script '/home/mujue/pros/ud/ros2_rtdl/install/rtdl_demo_execution/share/rtdl_demo_execution/package.bash'
[7.142s] INFO:colcon.colcon_core.shell:Creating package script '/home/mujue/pros/ud/ros2_rtdl/install/rtdl_demo_execution/share/rtdl_demo_execution/package.zsh'
[7.143s] Level 1:colcon.colcon_core.environment:create_file_with_runtime_dependencies(/home/mujue/pros/ud/ros2_rtdl/install/rtdl_demo_execution/share/colcon-core/packages/rtdl_demo_execution)
[7.143s] DEBUG:colcon.colcon_parallel_executor.executor.parallel:closing loop
[7.143s] DEBUG:colcon.colcon_parallel_executor.executor.parallel:loop closed
[7.143s] DEBUG:colcon.colcon_parallel_executor.executor.parallel:run_until_complete finished with '0'
[7.143s] DEBUG:colcon.colcon_core.event_reactor:joining thread
[7.156s] INFO:colcon.colcon_core.plugin_system:Skipping extension 'colcon_notification.desktop_notification.terminal_notifier': Not used on non-Darwin systems
[7.156s] INFO:colcon.colcon_core.plugin_system:Skipping extension 'colcon_notification.desktop_notification.win32': Not used on non-Windows systems
[7.156s] INFO:colcon.colcon_notification.desktop_notification:Sending desktop notification using 'notify2'
[7.171s] DEBUG:colcon.colcon_core.event_reactor:joined thread
[7.171s] INFO:colcon.colcon_core.shell:Creating prefix script '/home/mujue/pros/ud/ros2_rtdl/install/local_setup.ps1'
[7.173s] INFO:colcon.colcon_core.shell:Creating prefix util module '/home/mujue/pros/ud/ros2_rtdl/install/_local_setup_util_ps1.py'
[7.174s] INFO:colcon.colcon_core.shell:Creating prefix chain script '/home/mujue/pros/ud/ros2_rtdl/install/setup.ps1'
[7.176s] INFO:colcon.colcon_core.shell:Creating prefix script '/home/mujue/pros/ud/ros2_rtdl/install/local_setup.sh'
[7.176s] INFO:colcon.colcon_core.shell:Creating prefix util module '/home/mujue/pros/ud/ros2_rtdl/install/_local_setup_util_sh.py'
[7.177s] INFO:colcon.colcon_core.shell:Creating prefix chain script '/home/mujue/pros/ud/ros2_rtdl/install/setup.sh'
[7.178s] INFO:colcon.colcon_core.shell:Creating prefix script '/home/mujue/pros/ud/ros2_rtdl/install/local_setup.bash'
[7.178s] INFO:colcon.colcon_core.shell:Creating prefix chain script '/home/mujue/pros/ud/ros2_rtdl/install/setup.bash'
[7.179s] INFO:colcon.colcon_core.shell:Creating prefix script '/home/mujue/pros/ud/ros2_rtdl/install/local_setup.zsh'
[7.180s] INFO:colcon.colcon_core.shell:Creating prefix chain script '/home/mujue/pros/ud/ros2_rtdl/install/setup.zsh'
