[0.012s] Invoking command in '/home/mujue/pros/ud/ros2_rtdl/build/rtdl_demo_execution': CMAKE_PREFIX_PATH=${CMAKE_PREFIX_PATH}:/opt/ros/humble /usr/bin/cmake --build /home/mujue/pros/ud/ros2_rtdl/build/rtdl_demo_execution -- -j4 -l4
[0.064s] [35m[1mConsolidate compiler generated dependencies of target skill_server[0m
[0.079s] [ 50%] [32mBuilding CXX object CMakeFiles/skill_server.dir/src/skill_server.cpp.o[0m
[2.068s] [01m[K/home/mujue/pros/ud/ros2_rtdl/src/rtdl_demo_execution/src/skill_server.cpp:[m[K In member function ‘[01m[Kvoid SkillServer::handle_place(std::shared_ptr<rtdl_demo_interfaces::srv::Place_Request_<std::allocator<void> > >, std::shared_ptr<rtdl_demo_interfaces::srv::Place_Response_<std::allocator<void> > >)[m[K’:
[2.069s] [01m[K/home/mujue/pros/ud/ros2_rtdl/src/rtdl_demo_execution/src/skill_server.cpp:280:74:[m[K [01;35m[Kwarning: [m[Kunused parameter ‘[01m[Kreq[m[K’ [[01;35m[K]8;;https://gcc.gnu.org/onlinedocs/gcc/Warning-Options.html#index-Wunused-parameter-Wunused-parameter]8;;[m[K]
[2.069s]   280 |   [01;35m[Kconst std::shared_ptr<rtdl_demo_interfaces::srv::Place::Request> req[m[K,
[2.069s]       |   [01;35m[K~~~~~~~~~~~~~~~~~~~~~~~~~~~~~~~~~~~~~~~~~~~~~~~~~~~~~~~~~~~~~~~~~^~~[m[K
[2.069s] 
[6.548s] [100%] [32m[1mLinking CXX executable skill_server[0m
[6.917s] [100%] Built target skill_server
[6.930s] Invoked command in '/home/mujue/pros/ud/ros2_rtdl/build/rtdl_demo_execution' returned '0': CMAKE_PREFIX_PATH=${CMAKE_PREFIX_PATH}:/opt/ros/humble /usr/bin/cmake --build /home/mujue/pros/ud/ros2_rtdl/build/rtdl_demo_execution -- -j4 -l4
[6.932s] Invoking command in '/home/mujue/pros/ud/ros2_rtdl/build/rtdl_demo_execution': CMAKE_PREFIX_PATH=${CMAKE_PREFIX_PATH}:/opt/ros/humble /usr/bin/cmake --install /home/mujue/pros/ud/ros2_rtdl/build/rtdl_demo_execution
[6.942s] -- Install configuration: ""
[6.943s] -- Installing: /home/mujue/pros/ud/ros2_rtdl/install/rtdl_demo_execution/lib/rtdl_demo_execution/skill_server
[6.947s] -- Set runtime path of "/home/mujue/pros/ud/ros2_rtdl/install/rtdl_demo_execution/lib/rtdl_demo_execution/skill_server" to ""
[6.947s] -- Up-to-date: /home/mujue/pros/ud/ros2_rtdl/install/rtdl_demo_execution/share/ament_index/resource_index/package_run_dependencies/rtdl_demo_execution
[6.947s] -- Up-to-date: /home/mujue/pros/ud/ros2_rtdl/install/rtdl_demo_execution/share/ament_index/resource_index/parent_prefix_path/rtdl_demo_execution
[6.947s] -- Up-to-date: /home/mujue/pros/ud/ros2_rtdl/install/rtdl_demo_execution/share/rtdl_demo_execution/environment/ament_prefix_path.sh
[6.947s] -- Up-to-date: /home/mujue/pros/ud/ros2_rtdl/install/rtdl_demo_execution/share/rtdl_demo_execution/environment/ament_prefix_path.dsv
[6.947s] -- Up-to-date: /home/mujue/pros/ud/ros2_rtdl/install/rtdl_demo_execution/share/rtdl_demo_execution/environment/path.sh
[6.947s] -- Up-to-date: /home/mujue/pros/ud/ros2_rtdl/install/rtdl_demo_execution/share/rtdl_demo_execution/environment/path.dsv
[6.947s] -- Up-to-date: /home/mujue/pros/ud/ros2_rtdl/install/rtdl_demo_execution/share/rtdl_demo_execution/local_setup.bash
[6.947s] -- Up-to-date: /home/mujue/pros/ud/ros2_rtdl/install/rtdl_demo_execution/share/rtdl_demo_execution/local_setup.sh
[6.947s] -- Up-to-date: /home/mujue/pros/ud/ros2_rtdl/install/rtdl_demo_execution/share/rtdl_demo_execution/local_setup.zsh
[6.947s] -- Up-to-date: /home/mujue/pros/ud/ros2_rtdl/install/rtdl_demo_execution/share/rtdl_demo_execution/local_setup.dsv
[6.947s] -- Installing: /home/mujue/pros/ud/ros2_rtdl/install/rtdl_demo_execution/share/rtdl_demo_execution/package.dsv
[6.947s] -- Up-to-date: /home/mujue/pros/ud/ros2_rtdl/install/rtdl_demo_execution/share/ament_index/resource_index/packages/rtdl_demo_execution
[6.948s] -- Up-to-date: /home/mujue/pros/ud/ros2_rtdl/install/rtdl_demo_execution/share/rtdl_demo_execution/cmake/rtdl_demo_executionConfig.cmake
[6.948s] -- Up-to-date: /home/mujue/pros/ud/ros2_rtdl/install/rtdl_demo_execution/share/rtdl_demo_execution/cmake/rtdl_demo_executionConfig-version.cmake
[6.948s] -- Up-to-date: /home/mujue/pros/ud/ros2_rtdl/install/rtdl_demo_execution/share/rtdl_demo_execution/package.xml
[6.951s] Invoked command in '/home/mujue/pros/ud/ros2_rtdl/build/rtdl_demo_execution' returned '0': CMAKE_PREFIX_PATH=${CMAKE_PREFIX_PATH}:/opt/ros/humble /usr/bin/cmake --install /home/mujue/pros/ud/ros2_rtdl/build/rtdl_demo_execution
