[0.130s] DEBUG:colcon:Command line arguments: ['/usr/bin/colcon', 'build', '--packages-select', 'rtdl_demo_execution']
[0.130s] DEBUG:colcon:Parsed command line arguments: Namespace(log_base=None, log_level=None, verb_name='build', build_base='build', install_base='install', merge_install=False, symlink_install=False, test_result_base=None, continue_on_error=False, executor='parallel', parallel_workers=4, event_handlers=None, ignore_user_meta=False, metas=['./colcon.meta'], base_paths=['.'], packages_ignore=None, packages_ignore_regex=None, paths=None, packages_up_to=None, packages_up_to_regex=None, packages_above=None, packages_above_and_dependencies=None, packages_above_depth=None, packages_select_by_dep=None, packages_skip_by_dep=None, packages_skip_up_to=None, packages_select_build_failed=False, packages_skip_build_finished=False, packages_select_test_failures=False, packages_skip_test_passed=False, packages_select=['rtdl_demo_execution'], packages_skip=None, packages_select_regex=None, packages_skip_regex=None, packages_start=None, packages_end=None, allow_overriding=[], cmake_args=None, cmake_target=None, cmake_target_skip_unavailable=False, cmake_clean_cache=False, cmake_clean_first=False, cmake_force_configure=False, ament_cmake_args=None, catkin_cmake_args=None, catkin_skip_building_tests=False, mixin_files=None, mixin=None, verb_parser=<colcon_mixin.mixin.mixin_argument.MixinArgumentDecorator object at 0x734b82788c40>, verb_extension=<colcon_core.verb.build.BuildVerb object at 0x734b827886d0>, main=<bound method BuildVerb.main of <colcon_core.verb.build.BuildVerb object at 0x734b827886d0>>, mixin_verb=('build',))
[0.160s] Level 1:colcon.colcon_core.package_discovery:discover_packages(colcon_meta) check parameters
[0.160s] Level 1:colcon.colcon_core.package_discovery:discover_packages(recursive) check parameters
[0.160s] Level 1:colcon.colcon_core.package_discovery:discover_packages(ignore) check parameters
[0.160s] Level 1:colcon.colcon_core.package_discovery:discover_packages(path) check parameters
[0.160s] Level 1:colcon.colcon_core.package_discovery:discover_packages(colcon_meta) discover
[0.160s] Level 1:colcon.colcon_core.package_discovery:discover_packages(recursive) discover
[0.160s] INFO:colcon.colcon_core.package_discovery:Crawling recursively for packages in '/home/mujue/pros/ud/ros2_rtdl'
[0.160s] Level 1:colcon.colcon_core.package_identification:_identify(.) by extensions ['ignore', 'ignore_ament_install']
[0.160s] Level 1:colcon.colcon_core.package_identification:_identify(.) by extension 'ignore'
[0.160s] Level 1:colcon.colcon_core.package_identification:_identify(.) by extension 'ignore_ament_install'
[0.160s] Level 1:colcon.colcon_core.package_identification:_identify(.) by extensions ['colcon_pkg']
[0.160s] Level 1:colcon.colcon_core.package_identification:_identify(.) by extension 'colcon_pkg'
[0.160s] Level 1:colcon.colcon_core.package_identification:_identify(.) by extensions ['colcon_meta']
[0.160s] Level 1:colcon.colcon_core.package_identification:_identify(.) by extension 'colcon_meta'
[0.161s] Level 1:colcon.colcon_core.package_identification:_identify(.) by extensions ['ros']
[0.161s] Level 1:colcon.colcon_core.package_identification:_identify(.) by extension 'ros'
[0.172s] Level 1:colcon.colcon_core.package_identification:_identify(.) by extensions ['cmake', 'python']
[0.172s] Level 1:colcon.colcon_core.package_identification:_identify(.) by extension 'cmake'
[0.172s] Level 1:colcon.colcon_core.package_identification:_identify(.) by extension 'python'
[0.172s] Level 1:colcon.colcon_core.package_identification:_identify(.) by extensions ['python_setup_py']
[0.172s] Level 1:colcon.colcon_core.package_identification:_identify(.) by extension 'python_setup_py'
[0.172s] Level 1:colcon.colcon_core.package_identification:_identify(build) by extensions ['ignore', 'ignore_ament_install']
[0.172s] Level 1:colcon.colcon_core.package_identification:_identify(build) by extension 'ignore'
[0.172s] Level 1:colcon.colcon_core.package_identification:_identify(build) ignored
[0.172s] Level 1:colcon.colcon_core.package_identification:_identify(install) by extensions ['ignore', 'ignore_ament_install']
[0.172s] Level 1:colcon.colcon_core.package_identification:_identify(install) by extension 'ignore'
[0.172s] Level 1:colcon.colcon_core.package_identification:_identify(install) ignored
[0.172s] Level 1:colcon.colcon_core.package_identification:_identify(log) by extensions ['ignore', 'ignore_ament_install']
[0.172s] Level 1:colcon.colcon_core.package_identification:_identify(log) by extension 'ignore'
[0.172s] Level 1:colcon.colcon_core.package_identification:_identify(log) ignored
[0.172s] Level 1:colcon.colcon_core.package_identification:_identify(src) by extensions ['ignore', 'ignore_ament_install']
[0.173s] Level 1:colcon.colcon_core.package_identification:_identify(src) by extension 'ignore'
[0.173s] Level 1:colcon.colcon_core.package_identification:_identify(src) by extension 'ignore_ament_install'
[0.173s] Level 1:colcon.colcon_core.package_identification:_identify(src) by extensions ['colcon_pkg']
[0.173s] Level 1:colcon.colcon_core.package_identification:_identify(src) by extension 'colcon_pkg'
[0.173s] Level 1:colcon.colcon_core.package_identification:_identify(src) by extensions ['colcon_meta']
[0.173s] Level 1:colcon.colcon_core.package_identification:_identify(src) by extension 'colcon_meta'
[0.173s] Level 1:colcon.colcon_core.package_identification:_identify(src) by extensions ['ros']
[0.173s] Level 1:colcon.colcon_core.package_identification:_identify(src) by extension 'ros'
[0.173s] Level 1:colcon.colcon_core.package_identification:_identify(src) by extensions ['cmake', 'python']
[0.173s] Level 1:colcon.colcon_core.package_identification:_identify(src) by extension 'cmake'
[0.173s] Level 1:colcon.colcon_core.package_identification:_identify(src) by extension 'python'
[0.173s] Level 1:colcon.colcon_core.package_identification:_identify(src) by extensions ['python_setup_py']
[0.173s] Level 1:colcon.colcon_core.package_identification:_identify(src) by extension 'python_setup_py'
[0.173s] Level 1:colcon.colcon_core.package_identification:_identify(src/ros2_bt_action_test) by extensions ['ignore', 'ignore_ament_install']
[0.173s] Level 1:colcon.colcon_core.package_identification:_identify(src/ros2_bt_action_test) by extension 'ignore'
[0.173s] Level 1:colcon.colcon_core.package_identification:_identify(src/ros2_bt_action_test) by extension 'ignore_ament_install'
[0.173s] Level 1:colcon.colcon_core.package_identification:_identify(src/ros2_bt_action_test) by extensions ['colcon_pkg']
[0.173s] Level 1:colcon.colcon_core.package_identification:_identify(src/ros2_bt_action_test) by extension 'colcon_pkg'
[0.173s] Level 1:colcon.colcon_core.package_identification:_identify(src/ros2_bt_action_test) by extensions ['colcon_meta']
[0.173s] Level 1:colcon.colcon_core.package_identification:_identify(src/ros2_bt_action_test) by extension 'colcon_meta'
[0.173s] Level 1:colcon.colcon_core.package_identification:_identify(src/ros2_bt_action_test) by extensions ['ros']
[0.173s] Level 1:colcon.colcon_core.package_identification:_identify(src/ros2_bt_action_test) by extension 'ros'
[0.175s] DEBUG:colcon.colcon_core.package_identification:Package 'src/ros2_bt_action_test' with type 'ros.ament_cmake' and name 'ros2_bt_action_test'
[0.175s] Level 1:colcon.colcon_core.package_identification:_identify(src/rtdl_demo_bringup) by extensions ['ignore', 'ignore_ament_install']
[0.175s] Level 1:colcon.colcon_core.package_identification:_identify(src/rtdl_demo_bringup) by extension 'ignore'
[0.175s] Level 1:colcon.colcon_core.package_identification:_identify(src/rtdl_demo_bringup) by extension 'ignore_ament_install'
[0.175s] Level 1:colcon.colcon_core.package_identification:_identify(src/rtdl_demo_bringup) by extensions ['colcon_pkg']
[0.175s] Level 1:colcon.colcon_core.package_identification:_identify(src/rtdl_demo_bringup) by extension 'colcon_pkg'
[0.175s] Level 1:colcon.colcon_core.package_identification:_identify(src/rtdl_demo_bringup) by extensions ['colcon_meta']
[0.175s] Level 1:colcon.colcon_core.package_identification:_identify(src/rtdl_demo_bringup) by extension 'colcon_meta'
[0.175s] Level 1:colcon.colcon_core.package_identification:_identify(src/rtdl_demo_bringup) by extensions ['ros']
[0.175s] Level 1:colcon.colcon_core.package_identification:_identify(src/rtdl_demo_bringup) by extension 'ros'
[0.176s] DEBUG:colcon.colcon_core.package_identification:Package 'src/rtdl_demo_bringup' with type 'ros.ament_cmake' and name 'rtdl_demo_bringup'
[0.176s] Level 1:colcon.colcon_core.package_identification:_identify(src/rtdl_demo_bt) by extensions ['ignore', 'ignore_ament_install']
[0.176s] Level 1:colcon.colcon_core.package_identification:_identify(src/rtdl_demo_bt) by extension 'ignore'
[0.176s] Level 1:colcon.colcon_core.package_identification:_identify(src/rtdl_demo_bt) by extension 'ignore_ament_install'
[0.176s] Level 1:colcon.colcon_core.package_identification:_identify(src/rtdl_demo_bt) by extensions ['colcon_pkg']
[0.176s] Level 1:colcon.colcon_core.package_identification:_identify(src/rtdl_demo_bt) by extension 'colcon_pkg'
[0.176s] Level 1:colcon.colcon_core.package_identification:_identify(src/rtdl_demo_bt) by extensions ['colcon_meta']
[0.176s] Level 1:colcon.colcon_core.package_identification:_identify(src/rtdl_demo_bt) by extension 'colcon_meta'
[0.176s] Level 1:colcon.colcon_core.package_identification:_identify(src/rtdl_demo_bt) by extensions ['ros']
[0.176s] Level 1:colcon.colcon_core.package_identification:_identify(src/rtdl_demo_bt) by extension 'ros'
[0.176s] DEBUG:colcon.colcon_core.package_identification:Package 'src/rtdl_demo_bt' with type 'ros.ament_cmake' and name 'rtdl_demo_bt'
[0.176s] Level 1:colcon.colcon_core.package_identification:_identify(src/rtdl_demo_execution) by extensions ['ignore', 'ignore_ament_install']
[0.176s] Level 1:colcon.colcon_core.package_identification:_identify(src/rtdl_demo_execution) by extension 'ignore'
[0.176s] Level 1:colcon.colcon_core.package_identification:_identify(src/rtdl_demo_execution) by extension 'ignore_ament_install'
[0.177s] Level 1:colcon.colcon_core.package_identification:_identify(src/rtdl_demo_execution) by extensions ['colcon_pkg']
[0.177s] Level 1:colcon.colcon_core.package_identification:_identify(src/rtdl_demo_execution) by extension 'colcon_pkg'
[0.177s] Level 1:colcon.colcon_core.package_identification:_identify(src/rtdl_demo_execution) by extensions ['colcon_meta']
[0.177s] Level 1:colcon.colcon_core.package_identification:_identify(src/rtdl_demo_execution) by extension 'colcon_meta'
[0.177s] Level 1:colcon.colcon_core.package_identification:_identify(src/rtdl_demo_execution) by extensions ['ros']
[0.177s] Level 1:colcon.colcon_core.package_identification:_identify(src/rtdl_demo_execution) by extension 'ros'
[0.177s] DEBUG:colcon.colcon_core.package_identification:Package 'src/rtdl_demo_execution' with type 'ros.ament_cmake' and name 'rtdl_demo_execution'
[0.177s] Level 1:colcon.colcon_core.package_identification:_identify(src/rtdl_demo_interfaces) by extensions ['ignore', 'ignore_ament_install']
[0.177s] Level 1:colcon.colcon_core.package_identification:_identify(src/rtdl_demo_interfaces) by extension 'ignore'
[0.177s] Level 1:colcon.colcon_core.package_identification:_identify(src/rtdl_demo_interfaces) by extension 'ignore_ament_install'
[0.177s] Level 1:colcon.colcon_core.package_identification:_identify(src/rtdl_demo_interfaces) by extensions ['colcon_pkg']
[0.177s] Level 1:colcon.colcon_core.package_identification:_identify(src/rtdl_demo_interfaces) by extension 'colcon_pkg'
[0.177s] Level 1:colcon.colcon_core.package_identification:_identify(src/rtdl_demo_interfaces) by extensions ['colcon_meta']
[0.177s] Level 1:colcon.colcon_core.package_identification:_identify(src/rtdl_demo_interfaces) by extension 'colcon_meta'
[0.177s] Level 1:colcon.colcon_core.package_identification:_identify(src/rtdl_demo_interfaces) by extensions ['ros']
[0.177s] Level 1:colcon.colcon_core.package_identification:_identify(src/rtdl_demo_interfaces) by extension 'ros'
[0.177s] DEBUG:colcon.colcon_core.package_identification:Package 'src/rtdl_demo_interfaces' with type 'ros.ament_cmake' and name 'rtdl_demo_interfaces'
[0.178s] Level 1:colcon.colcon_core.package_identification:_identify(src/rtdl_demo_webots) by extensions ['ignore', 'ignore_ament_install']
[0.178s] Level 1:colcon.colcon_core.package_identification:_identify(src/rtdl_demo_webots) by extension 'ignore'
[0.178s] Level 1:colcon.colcon_core.package_identification:_identify(src/rtdl_demo_webots) by extension 'ignore_ament_install'
[0.178s] Level 1:colcon.colcon_core.package_identification:_identify(src/rtdl_demo_webots) by extensions ['colcon_pkg']
[0.178s] Level 1:colcon.colcon_core.package_identification:_identify(src/rtdl_demo_webots) by extension 'colcon_pkg'
[0.178s] Level 1:colcon.colcon_core.package_identification:_identify(src/rtdl_demo_webots) by extensions ['colcon_meta']
[0.178s] Level 1:colcon.colcon_core.package_identification:_identify(src/rtdl_demo_webots) by extension 'colcon_meta'
[0.178s] Level 1:colcon.colcon_core.package_identification:_identify(src/rtdl_demo_webots) by extensions ['ros']
[0.178s] Level 1:colcon.colcon_core.package_identification:_identify(src/rtdl_demo_webots) by extension 'ros'
[0.178s] DEBUG:colcon.colcon_core.package_identification:Package 'src/rtdl_demo_webots' with type 'ros.ament_cmake' and name 'rtdl_demo_webots'
[0.178s] Level 1:colcon.colcon_core.package_discovery:discover_packages(recursive) using defaults
[0.178s] Level 1:colcon.colcon_core.package_discovery:discover_packages(ignore) discover
[0.178s] Level 1:colcon.colcon_core.package_discovery:discover_packages(ignore) using defaults
[0.178s] Level 1:colcon.colcon_core.package_discovery:discover_packages(path) discover
[0.178s] Level 1:colcon.colcon_core.package_discovery:discover_packages(path) using defaults
[0.194s] INFO:colcon.colcon_core.package_selection:Skipping not selected package 'ros2_bt_action_test' in 'src/ros2_bt_action_test'
[0.194s] INFO:colcon.colcon_core.package_selection:Skipping not selected package 'rtdl_demo_bringup' in 'src/rtdl_demo_bringup'
[0.194s] INFO:colcon.colcon_core.package_selection:Skipping not selected package 'rtdl_demo_interfaces' in 'src/rtdl_demo_interfaces'
[0.194s] INFO:colcon.colcon_core.package_selection:Skipping not selected package 'rtdl_demo_bt' in 'src/rtdl_demo_bt'
[0.194s] INFO:colcon.colcon_core.package_selection:Skipping not selected package 'rtdl_demo_webots' in 'src/rtdl_demo_webots'
[0.194s] Level 1:colcon.colcon_core.package_discovery:discover_packages(prefix_path) check parameters
[0.194s] Level 1:colcon.colcon_core.package_discovery:discover_packages(prefix_path) discover
[0.195s] DEBUG:colcon.colcon_installed_package_information.package_discovery:Found 3 installed packages in /home/mujue/pros/ud/ros2_rtdl/install
[0.196s] DEBUG:colcon.colcon_installed_package_information.package_discovery:Found 403 installed packages in /opt/ros/humble
[0.197s] Level 1:colcon.colcon_core.package_discovery:discover_packages(prefix_path) using defaults
[0.224s] Level 5:colcon.colcon_core.verb:set package 'rtdl_demo_execution' build argument 'cmake_args' from command line to 'None'
[0.224s] Level 5:colcon.colcon_core.verb:set package 'rtdl_demo_execution' build argument 'cmake_target' from command line to 'None'
[0.224s] Level 5:colcon.colcon_core.verb:set package 'rtdl_demo_execution' build argument 'cmake_target_skip_unavailable' from command line to 'False'
[0.224s] Level 5:colcon.colcon_core.verb:set package 'rtdl_demo_execution' build argument 'cmake_clean_cache' from command line to 'False'
[0.224s] Level 5:colcon.colcon_core.verb:set package 'rtdl_demo_execution' build argument 'cmake_clean_first' from command line to 'False'
[0.224s] Level 5:colcon.colcon_core.verb:set package 'rtdl_demo_execution' build argument 'cmake_force_configure' from command line to 'False'
[0.225s] Level 5:colcon.colcon_core.verb:set package 'rtdl_demo_execution' build argument 'ament_cmake_args' from command line to 'None'
[0.225s] Level 5:colcon.colcon_core.verb:set package 'rtdl_demo_execution' build argument 'catkin_cmake_args' from command line to 'None'
[0.225s] Level 5:colcon.colcon_core.verb:set package 'rtdl_demo_execution' build argument 'catkin_skip_building_tests' from command line to 'False'
[0.225s] DEBUG:colcon.colcon_core.verb:Building package 'rtdl_demo_execution' with the following arguments: {'ament_cmake_args': None, 'build_base': '/home/mujue/pros/ud/ros2_rtdl/build/rtdl_demo_execution', 'catkin_cmake_args': None, 'catkin_skip_building_tests': False, 'cmake_args': None, 'cmake_clean_cache': False, 'cmake_clean_first': False, 'cmake_force_configure': False, 'cmake_target': None, 'cmake_target_skip_unavailable': False, 'install_base': '/home/mujue/pros/ud/ros2_rtdl/install/rtdl_demo_execution', 'merge_install': False, 'path': '/home/mujue/pros/ud/ros2_rtdl/src/rtdl_demo_execution', 'symlink_install': False, 'test_result_base': None}
[0.225s] INFO:colcon.colcon_core.executor:Executing jobs using 'parallel' executor
[0.226s] DEBUG:colcon.colcon_parallel_executor.executor.parallel:run_until_complete
[0.227s] INFO:colcon.colcon_ros.task.ament_cmake.build:Building ROS package in '/home/mujue/pros/ud/ros2_rtdl/src/rtdl_demo_execution' with build type 'ament_cmake'
[0.227s] INFO:colcon.colcon_cmake.task.cmake.build:Building CMake package in '/home/mujue/pros/ud/ros2_rtdl/src/rtdl_demo_execution'
[0.228s] INFO:colcon.colcon_core.plugin_system:Skipping extension 'colcon_core.shell.bat': Not used on non-Windows systems
[0.228s] INFO:colcon.colcon_core.shell:Skip shell extension 'powershell' for command environment: Not usable outside of PowerShell
[0.228s] DEBUG:colcon.colcon_core.shell:Skip shell extension 'dsv' for command environment
[0.240s] DEBUG:colcon.colcon_core.event_handler.log_command:Invoking command in '/home/mujue/pros/ud/ros2_rtdl/build/rtdl_demo_execution': CMAKE_PREFIX_PATH=${CMAKE_PREFIX_PATH}:/opt/ros/humble /usr/bin/cmake --build /home/mujue/pros/ud/ros2_rtdl/build/rtdl_demo_execution -- -j4 -l4
[6.950s] DEBUG:colcon.colcon_core.event_handler.log_command:Invoked command in '/home/mujue/pros/ud/ros2_rtdl/build/rtdl_demo_execution' returned '0': CMAKE_PREFIX_PATH=${CMAKE_PREFIX_PATH}:/opt/ros/humble /usr/bin/cmake --build /home/mujue/pros/ud/ros2_rtdl/build/rtdl_demo_execution -- -j4 -l4
[6.961s] DEBUG:colcon.colcon_core.event_handler.log_command:Invoking command in '/home/mujue/pros/ud/ros2_rtdl/build/rtdl_demo_execution': CMAKE_PREFIX_PATH=${CMAKE_PREFIX_PATH}:/opt/ros/humble /usr/bin/cmake --install /home/mujue/pros/ud/ros2_rtdl/build/rtdl_demo_execution
[6.975s] Level 1:colcon.colcon_core.environment:create_environment_scripts_only(rtdl_demo_execution)
[6.976s] DEBUG:colcon.colcon_core.event_handler.log_command:Invoked command in '/home/mujue/pros/ud/ros2_rtdl/build/rtdl_demo_execution' returned '0': CMAKE_PREFIX_PATH=${CMAKE_PREFIX_PATH}:/opt/ros/humble /usr/bin/cmake --install /home/mujue/pros/ud/ros2_rtdl/build/rtdl_demo_execution
[6.977s] Level 1:colcon.colcon_core.environment:checking '/home/mujue/pros/ud/ros2_rtdl/install/rtdl_demo_execution' for CMake module files
[6.977s] Level 1:colcon.colcon_core.environment:checking '/home/mujue/pros/ud/ros2_rtdl/install/rtdl_demo_execution' for CMake config files
[6.978s] Level 1:colcon.colcon_core.shell:create_environment_hook('rtdl_demo_execution', 'cmake_prefix_path')
[6.978s] INFO:colcon.colcon_core.shell:Creating environment hook '/home/mujue/pros/ud/ros2_rtdl/install/rtdl_demo_execution/share/rtdl_demo_execution/hook/cmake_prefix_path.ps1'
[6.978s] INFO:colcon.colcon_core.shell:Creating environment descriptor '/home/mujue/pros/ud/ros2_rtdl/install/rtdl_demo_execution/share/rtdl_demo_execution/hook/cmake_prefix_path.dsv'
[6.979s] INFO:colcon.colcon_core.shell:Creating environment hook '/home/mujue/pros/ud/ros2_rtdl/install/rtdl_demo_execution/share/rtdl_demo_execution/hook/cmake_prefix_path.sh'
[6.980s] Level 1:colcon.colcon_core.environment:checking '/home/mujue/pros/ud/ros2_rtdl/install/rtdl_demo_execution/lib'
[6.980s] Level 1:colcon.colcon_core.environment:checking '/home/mujue/pros/ud/ros2_rtdl/install/rtdl_demo_execution/bin'
[6.980s] Level 1:colcon.colcon_core.environment:checking '/home/mujue/pros/ud/ros2_rtdl/install/rtdl_demo_execution/lib/pkgconfig/rtdl_demo_execution.pc'
[6.980s] Level 1:colcon.colcon_core.environment:checking '/home/mujue/pros/ud/ros2_rtdl/install/rtdl_demo_execution/lib/python3.10/site-packages'
[6.980s] Level 1:colcon.colcon_core.environment:checking '/home/mujue/pros/ud/ros2_rtdl/install/rtdl_demo_execution/bin'
[6.980s] INFO:colcon.colcon_core.shell:Creating package script '/home/mujue/pros/ud/ros2_rtdl/install/rtdl_demo_execution/share/rtdl_demo_execution/package.ps1'
[6.981s] INFO:colcon.colcon_core.shell:Creating package descriptor '/home/mujue/pros/ud/ros2_rtdl/install/rtdl_demo_execution/share/rtdl_demo_execution/package.dsv'
[6.981s] INFO:colcon.colcon_core.shell:Creating package script '/home/mujue/pros/ud/ros2_rtdl/install/rtdl_demo_execution/share/rtdl_demo_execution/package.sh'
[6.982s] INFO:colcon.colcon_core.shell:Creating package script '/home/mujue/pros/ud/ros2_rtdl/install/rtdl_demo_execution/share/rtdl_demo_execution/package.bash'
[6.982s] INFO:colcon.colcon_core.shell:Creating package script '/home/mujue/pros/ud/ros2_rtdl/install/rtdl_demo_execution/share/rtdl_demo_execution/package.zsh'
[6.983s] Level 1:colcon.colcon_core.environment:create_file_with_runtime_dependencies(/home/mujue/pros/ud/ros2_rtdl/install/rtdl_demo_execution/share/colcon-core/packages/rtdl_demo_execution)
[6.983s] Level 1:colcon.colcon_core.environment:create_environment_scripts_only(rtdl_demo_execution)
[6.983s] Level 1:colcon.colcon_core.environment:checking '/home/mujue/pros/ud/ros2_rtdl/install/rtdl_demo_execution' for CMake module files
[6.983s] Level 1:colcon.colcon_core.environment:checking '/home/mujue/pros/ud/ros2_rtdl/install/rtdl_demo_execution' for CMake config files
[6.984s] Level 1:colcon.colcon_core.shell:create_environment_hook('rtdl_demo_execution', 'cmake_prefix_path')
[6.984s] INFO:colcon.colcon_core.shell:Creating environment hook '/home/mujue/pros/ud/ros2_rtdl/install/rtdl_demo_execution/share/rtdl_demo_execution/hook/cmake_prefix_path.ps1'
[6.984s] INFO:colcon.colcon_core.shell:Creating environment descriptor '/home/mujue/pros/ud/ros2_rtdl/install/rtdl_demo_execution/share/rtdl_demo_execution/hook/cmake_prefix_path.dsv'
[6.984s] INFO:colcon.colcon_core.shell:Creating environment hook '/home/mujue/pros/ud/ros2_rtdl/install/rtdl_demo_execution/share/rtdl_demo_execution/hook/cmake_prefix_path.sh'
[6.985s] Level 1:colcon.colcon_core.environment:checking '/home/mujue/pros/ud/ros2_rtdl/install/rtdl_demo_execution/lib'
[6.985s] Level 1:colcon.colcon_core.environment:checking '/home/mujue/pros/ud/ros2_rtdl/install/rtdl_demo_execution/bin'
[6.985s] Level 1:colcon.colcon_core.environment:checking '/home/mujue/pros/ud/ros2_rtdl/install/rtdl_demo_execution/lib/pkgconfig/rtdl_demo_execution.pc'
[6.985s] Level 1:colcon.colcon_core.environment:checking '/home/mujue/pros/ud/ros2_rtdl/install/rtdl_demo_execution/lib/python3.10/site-packages'
[6.985s] Level 1:colcon.colcon_core.environment:checking '/home/mujue/pros/ud/ros2_rtdl/install/rtdl_demo_execution/bin'
[6.985s] INFO:colcon.colcon_core.shell:Creating package script '/home/mujue/pros/ud/ros2_rtdl/install/rtdl_demo_execution/share/rtdl_demo_execution/package.ps1'
[6.985s] INFO:colcon.colcon_core.shell:Creating package descriptor '/home/mujue/pros/ud/ros2_rtdl/install/rtdl_demo_execution/share/rtdl_demo_execution/package.dsv'
[6.986s] INFO:colcon.colcon_core.shell:Creating package script '/home/mujue/pros/ud/ros2_rtdl/install/rtdl_demo_execution/share/rtdl_demo_execution/package.sh'
[6.986s] INFO:colcon.colcon_core.shell:Creating package script '/home/mujue/pros/ud/ros2_rtdl/install/rtdl_demo_execution/share/rtdl_demo_execution/package.bash'
[6.986s] INFO:colcon.colcon_core.shell:Creating package script '/home/mujue/pros/ud/ros2_rtdl/install/rtdl_demo_execution/share/rtdl_demo_execution/package.zsh'
[6.986s] Level 1:colcon.colcon_core.environment:create_file_with_runtime_dependencies(/home/mujue/pros/ud/ros2_rtdl/install/rtdl_demo_execution/share/colcon-core/packages/rtdl_demo_execution)
[6.987s] DEBUG:colcon.colcon_parallel_executor.executor.parallel:closing loop
[6.987s] DEBUG:colcon.colcon_parallel_executor.executor.parallel:loop closed
[6.987s] DEBUG:colcon.colcon_parallel_executor.executor.parallel:run_until_complete finished with '0'
[6.987s] DEBUG:colcon.colcon_core.event_reactor:joining thread
[7.002s] INFO:colcon.colcon_core.plugin_system:Skipping extension 'colcon_notification.desktop_notification.terminal_notifier': Not used on non-Darwin systems
[7.002s] INFO:colcon.colcon_core.plugin_system:Skipping extension 'colcon_notification.desktop_notification.win32': Not used on non-Windows systems
[7.002s] INFO:colcon.colcon_notification.desktop_notification:Sending desktop notification using 'notify2'
[7.015s] DEBUG:colcon.colcon_core.event_reactor:joined thread
[7.016s] INFO:colcon.colcon_core.shell:Creating prefix script '/home/mujue/pros/ud/ros2_rtdl/install/local_setup.ps1'
[7.017s] INFO:colcon.colcon_core.shell:Creating prefix util module '/home/mujue/pros/ud/ros2_rtdl/install/_local_setup_util_ps1.py'
[7.017s] INFO:colcon.colcon_core.shell:Creating prefix chain script '/home/mujue/pros/ud/ros2_rtdl/install/setup.ps1'
[7.018s] INFO:colcon.colcon_core.shell:Creating prefix script '/home/mujue/pros/ud/ros2_rtdl/install/local_setup.sh'
[7.019s] INFO:colcon.colcon_core.shell:Creating prefix util module '/home/mujue/pros/ud/ros2_rtdl/install/_local_setup_util_sh.py'
[7.019s] INFO:colcon.colcon_core.shell:Creating prefix chain script '/home/mujue/pros/ud/ros2_rtdl/install/setup.sh'
[7.020s] INFO:colcon.colcon_core.shell:Creating prefix script '/home/mujue/pros/ud/ros2_rtdl/install/local_setup.bash'
[7.020s] INFO:colcon.colcon_core.shell:Creating prefix chain script '/home/mujue/pros/ud/ros2_rtdl/install/setup.bash'
[7.021s] INFO:colcon.colcon_core.shell:Creating prefix script '/home/mujue/pros/ud/ros2_rtdl/install/local_setup.zsh'
[7.021s] INFO:colcon.colcon_core.shell:Creating prefix chain script '/home/mujue/pros/ud/ros2_rtdl/install/setup.zsh'
