[0.064s] DEBUG:colcon:Command line arguments: ['/usr/bin/colcon', 'build', '--packages-select', 'rtdl_demo_webots']
[0.064s] DEBUG:colcon:Parsed command line arguments: Namespace(log_base=None, log_level=None, verb_name='build', build_base='build', install_base='install', merge_install=False, symlink_install=False, test_result_base=None, continue_on_error=False, executor='parallel', parallel_workers=4, event_handlers=None, ignore_user_meta=False, metas=['./colcon.meta'], base_paths=['.'], packages_ignore=None, packages_ignore_regex=None, paths=None, packages_up_to=None, packages_up_to_regex=None, packages_above=None, packages_above_and_dependencies=None, packages_above_depth=None, packages_select_by_dep=None, packages_skip_by_dep=None, packages_skip_up_to=None, packages_select_build_failed=False, packages_skip_build_finished=False, packages_select_test_failures=False, packages_skip_test_passed=False, packages_select=['rtdl_demo_webots'], packages_skip=None, packages_select_regex=None, packages_skip_regex=None, packages_start=None, packages_end=None, allow_overriding=[], cmake_args=None, cmake_target=None, cmake_target_skip_unavailable=False, cmake_clean_cache=False, cmake_clean_first=False, cmake_force_configure=False, ament_cmake_args=None, catkin_cmake_args=None, catkin_skip_building_tests=False, mixin_files=None, mixin=None, verb_parser=<colcon_mixin.mixin.mixin_argument.MixinArgumentDecorator object at 0x707c01898c40>, verb_extension=<colcon_core.verb.build.BuildVerb object at 0x707c018986d0>, main=<bound method BuildVerb.main of <colcon_core.verb.build.BuildVerb object at 0x707c018986d0>>, mixin_verb=('build',))
[0.103s] Level 1:colcon.colcon_core.package_discovery:discover_packages(colcon_meta) check parameters
[0.103s] Level 1:colcon.colcon_core.package_discovery:discover_packages(recursive) check parameters
[0.103s] Level 1:colcon.colcon_core.package_discovery:discover_packages(ignore) check parameters
[0.103s] Level 1:colcon.colcon_core.package_discovery:discover_packages(path) check parameters
[0.103s] Level 1:colcon.colcon_core.package_discovery:discover_packages(colcon_meta) discover
[0.103s] Level 1:colcon.colcon_core.package_discovery:discover_packages(recursive) discover
[0.103s] INFO:colcon.colcon_core.package_discovery:Crawling recursively for packages in '/home/mujue/pros/ud/ros2_rtdl'
[0.103s] Level 1:colcon.colcon_core.package_identification:_identify(.) by extensions ['ignore', 'ignore_ament_install']
[0.103s] Level 1:colcon.colcon_core.package_identification:_identify(.) by extension 'ignore'
[0.103s] Level 1:colcon.colcon_core.package_identification:_identify(.) by extension 'ignore_ament_install'
[0.103s] Level 1:colcon.colcon_core.package_identification:_identify(.) by extensions ['colcon_pkg']
[0.103s] Level 1:colcon.colcon_core.package_identification:_identify(.) by extension 'colcon_pkg'
[0.103s] Level 1:colcon.colcon_core.package_identification:_identify(.) by extensions ['colcon_meta']
[0.103s] Level 1:colcon.colcon_core.package_identification:_identify(.) by extension 'colcon_meta'
[0.103s] Level 1:colcon.colcon_core.package_identification:_identify(.) by extensions ['ros']
[0.103s] Level 1:colcon.colcon_core.package_identification:_identify(.) by extension 'ros'
[0.112s] Level 1:colcon.colcon_core.package_identification:_identify(.) by extensions ['cmake', 'python']
[0.112s] Level 1:colcon.colcon_core.package_identification:_identify(.) by extension 'cmake'
[0.112s] Level 1:colcon.colcon_core.package_identification:_identify(.) by extension 'python'
[0.112s] Level 1:colcon.colcon_core.package_identification:_identify(.) by extensions ['python_setup_py']
[0.112s] Level 1:colcon.colcon_core.package_identification:_identify(.) by extension 'python_setup_py'
[0.112s] Level 1:colcon.colcon_core.package_identification:_identify(build) by extensions ['ignore', 'ignore_ament_install']
[0.112s] Level 1:colcon.colcon_core.package_identification:_identify(build) by extension 'ignore'
[0.112s] Level 1:colcon.colcon_core.package_identification:_identify(build) ignored
[0.112s] Level 1:colcon.colcon_core.package_identification:_identify(install) by extensions ['ignore', 'ignore_ament_install']
[0.112s] Level 1:colcon.colcon_core.package_identification:_identify(install) by extension 'ignore'
[0.112s] Level 1:colcon.colcon_core.package_identification:_identify(install) ignored
[0.112s] Level 1:colcon.colcon_core.package_identification:_identify(log) by extensions ['ignore', 'ignore_ament_install']
[0.112s] Level 1:colcon.colcon_core.package_identification:_identify(log) by extension 'ignore'
[0.112s] Level 1:colcon.colcon_core.package_identification:_identify(log) ignored
[0.113s] Level 1:colcon.colcon_core.package_identification:_identify(src) by extensions ['ignore', 'ignore_ament_install']
[0.113s] Level 1:colcon.colcon_core.package_identification:_identify(src) by extension 'ignore'
[0.113s] Level 1:colcon.colcon_core.package_identification:_identify(src) by extension 'ignore_ament_install'
[0.113s] Level 1:colcon.colcon_core.package_identification:_identify(src) by extensions ['colcon_pkg']
[0.113s] Level 1:colcon.colcon_core.package_identification:_identify(src) by extension 'colcon_pkg'
[0.113s] Level 1:colcon.colcon_core.package_identification:_identify(src) by extensions ['colcon_meta']
[0.113s] Level 1:colcon.colcon_core.package_identification:_identify(src) by extension 'colcon_meta'
[0.113s] Level 1:colcon.colcon_core.package_identification:_identify(src) by extensions ['ros']
[0.113s] Level 1:colcon.colcon_core.package_identification:_identify(src) by extension 'ros'
[0.113s] Level 1:colcon.colcon_core.package_identification:_identify(src) by extensions ['cmake', 'python']
[0.113s] Level 1:colcon.colcon_core.package_identification:_identify(src) by extension 'cmake'
[0.113s] Level 1:colcon.colcon_core.package_identification:_identify(src) by extension 'python'
[0.113s] Level 1:colcon.colcon_core.package_identification:_identify(src) by extensions ['python_setup_py']
[0.113s] Level 1:colcon.colcon_core.package_identification:_identify(src) by extension 'python_setup_py'
[0.113s] Level 1:colcon.colcon_core.package_identification:_identify(src/ros2_bt_action_test) by extensions ['ignore', 'ignore_ament_install']
[0.113s] Level 1:colcon.colcon_core.package_identification:_identify(src/ros2_bt_action_test) by extension 'ignore'
[0.113s] Level 1:colcon.colcon_core.package_identification:_identify(src/ros2_bt_action_test) by extension 'ignore_ament_install'
[0.113s] Level 1:colcon.colcon_core.package_identification:_identify(src/ros2_bt_action_test) by extensions ['colcon_pkg']
[0.113s] Level 1:colcon.colcon_core.package_identification:_identify(src/ros2_bt_action_test) by extension 'colcon_pkg'
[0.113s] Level 1:colcon.colcon_core.package_identification:_identify(src/ros2_bt_action_test) by extensions ['colcon_meta']
[0.113s] Level 1:colcon.colcon_core.package_identification:_identify(src/ros2_bt_action_test) by extension 'colcon_meta'
[0.113s] Level 1:colcon.colcon_core.package_identification:_identify(src/ros2_bt_action_test) by extensions ['ros']
[0.113s] Level 1:colcon.colcon_core.package_identification:_identify(src/ros2_bt_action_test) by extension 'ros'
[0.115s] DEBUG:colcon.colcon_core.package_identification:Package 'src/ros2_bt_action_test' with type 'ros.ament_cmake' and name 'ros2_bt_action_test'
[0.115s] Level 1:colcon.colcon_core.package_identification:_identify(src/rtdl_demo_bringup) by extensions ['ignore', 'ignore_ament_install']
[0.115s] Level 1:colcon.colcon_core.package_identification:_identify(src/rtdl_demo_bringup) by extension 'ignore'
[0.115s] Level 1:colcon.colcon_core.package_identification:_identify(src/rtdl_demo_bringup) by extension 'ignore_ament_install'
[0.115s] Level 1:colcon.colcon_core.package_identification:_identify(src/rtdl_demo_bringup) by extensions ['colcon_pkg']
[0.115s] Level 1:colcon.colcon_core.package_identification:_identify(src/rtdl_demo_bringup) by extension 'colcon_pkg'
[0.115s] Level 1:colcon.colcon_core.package_identification:_identify(src/rtdl_demo_bringup) by extensions ['colcon_meta']
[0.115s] Level 1:colcon.colcon_core.package_identification:_identify(src/rtdl_demo_bringup) by extension 'colcon_meta'
[0.115s] Level 1:colcon.colcon_core.package_identification:_identify(src/rtdl_demo_bringup) by extensions ['ros']
[0.115s] Level 1:colcon.colcon_core.package_identification:_identify(src/rtdl_demo_bringup) by extension 'ros'
[0.115s] DEBUG:colcon.colcon_core.package_identification:Package 'src/rtdl_demo_bringup' with type 'ros.ament_cmake' and name 'rtdl_demo_bringup'
[0.115s] Level 1:colcon.colcon_core.package_identification:_identify(src/rtdl_demo_bt) by extensions ['ignore', 'ignore_ament_install']
[0.115s] Level 1:colcon.colcon_core.package_identification:_identify(src/rtdl_demo_bt) by extension 'ignore'
[0.115s] Level 1:colcon.colcon_core.package_identification:_identify(src/rtdl_demo_bt) by extension 'ignore_ament_install'
[0.115s] Level 1:colcon.colcon_core.package_identification:_identify(src/rtdl_demo_bt) by extensions ['colcon_pkg']
[0.115s] Level 1:colcon.colcon_core.package_identification:_identify(src/rtdl_demo_bt) by extension 'colcon_pkg'
[0.115s] Level 1:colcon.colcon_core.package_identification:_identify(src/rtdl_demo_bt) by extensions ['colcon_meta']
[0.115s] Level 1:colcon.colcon_core.package_identification:_identify(src/rtdl_demo_bt) by extension 'colcon_meta'
[0.115s] Level 1:colcon.colcon_core.package_identification:_identify(src/rtdl_demo_bt) by extensions ['ros']
[0.115s] Level 1:colcon.colcon_core.package_identification:_identify(src/rtdl_demo_bt) by extension 'ros'
[0.116s] DEBUG:colcon.colcon_core.package_identification:Package 'src/rtdl_demo_bt' with type 'ros.ament_cmake' and name 'rtdl_demo_bt'
[0.116s] Level 1:colcon.colcon_core.package_identification:_identify(src/rtdl_demo_execution) by extensions ['ignore', 'ignore_ament_install']
[0.116s] Level 1:colcon.colcon_core.package_identification:_identify(src/rtdl_demo_execution) by extension 'ignore'
[0.116s] Level 1:colcon.colcon_core.package_identification:_identify(src/rtdl_demo_execution) by extension 'ignore_ament_install'
[0.116s] Level 1:colcon.colcon_core.package_identification:_identify(src/rtdl_demo_execution) by extensions ['colcon_pkg']
[0.116s] Level 1:colcon.colcon_core.package_identification:_identify(src/rtdl_demo_execution) by extension 'colcon_pkg'
[0.116s] Level 1:colcon.colcon_core.package_identification:_identify(src/rtdl_demo_execution) by extensions ['colcon_meta']
[0.116s] Level 1:colcon.colcon_core.package_identification:_identify(src/rtdl_demo_execution) by extension 'colcon_meta'
[0.116s] Level 1:colcon.colcon_core.package_identification:_identify(src/rtdl_demo_execution) by extensions ['ros']
[0.116s] Level 1:colcon.colcon_core.package_identification:_identify(src/rtdl_demo_execution) by extension 'ros'
[0.116s] DEBUG:colcon.colcon_core.package_identification:Package 'src/rtdl_demo_execution' with type 'ros.ament_cmake' and name 'rtdl_demo_execution'
[0.116s] Level 1:colcon.colcon_core.package_identification:_identify(src/rtdl_demo_interfaces) by extensions ['ignore', 'ignore_ament_install']
[0.116s] Level 1:colcon.colcon_core.package_identification:_identify(src/rtdl_demo_interfaces) by extension 'ignore'
[0.116s] Level 1:colcon.colcon_core.package_identification:_identify(src/rtdl_demo_interfaces) by extension 'ignore_ament_install'
[0.116s] Level 1:colcon.colcon_core.package_identification:_identify(src/rtdl_demo_interfaces) by extensions ['colcon_pkg']
[0.117s] Level 1:colcon.colcon_core.package_identification:_identify(src/rtdl_demo_interfaces) by extension 'colcon_pkg'
[0.117s] Level 1:colcon.colcon_core.package_identification:_identify(src/rtdl_demo_interfaces) by extensions ['colcon_meta']
[0.117s] Level 1:colcon.colcon_core.package_identification:_identify(src/rtdl_demo_interfaces) by extension 'colcon_meta'
[0.117s] Level 1:colcon.colcon_core.package_identification:_identify(src/rtdl_demo_interfaces) by extensions ['ros']
[0.117s] Level 1:colcon.colcon_core.package_identification:_identify(src/rtdl_demo_interfaces) by extension 'ros'
[0.117s] DEBUG:colcon.colcon_core.package_identification:Package 'src/rtdl_demo_interfaces' with type 'ros.ament_cmake' and name 'rtdl_demo_interfaces'
[0.117s] Level 1:colcon.colcon_core.package_identification:_identify(src/rtdl_demo_webots) by extensions ['ignore', 'ignore_ament_install']
[0.117s] Level 1:colcon.colcon_core.package_identification:_identify(src/rtdl_demo_webots) by extension 'ignore'
[0.117s] Level 1:colcon.colcon_core.package_identification:_identify(src/rtdl_demo_webots) by extension 'ignore_ament_install'
[0.117s] Level 1:colcon.colcon_core.package_identification:_identify(src/rtdl_demo_webots) by extensions ['colcon_pkg']
[0.117s] Level 1:colcon.colcon_core.package_identification:_identify(src/rtdl_demo_webots) by extension 'colcon_pkg'
[0.117s] Level 1:colcon.colcon_core.package_identification:_identify(src/rtdl_demo_webots) by extensions ['colcon_meta']
[0.117s] Level 1:colcon.colcon_core.package_identification:_identify(src/rtdl_demo_webots) by extension 'colcon_meta'
[0.117s] Level 1:colcon.colcon_core.package_identification:_identify(src/rtdl_demo_webots) by extensions ['ros']
[0.117s] Level 1:colcon.colcon_core.package_identification:_identify(src/rtdl_demo_webots) by extension 'ros'
[0.117s] DEBUG:colcon.colcon_core.package_identification:Package 'src/rtdl_demo_webots' with type 'ros.ament_cmake' and name 'rtdl_demo_webots'
[0.117s] Level 1:colcon.colcon_core.package_discovery:discover_packages(recursive) using defaults
[0.118s] Level 1:colcon.colcon_core.package_discovery:discover_packages(ignore) discover
[0.118s] Level 1:colcon.colcon_core.package_discovery:discover_packages(ignore) using defaults
[0.118s] Level 1:colcon.colcon_core.package_discovery:discover_packages(path) discover
[0.118s] Level 1:colcon.colcon_core.package_discovery:discover_packages(path) using defaults
[0.140s] INFO:colcon.colcon_core.package_selection:Skipping not selected package 'ros2_bt_action_test' in 'src/ros2_bt_action_test'
[0.140s] INFO:colcon.colcon_core.package_selection:Skipping not selected package 'rtdl_demo_bringup' in 'src/rtdl_demo_bringup'
[0.140s] INFO:colcon.colcon_core.package_selection:Skipping not selected package 'rtdl_demo_interfaces' in 'src/rtdl_demo_interfaces'
[0.140s] INFO:colcon.colcon_core.package_selection:Skipping not selected package 'rtdl_demo_bt' in 'src/rtdl_demo_bt'
[0.140s] INFO:colcon.colcon_core.package_selection:Skipping not selected package 'rtdl_demo_execution' in 'src/rtdl_demo_execution'
[0.141s] Level 1:colcon.colcon_core.package_discovery:discover_packages(prefix_path) check parameters
[0.141s] Level 1:colcon.colcon_core.package_discovery:discover_packages(prefix_path) discover
[0.142s] DEBUG:colcon.colcon_installed_package_information.package_discovery:Found 3 installed packages in /home/mujue/pros/ud/ros2_rtdl/install
[0.143s] DEBUG:colcon.colcon_installed_package_information.package_discovery:Found 403 installed packages in /opt/ros/humble
[0.145s] Level 1:colcon.colcon_core.package_discovery:discover_packages(prefix_path) using defaults
[0.179s] Level 5:colcon.colcon_core.verb:set package 'rtdl_demo_webots' build argument 'cmake_args' from command line to 'None'
[0.180s] Level 5:colcon.colcon_core.verb:set package 'rtdl_demo_webots' build argument 'cmake_target' from command line to 'None'
[0.180s] Level 5:colcon.colcon_core.verb:set package 'rtdl_demo_webots' build argument 'cmake_target_skip_unavailable' from command line to 'False'
[0.180s] Level 5:colcon.colcon_core.verb:set package 'rtdl_demo_webots' build argument 'cmake_clean_cache' from command line to 'False'
[0.180s] Level 5:colcon.colcon_core.verb:set package 'rtdl_demo_webots' build argument 'cmake_clean_first' from command line to 'False'
[0.180s] Level 5:colcon.colcon_core.verb:set package 'rtdl_demo_webots' build argument 'cmake_force_configure' from command line to 'False'
[0.180s] Level 5:colcon.colcon_core.verb:set package 'rtdl_demo_webots' build argument 'ament_cmake_args' from command line to 'None'
[0.180s] Level 5:colcon.colcon_core.verb:set package 'rtdl_demo_webots' build argument 'catkin_cmake_args' from command line to 'None'
[0.180s] Level 5:colcon.colcon_core.verb:set package 'rtdl_demo_webots' build argument 'catkin_skip_building_tests' from command line to 'False'
[0.180s] DEBUG:colcon.colcon_core.verb:Building package 'rtdl_demo_webots' with the following arguments: {'ament_cmake_args': None, 'build_base': '/home/mujue/pros/ud/ros2_rtdl/build/rtdl_demo_webots', 'catkin_cmake_args': None, 'catkin_skip_building_tests': False, 'cmake_args': None, 'cmake_clean_cache': False, 'cmake_clean_first': False, 'cmake_force_configure': False, 'cmake_target': None, 'cmake_target_skip_unavailable': False, 'install_base': '/home/mujue/pros/ud/ros2_rtdl/install/rtdl_demo_webots', 'merge_install': False, 'path': '/home/mujue/pros/ud/ros2_rtdl/src/rtdl_demo_webots', 'symlink_install': False, 'test_result_base': None}
[0.180s] INFO:colcon.colcon_core.executor:Executing jobs using 'parallel' executor
[0.181s] DEBUG:colcon.colcon_parallel_executor.executor.parallel:run_until_complete
[0.182s] INFO:colcon.colcon_ros.task.ament_cmake.build:Building ROS package in '/home/mujue/pros/ud/ros2_rtdl/src/rtdl_demo_webots' with build type 'ament_cmake'
[0.182s] INFO:colcon.colcon_cmake.task.cmake.build:Building CMake package in '/home/mujue/pros/ud/ros2_rtdl/src/rtdl_demo_webots'
[0.183s] INFO:colcon.colcon_core.plugin_system:Skipping extension 'colcon_core.shell.bat': Not used on non-Windows systems
[0.184s] INFO:colcon.colcon_core.shell:Skip shell extension 'powershell' for command environment: Not usable outside of PowerShell
[0.184s] DEBUG:colcon.colcon_core.shell:Skip shell extension 'dsv' for command environment
[0.206s] DEBUG:colcon.colcon_core.event_handler.log_command:Invoking command in '/home/mujue/pros/ud/ros2_rtdl/build/rtdl_demo_webots': CMAKE_PREFIX_PATH=${CMAKE_PREFIX_PATH}:/opt/ros/humble /usr/bin/cmake --build /home/mujue/pros/ud/ros2_rtdl/build/rtdl_demo_webots -- -j4 -l4
[0.317s] DEBUG:colcon.colcon_core.event_handler.log_command:Invoked command in '/home/mujue/pros/ud/ros2_rtdl/build/rtdl_demo_webots' returned '0': CMAKE_PREFIX_PATH=${CMAKE_PREFIX_PATH}:/opt/ros/humble /usr/bin/cmake --build /home/mujue/pros/ud/ros2_rtdl/build/rtdl_demo_webots -- -j4 -l4
[0.336s] DEBUG:colcon.colcon_core.event_handler.log_command:Invoking command in '/home/mujue/pros/ud/ros2_rtdl/build/rtdl_demo_webots': CMAKE_PREFIX_PATH=${CMAKE_PREFIX_PATH}:/opt/ros/humble /usr/bin/cmake --install /home/mujue/pros/ud/ros2_rtdl/build/rtdl_demo_webots
[0.349s] Level 1:colcon.colcon_core.environment:create_environment_scripts_only(rtdl_demo_webots)
[0.350s] DEBUG:colcon.colcon_core.event_handler.log_command:Invoked command in '/home/mujue/pros/ud/ros2_rtdl/build/rtdl_demo_webots' returned '0': CMAKE_PREFIX_PATH=${CMAKE_PREFIX_PATH}:/opt/ros/humble /usr/bin/cmake --install /home/mujue/pros/ud/ros2_rtdl/build/rtdl_demo_webots
[0.351s] Level 1:colcon.colcon_core.environment:checking '/home/mujue/pros/ud/ros2_rtdl/install/rtdl_demo_webots' for CMake module files
[0.352s] Level 1:colcon.colcon_core.environment:checking '/home/mujue/pros/ud/ros2_rtdl/install/rtdl_demo_webots' for CMake config files
[0.352s] Level 1:colcon.colcon_core.shell:create_environment_hook('rtdl_demo_webots', 'cmake_prefix_path')
[0.352s] INFO:colcon.colcon_core.shell:Creating environment hook '/home/mujue/pros/ud/ros2_rtdl/install/rtdl_demo_webots/share/rtdl_demo_webots/hook/cmake_prefix_path.ps1'
[0.354s] INFO:colcon.colcon_core.shell:Creating environment descriptor '/home/mujue/pros/ud/ros2_rtdl/install/rtdl_demo_webots/share/rtdl_demo_webots/hook/cmake_prefix_path.dsv'
[0.355s] INFO:colcon.colcon_core.shell:Creating environment hook '/home/mujue/pros/ud/ros2_rtdl/install/rtdl_demo_webots/share/rtdl_demo_webots/hook/cmake_prefix_path.sh'
[0.357s] Level 1:colcon.colcon_core.environment:checking '/home/mujue/pros/ud/ros2_rtdl/install/rtdl_demo_webots/lib'
[0.357s] Level 1:colcon.colcon_core.shell:create_environment_hook('rtdl_demo_webots', 'ld_library_path_lib')
[0.357s] INFO:colcon.colcon_core.shell:Creating environment hook '/home/mujue/pros/ud/ros2_rtdl/install/rtdl_demo_webots/share/rtdl_demo_webots/hook/ld_library_path_lib.ps1'
[0.358s] INFO:colcon.colcon_core.shell:Creating environment descriptor '/home/mujue/pros/ud/ros2_rtdl/install/rtdl_demo_webots/share/rtdl_demo_webots/hook/ld_library_path_lib.dsv'
[0.359s] INFO:colcon.colcon_core.shell:Creating environment hook '/home/mujue/pros/ud/ros2_rtdl/install/rtdl_demo_webots/share/rtdl_demo_webots/hook/ld_library_path_lib.sh'
[0.359s] Level 1:colcon.colcon_core.environment:checking '/home/mujue/pros/ud/ros2_rtdl/install/rtdl_demo_webots/bin'
[0.359s] Level 1:colcon.colcon_core.environment:checking '/home/mujue/pros/ud/ros2_rtdl/install/rtdl_demo_webots/lib/pkgconfig/rtdl_demo_webots.pc'
[0.360s] Level 1:colcon.colcon_core.environment:checking '/home/mujue/pros/ud/ros2_rtdl/install/rtdl_demo_webots/lib/python3.10/site-packages'
[0.360s] Level 1:colcon.colcon_core.environment:checking '/home/mujue/pros/ud/ros2_rtdl/install/rtdl_demo_webots/bin'
[0.361s] INFO:colcon.colcon_core.shell:Creating package script '/home/mujue/pros/ud/ros2_rtdl/install/rtdl_demo_webots/share/rtdl_demo_webots/package.ps1'
[0.362s] INFO:colcon.colcon_core.shell:Creating package descriptor '/home/mujue/pros/ud/ros2_rtdl/install/rtdl_demo_webots/share/rtdl_demo_webots/package.dsv'
[0.362s] INFO:colcon.colcon_core.shell:Creating package script '/home/mujue/pros/ud/ros2_rtdl/install/rtdl_demo_webots/share/rtdl_demo_webots/package.sh'
[0.363s] INFO:colcon.colcon_core.shell:Creating package script '/home/mujue/pros/ud/ros2_rtdl/install/rtdl_demo_webots/share/rtdl_demo_webots/package.bash'
[0.364s] INFO:colcon.colcon_core.shell:Creating package script '/home/mujue/pros/ud/ros2_rtdl/install/rtdl_demo_webots/share/rtdl_demo_webots/package.zsh'
[0.364s] Level 1:colcon.colcon_core.environment:create_file_with_runtime_dependencies(/home/mujue/pros/ud/ros2_rtdl/install/rtdl_demo_webots/share/colcon-core/packages/rtdl_demo_webots)
[0.365s] Level 1:colcon.colcon_core.environment:create_environment_scripts_only(rtdl_demo_webots)
[0.365s] Level 1:colcon.colcon_core.environment:checking '/home/mujue/pros/ud/ros2_rtdl/install/rtdl_demo_webots' for CMake module files
[0.365s] Level 1:colcon.colcon_core.environment:checking '/home/mujue/pros/ud/ros2_rtdl/install/rtdl_demo_webots' for CMake config files
[0.366s] Level 1:colcon.colcon_core.shell:create_environment_hook('rtdl_demo_webots', 'cmake_prefix_path')
[0.366s] INFO:colcon.colcon_core.shell:Creating environment hook '/home/mujue/pros/ud/ros2_rtdl/install/rtdl_demo_webots/share/rtdl_demo_webots/hook/cmake_prefix_path.ps1'
[0.366s] INFO:colcon.colcon_core.shell:Creating environment descriptor '/home/mujue/pros/ud/ros2_rtdl/install/rtdl_demo_webots/share/rtdl_demo_webots/hook/cmake_prefix_path.dsv'
[0.367s] INFO:colcon.colcon_core.shell:Creating environment hook '/home/mujue/pros/ud/ros2_rtdl/install/rtdl_demo_webots/share/rtdl_demo_webots/hook/cmake_prefix_path.sh'
[0.368s] Level 1:colcon.colcon_core.environment:checking '/home/mujue/pros/ud/ros2_rtdl/install/rtdl_demo_webots/lib'
[0.368s] Level 1:colcon.colcon_core.shell:create_environment_hook('rtdl_demo_webots', 'ld_library_path_lib')
[0.368s] INFO:colcon.colcon_core.shell:Creating environment hook '/home/mujue/pros/ud/ros2_rtdl/install/rtdl_demo_webots/share/rtdl_demo_webots/hook/ld_library_path_lib.ps1'
[0.368s] INFO:colcon.colcon_core.shell:Creating environment descriptor '/home/mujue/pros/ud/ros2_rtdl/install/rtdl_demo_webots/share/rtdl_demo_webots/hook/ld_library_path_lib.dsv'
[0.368s] INFO:colcon.colcon_core.shell:Creating environment hook '/home/mujue/pros/ud/ros2_rtdl/install/rtdl_demo_webots/share/rtdl_demo_webots/hook/ld_library_path_lib.sh'
[0.369s] Level 1:colcon.colcon_core.environment:checking '/home/mujue/pros/ud/ros2_rtdl/install/rtdl_demo_webots/bin'
[0.369s] Level 1:colcon.colcon_core.environment:checking '/home/mujue/pros/ud/ros2_rtdl/install/rtdl_demo_webots/lib/pkgconfig/rtdl_demo_webots.pc'
[0.369s] Level 1:colcon.colcon_core.environment:checking '/home/mujue/pros/ud/ros2_rtdl/install/rtdl_demo_webots/lib/python3.10/site-packages'
[0.369s] Level 1:colcon.colcon_core.environment:checking '/home/mujue/pros/ud/ros2_rtdl/install/rtdl_demo_webots/bin'
[0.369s] INFO:colcon.colcon_core.shell:Creating package script '/home/mujue/pros/ud/ros2_rtdl/install/rtdl_demo_webots/share/rtdl_demo_webots/package.ps1'
[0.370s] INFO:colcon.colcon_core.shell:Creating package descriptor '/home/mujue/pros/ud/ros2_rtdl/install/rtdl_demo_webots/share/rtdl_demo_webots/package.dsv'
[0.370s] INFO:colcon.colcon_core.shell:Creating package script '/home/mujue/pros/ud/ros2_rtdl/install/rtdl_demo_webots/share/rtdl_demo_webots/package.sh'
[0.380s] INFO:colcon.colcon_core.shell:Creating package script '/home/mujue/pros/ud/ros2_rtdl/install/rtdl_demo_webots/share/rtdl_demo_webots/package.bash'
[0.380s] INFO:colcon.colcon_core.shell:Creating package script '/home/mujue/pros/ud/ros2_rtdl/install/rtdl_demo_webots/share/rtdl_demo_webots/package.zsh'
[0.381s] Level 1:colcon.colcon_core.environment:create_file_with_runtime_dependencies(/home/mujue/pros/ud/ros2_rtdl/install/rtdl_demo_webots/share/colcon-core/packages/rtdl_demo_webots)
[0.381s] DEBUG:colcon.colcon_parallel_executor.executor.parallel:closing loop
[0.381s] DEBUG:colcon.colcon_parallel_executor.executor.parallel:loop closed
[0.382s] DEBUG:colcon.colcon_parallel_executor.executor.parallel:run_until_complete finished with '0'
[0.382s] DEBUG:colcon.colcon_core.event_reactor:joining thread
[0.389s] INFO:colcon.colcon_core.plugin_system:Skipping extension 'colcon_notification.desktop_notification.terminal_notifier': Not used on non-Darwin systems
[0.389s] INFO:colcon.colcon_core.plugin_system:Skipping extension 'colcon_notification.desktop_notification.win32': Not used on non-Windows systems
[0.389s] INFO:colcon.colcon_notification.desktop_notification:Sending desktop notification using 'notify2'
[0.417s] DEBUG:colcon.colcon_core.event_reactor:joined thread
[0.418s] INFO:colcon.colcon_core.shell:Creating prefix script '/home/mujue/pros/ud/ros2_rtdl/install/local_setup.ps1'
[0.420s] INFO:colcon.colcon_core.shell:Creating prefix util module '/home/mujue/pros/ud/ros2_rtdl/install/_local_setup_util_ps1.py'
[0.423s] INFO:colcon.colcon_core.shell:Creating prefix chain script '/home/mujue/pros/ud/ros2_rtdl/install/setup.ps1'
[0.425s] INFO:colcon.colcon_core.shell:Creating prefix script '/home/mujue/pros/ud/ros2_rtdl/install/local_setup.sh'
[0.426s] INFO:colcon.colcon_core.shell:Creating prefix util module '/home/mujue/pros/ud/ros2_rtdl/install/_local_setup_util_sh.py'
[0.427s] INFO:colcon.colcon_core.shell:Creating prefix chain script '/home/mujue/pros/ud/ros2_rtdl/install/setup.sh'
[0.429s] INFO:colcon.colcon_core.shell:Creating prefix script '/home/mujue/pros/ud/ros2_rtdl/install/local_setup.bash'
[0.429s] INFO:colcon.colcon_core.shell:Creating prefix chain script '/home/mujue/pros/ud/ros2_rtdl/install/setup.bash'
[0.431s] INFO:colcon.colcon_core.shell:Creating prefix script '/home/mujue/pros/ud/ros2_rtdl/install/local_setup.zsh'
[0.432s] INFO:colcon.colcon_core.shell:Creating prefix chain script '/home/mujue/pros/ud/ros2_rtdl/install/setup.zsh'
