-- The C compiler identification is GNU 11.4.0
-- The CXX compiler identification is GNU 11.4.0
-- Detecting C compiler ABI info
-- Detecting C compiler ABI info - done
-- Check for working C compiler: /usr/bin/cc - skipped
-- Detecting C compile features
-- Detecting C compile features - done
-- Detecting CXX compiler ABI info
-- Detecting CXX compiler ABI info - done
-- Check for working CXX compiler: /usr/bin/c++ - skipped
-- Detecting CXX compile features
-- Detecting CXX compile features - done
-- Found ament_cmake: 1.3.13 (/opt/ros/humble/share/ament_cmake/cmake)
-- Found Python3: /usr/bin/python3 (found version "3.10.12") found components: Interpreter 
-- Found rosidl_default_generators: 1.2.0 (/opt/ros/humble/share/rosidl_default_generators/cmake)
-- Using all available rosidl_typesupport_c: rosidl_typesupport_fastrtps_c;rosidl_typesupport_introspection_c
-- Found rosidl_adapter: 3.1.8 (/opt/ros/humble/share/rosidl_adapter/cmake)
-- Using all available rosidl_typesupport_cpp: rosidl_typesupport_fastrtps_cpp;rosidl_typesupport_introspection_cpp
-- Found ament_cmake_ros: 0.10.0 (/opt/ros/humble/share/ament_cmake_ros/cmake)
-- Using all available rosidl_typesupport_c: rosidl_typesupport_fastrtps_c;rosidl_typesupport_introspection_c
-- Using all available rosidl_typesupport_cpp: rosidl_typesupport_fastrtps_cpp;rosidl_typesupport_introspection_cpp
-- Found PythonInterp: /usr/bin/python3 (found suitable version "3.10.12", minimum required is "3.6") 
-- Found python_cmake_module: 0.10.0 (/opt/ros/humble/share/python_cmake_module/cmake)
-- Found PythonLibs: /usr/lib/x86_64-linux-gnu/libpython3.10.so (found suitable version "3.10.12", minimum required is "3.5") 
-- Using PYTHON_EXECUTABLE: /usr/bin/python3
-- Using PYTHON_INCLUDE_DIRS: /usr/include/python3.10
-- Using PYTHON_LIBRARIES: /usr/lib/x86_64-linux-gnu/libpython3.10.so
-- Found PythonExtra: .so  
-- Found ament_lint_auto: 0.12.15 (/opt/ros/humble/share/ament_lint_auto/cmake)
-- Added test 'lint_cmake' to check CMake code style
-- Added test 'xmllint' to check XML markup files
-- Configuring done
-- Generating done
-- Build files have been written to: /home/mujue/pros/ud/ros2_rtdl/build/rtdl_demo_interfaces
[  1%] [34m[1mGenerating C code for ROS interfaces[0m
[  2%] [34m[1mGenerating C++ code for ROS interfaces[0m
[  2%] Built target ament_cmake_python_copy_rtdl_demo_interfaces
running egg_info
creating rtdl_demo_interfaces.egg-info
writing rtdl_demo_interfaces.egg-info/PKG-INFO
writing dependency_links to rtdl_demo_interfaces.egg-info/dependency_links.txt
writing top-level names to rtdl_demo_interfaces.egg-info/top_level.txt
writing manifest file 'rtdl_demo_interfaces.egg-info/SOURCES.txt'
reading manifest file 'rtdl_demo_interfaces.egg-info/SOURCES.txt'
writing manifest file 'rtdl_demo_interfaces.egg-info/SOURCES.txt'
[  2%] Built target ament_cmake_python_build_rtdl_demo_interfaces_egg
[  2%] Built target rtdl_demo_interfaces__cpp
[  3%] [34m[1mGenerating C++ type support dispatch for ROS interfaces[0m
[  4%] [34m[1mGenerating C++ type support for eProsima Fast-RTPS[0m
[  5%] [34m[1mGenerating C++ introspection for ROS interfaces[0m
[  6%] [32mBuilding C object CMakeFiles/rtdl_demo_interfaces__rosidl_generator_c.dir/rosidl_generator_c/rtdl_demo_interfaces/msg/detail/object_state__functions.c.o[0m
[  7%] [32mBuilding C object CMakeFiles/rtdl_demo_interfaces__rosidl_generator_c.dir/rosidl_generator_c/rtdl_demo_interfaces/msg/detail/world_state__functions.c.o[0m
[  8%] [32mBuilding C object CMakeFiles/rtdl_demo_interfaces__rosidl_generator_c.dir/rosidl_generator_c/rtdl_demo_interfaces/srv/detail/check_object_in_room__functions.c.o[0m
[  9%] [32mBuilding C object CMakeFiles/rtdl_demo_interfaces__rosidl_generator_c.dir/rosidl_generator_c/rtdl_demo_interfaces/srv/detail/get_world_state__functions.c.o[0m
[ 10%] [32mBuilding C object CMakeFiles/rtdl_demo_interfaces__rosidl_generator_c.dir/rosidl_generator_c/rtdl_demo_interfaces/srv/detail/nav_to__functions.c.o[0m
[ 11%] [32mBuilding C object CMakeFiles/rtdl_demo_interfaces__rosidl_generator_c.dir/rosidl_generator_c/rtdl_demo_interfaces/srv/detail/pick__functions.c.o[0m
[ 12%] [32mBuilding C object CMakeFiles/rtdl_demo_interfaces__rosidl_generator_c.dir/rosidl_generator_c/rtdl_demo_interfaces/srv/detail/place__functions.c.o[0m
[ 13%] [32mBuilding CXX object CMakeFiles/rtdl_demo_interfaces__rosidl_typesupport_cpp.dir/rosidl_typesupport_cpp/rtdl_demo_interfaces/msg/object_state__type_support.cpp.o[0m
[ 14%] [32mBuilding C object CMakeFiles/rtdl_demo_interfaces__rosidl_generator_c.dir/rosidl_generator_c/rtdl_demo_interfaces/srv/detail/pick_pri__functions.c.o[0m
[ 15%] [32mBuilding C object CMakeFiles/rtdl_demo_interfaces__rosidl_generator_c.dir/rosidl_generator_c/rtdl_demo_interfaces/srv/detail/place_pri__functions.c.o[0m
[ 16%] [32m[1mLinking C shared library librtdl_demo_interfaces__rosidl_generator_c.so[0m
[ 17%] [32mBuilding CXX object CMakeFiles/rtdl_demo_interfaces__rosidl_typesupport_introspection_cpp.dir/rosidl_typesupport_introspection_cpp/rtdl_demo_interfaces/msg/detail/object_state__type_support.cpp.o[0m
[ 17%] Built target rtdl_demo_interfaces__rosidl_generator_c
[ 18%] [32mBuilding CXX object CMakeFiles/rtdl_demo_interfaces__rosidl_typesupport_fastrtps_cpp.dir/rosidl_typesupport_fastrtps_cpp/rtdl_demo_interfaces/msg/detail/dds_fastrtps/object_state__type_support.cpp.o[0m
[ 20%] [32mBuilding CXX object CMakeFiles/rtdl_demo_interfaces__rosidl_typesupport_introspection_cpp.dir/rosidl_typesupport_introspection_cpp/rtdl_demo_interfaces/msg/detail/world_state__type_support.cpp.o[0m
[ 21%] [32mBuilding CXX object CMakeFiles/rtdl_demo_interfaces__rosidl_typesupport_cpp.dir/rosidl_typesupport_cpp/rtdl_demo_interfaces/msg/world_state__type_support.cpp.o[0m
[ 22%] [32mBuilding CXX object CMakeFiles/rtdl_demo_interfaces__rosidl_typesupport_cpp.dir/rosidl_typesupport_cpp/rtdl_demo_interfaces/srv/check_object_in_room__type_support.cpp.o[0m
[ 24%] [32mBuilding CXX object CMakeFiles/rtdl_demo_interfaces__rosidl_typesupport_fastrtps_cpp.dir/rosidl_typesupport_fastrtps_cpp/rtdl_demo_interfaces/msg/detail/dds_fastrtps/world_state__type_support.cpp.o[0m
[ 24%] [32mBuilding CXX object CMakeFiles/rtdl_demo_interfaces__rosidl_typesupport_cpp.dir/rosidl_typesupport_cpp/rtdl_demo_interfaces/srv/get_world_state__type_support.cpp.o[0m
[ 25%] [32mBuilding CXX object CMakeFiles/rtdl_demo_interfaces__rosidl_typesupport_introspection_cpp.dir/rosidl_typesupport_introspection_cpp/rtdl_demo_interfaces/srv/detail/check_object_in_room__type_support.cpp.o[0m
[ 26%] [32mBuilding CXX object CMakeFiles/rtdl_demo_interfaces__rosidl_typesupport_introspection_cpp.dir/rosidl_typesupport_introspection_cpp/rtdl_demo_interfaces/srv/detail/get_world_state__type_support.cpp.o[0m
[ 27%] [32mBuilding CXX object CMakeFiles/rtdl_demo_interfaces__rosidl_typesupport_cpp.dir/rosidl_typesupport_cpp/rtdl_demo_interfaces/srv/nav_to__type_support.cpp.o[0m
[ 28%] [34m[1mGenerating C type support for eProsima Fast-RTPS[0m
[ 29%] [32mBuilding CXX object CMakeFiles/rtdl_demo_interfaces__rosidl_typesupport_fastrtps_cpp.dir/rosidl_typesupport_fastrtps_cpp/rtdl_demo_interfaces/srv/detail/dds_fastrtps/check_object_in_room__type_support.cpp.o[0m
[ 30%] [32mBuilding CXX object CMakeFiles/rtdl_demo_interfaces__rosidl_typesupport_cpp.dir/rosidl_typesupport_cpp/rtdl_demo_interfaces/srv/pick__type_support.cpp.o[0m
[ 31%] [32mBuilding CXX object CMakeFiles/rtdl_demo_interfaces__rosidl_typesupport_introspection_cpp.dir/rosidl_typesupport_introspection_cpp/rtdl_demo_interfaces/srv/detail/nav_to__type_support.cpp.o[0m
[ 32%] [32mBuilding CXX object CMakeFiles/rtdl_demo_interfaces__rosidl_typesupport_cpp.dir/rosidl_typesupport_cpp/rtdl_demo_interfaces/srv/place__type_support.cpp.o[0m
[ 33%] [32mBuilding CXX object CMakeFiles/rtdl_demo_interfaces__rosidl_typesupport_fastrtps_cpp.dir/rosidl_typesupport_fastrtps_cpp/rtdl_demo_interfaces/srv/detail/dds_fastrtps/get_world_state__type_support.cpp.o[0m
[ 34%] [32mBuilding CXX object CMakeFiles/rtdl_demo_interfaces__rosidl_typesupport_introspection_cpp.dir/rosidl_typesupport_introspection_cpp/rtdl_demo_interfaces/srv/detail/pick__type_support.cpp.o[0m
[ 35%] [32mBuilding CXX object CMakeFiles/rtdl_demo_interfaces__rosidl_typesupport_cpp.dir/rosidl_typesupport_cpp/rtdl_demo_interfaces/srv/pick_pri__type_support.cpp.o[0m
[ 36%] [32mBuilding CXX object CMakeFiles/rtdl_demo_interfaces__rosidl_typesupport_fastrtps_c.dir/rosidl_typesupport_fastrtps_c/rtdl_demo_interfaces/msg/detail/object_state__type_support_c.cpp.o[0m
[ 37%] [32mBuilding CXX object CMakeFiles/rtdl_demo_interfaces__rosidl_typesupport_fastrtps_cpp.dir/rosidl_typesupport_fastrtps_cpp/rtdl_demo_interfaces/srv/detail/dds_fastrtps/nav_to__type_support.cpp.o[0m
[ 38%] [32mBuilding CXX object CMakeFiles/rtdl_demo_interfaces__rosidl_typesupport_introspection_cpp.dir/rosidl_typesupport_introspection_cpp/rtdl_demo_interfaces/srv/detail/place__type_support.cpp.o[0m
[ 40%] [32mBuilding CXX object CMakeFiles/rtdl_demo_interfaces__rosidl_typesupport_cpp.dir/rosidl_typesupport_cpp/rtdl_demo_interfaces/srv/place_pri__type_support.cpp.o[0m
[ 41%] [32mBuilding CXX object CMakeFiles/rtdl_demo_interfaces__rosidl_typesupport_fastrtps_c.dir/rosidl_typesupport_fastrtps_c/rtdl_demo_interfaces/msg/detail/world_state__type_support_c.cpp.o[0m
[ 42%] [32m[1mLinking CXX shared library librtdl_demo_interfaces__rosidl_typesupport_cpp.so[0m
[ 43%] [32mBuilding CXX object CMakeFiles/rtdl_demo_interfaces__rosidl_typesupport_fastrtps_cpp.dir/rosidl_typesupport_fastrtps_cpp/rtdl_demo_interfaces/srv/detail/dds_fastrtps/pick__type_support.cpp.o[0m
[ 43%] Built target rtdl_demo_interfaces__rosidl_typesupport_cpp
[ 44%] [32mBuilding CXX object CMakeFiles/rtdl_demo_interfaces__rosidl_typesupport_introspection_cpp.dir/rosidl_typesupport_introspection_cpp/rtdl_demo_interfaces/srv/detail/pick_pri__type_support.cpp.o[0m
[ 45%] [32mBuilding CXX object CMakeFiles/rtdl_demo_interfaces__rosidl_typesupport_fastrtps_cpp.dir/rosidl_typesupport_fastrtps_cpp/rtdl_demo_interfaces/srv/detail/dds_fastrtps/place__type_support.cpp.o[0m
[ 46%] [32mBuilding CXX object CMakeFiles/rtdl_demo_interfaces__rosidl_typesupport_fastrtps_c.dir/rosidl_typesupport_fastrtps_c/rtdl_demo_interfaces/srv/detail/check_object_in_room__type_support_c.cpp.o[0m
[ 47%] [32mBuilding CXX object CMakeFiles/rtdl_demo_interfaces__rosidl_typesupport_fastrtps_c.dir/rosidl_typesupport_fastrtps_c/rtdl_demo_interfaces/srv/detail/get_world_state__type_support_c.cpp.o[0m
[ 48%] [32mBuilding CXX object CMakeFiles/rtdl_demo_interfaces__rosidl_typesupport_introspection_cpp.dir/rosidl_typesupport_introspection_cpp/rtdl_demo_interfaces/srv/detail/place_pri__type_support.cpp.o[0m
[ 49%] [32mBuilding CXX object CMakeFiles/rtdl_demo_interfaces__rosidl_typesupport_fastrtps_cpp.dir/rosidl_typesupport_fastrtps_cpp/rtdl_demo_interfaces/srv/detail/dds_fastrtps/pick_pri__type_support.cpp.o[0m
[ 50%] [34m[1mGenerating C introspection for ROS interfaces[0m
[ 51%] [32mBuilding CXX object CMakeFiles/rtdl_demo_interfaces__rosidl_typesupport_fastrtps_c.dir/rosidl_typesupport_fastrtps_c/rtdl_demo_interfaces/srv/detail/nav_to__type_support_c.cpp.o[0m
[ 52%] [32m[1mLinking CXX shared library librtdl_demo_interfaces__rosidl_typesupport_introspection_cpp.so[0m
[ 53%] [32mBuilding CXX object CMakeFiles/rtdl_demo_interfaces__rosidl_typesupport_fastrtps_cpp.dir/rosidl_typesupport_fastrtps_cpp/rtdl_demo_interfaces/srv/detail/dds_fastrtps/place_pri__type_support.cpp.o[0m
[ 53%] Built target rtdl_demo_interfaces__rosidl_typesupport_introspection_cpp
[ 54%] [32mBuilding CXX object CMakeFiles/rtdl_demo_interfaces__rosidl_typesupport_fastrtps_c.dir/rosidl_typesupport_fastrtps_c/rtdl_demo_interfaces/srv/detail/pick__type_support_c.cpp.o[0m
[ 55%] [34m[1mGenerating C type support dispatch for ROS interfaces[0m
[ 56%] [32mBuilding C object CMakeFiles/rtdl_demo_interfaces__rosidl_typesupport_introspection_c.dir/rosidl_typesupport_introspection_c/rtdl_demo_interfaces/msg/detail/object_state__type_support.c.o[0m
[ 57%] [32mBuilding C object CMakeFiles/rtdl_demo_interfaces__rosidl_typesupport_introspection_c.dir/rosidl_typesupport_introspection_c/rtdl_demo_interfaces/msg/detail/world_state__type_support.c.o[0m
[ 58%] [32mBuilding CXX object CMakeFiles/rtdl_demo_interfaces__rosidl_typesupport_fastrtps_c.dir/rosidl_typesupport_fastrtps_c/rtdl_demo_interfaces/srv/detail/place__type_support_c.cpp.o[0m
[ 60%] [32m[1mLinking CXX shared library librtdl_demo_interfaces__rosidl_typesupport_fastrtps_cpp.so[0m
[ 61%] [32mBuilding C object CMakeFiles/rtdl_demo_interfaces__rosidl_typesupport_introspection_c.dir/rosidl_typesupport_introspection_c/rtdl_demo_interfaces/srv/detail/check_object_in_room__type_support.c.o[0m
[ 62%] [32mBuilding C object CMakeFiles/rtdl_demo_interfaces__rosidl_typesupport_introspection_c.dir/rosidl_typesupport_introspection_c/rtdl_demo_interfaces/srv/detail/get_world_state__type_support.c.o[0m
[ 63%] [32mBuilding C object CMakeFiles/rtdl_demo_interfaces__rosidl_typesupport_introspection_c.dir/rosidl_typesupport_introspection_c/rtdl_demo_interfaces/srv/detail/nav_to__type_support.c.o[0m
[ 63%] Built target rtdl_demo_interfaces__rosidl_typesupport_fastrtps_cpp
[ 64%] [32mBuilding CXX object CMakeFiles/rtdl_demo_interfaces__rosidl_typesupport_fastrtps_c.dir/rosidl_typesupport_fastrtps_c/rtdl_demo_interfaces/srv/detail/pick_pri__type_support_c.cpp.o[0m
[ 65%] [32mBuilding C object CMakeFiles/rtdl_demo_interfaces__rosidl_typesupport_introspection_c.dir/rosidl_typesupport_introspection_c/rtdl_demo_interfaces/srv/detail/pick__type_support.c.o[0m
[ 66%] [32mBuilding C object CMakeFiles/rtdl_demo_interfaces__rosidl_typesupport_introspection_c.dir/rosidl_typesupport_introspection_c/rtdl_demo_interfaces/srv/detail/place__type_support.c.o[0m
[ 67%] [32mBuilding C object CMakeFiles/rtdl_demo_interfaces__rosidl_typesupport_introspection_c.dir/rosidl_typesupport_introspection_c/rtdl_demo_interfaces/srv/detail/pick_pri__type_support.c.o[0m
[ 68%] [32mBuilding CXX object CMakeFiles/rtdl_demo_interfaces__rosidl_typesupport_c.dir/rosidl_typesupport_c/rtdl_demo_interfaces/msg/object_state__type_support.cpp.o[0m
[ 69%] [32mBuilding C object CMakeFiles/rtdl_demo_interfaces__rosidl_typesupport_introspection_c.dir/rosidl_typesupport_introspection_c/rtdl_demo_interfaces/srv/detail/place_pri__type_support.c.o[0m
[ 70%] [32mBuilding CXX object CMakeFiles/rtdl_demo_interfaces__rosidl_typesupport_c.dir/rosidl_typesupport_c/rtdl_demo_interfaces/msg/world_state__type_support.cpp.o[0m
[ 71%] [32mBuilding CXX object CMakeFiles/rtdl_demo_interfaces__rosidl_typesupport_c.dir/rosidl_typesupport_c/rtdl_demo_interfaces/srv/check_object_in_room__type_support.cpp.o[0m
[ 72%] [32m[1mLinking C shared library librtdl_demo_interfaces__rosidl_typesupport_introspection_c.so[0m
[ 73%] [32mBuilding CXX object CMakeFiles/rtdl_demo_interfaces__rosidl_typesupport_c.dir/rosidl_typesupport_c/rtdl_demo_interfaces/srv/get_world_state__type_support.cpp.o[0m
[ 74%] [32mBuilding CXX object CMakeFiles/rtdl_demo_interfaces__rosidl_typesupport_c.dir/rosidl_typesupport_c/rtdl_demo_interfaces/srv/nav_to__type_support.cpp.o[0m
[ 75%] [32mBuilding CXX object CMakeFiles/rtdl_demo_interfaces__rosidl_typesupport_c.dir/rosidl_typesupport_c/rtdl_demo_interfaces/srv/pick__type_support.cpp.o[0m
[ 75%] Built target rtdl_demo_interfaces__rosidl_typesupport_introspection_c
[ 76%] [32mBuilding CXX object CMakeFiles/rtdl_demo_interfaces__rosidl_typesupport_c.dir/rosidl_typesupport_c/rtdl_demo_interfaces/srv/place__type_support.cpp.o[0m
[ 77%] [32mBuilding CXX object CMakeFiles/rtdl_demo_interfaces__rosidl_typesupport_c.dir/rosidl_typesupport_c/rtdl_demo_interfaces/srv/pick_pri__type_support.cpp.o[0m
[ 78%] [32mBuilding CXX object CMakeFiles/rtdl_demo_interfaces__rosidl_typesupport_c.dir/rosidl_typesupport_c/rtdl_demo_interfaces/srv/place_pri__type_support.cpp.o[0m
[ 80%] [32mBuilding CXX object CMakeFiles/rtdl_demo_interfaces__rosidl_typesupport_fastrtps_c.dir/rosidl_typesupport_fastrtps_c/rtdl_demo_interfaces/srv/detail/place_pri__type_support_c.cpp.o[0m
[ 81%] [32m[1mLinking CXX shared library librtdl_demo_interfaces__rosidl_typesupport_c.so[0m
[ 81%] Built target rtdl_demo_interfaces__rosidl_typesupport_c
[ 82%] [32m[1mLinking CXX shared library librtdl_demo_interfaces__rosidl_typesupport_fastrtps_c.so[0m
[ 82%] Built target rtdl_demo_interfaces__rosidl_typesupport_fastrtps_c
[ 82%] Built target rtdl_demo_interfaces
[ 83%] [34m[1mGenerating Python code for ROS interfaces[0m
[ 83%] Built target rtdl_demo_interfaces__py
[ 85%] [32mBuilding C object CMakeFiles/rtdl_demo_interfaces__rosidl_generator_py.dir/rosidl_generator_py/rtdl_demo_interfaces/msg/_world_state_s.c.o[0m
[ 85%] [32mBuilding C object CMakeFiles/rtdl_demo_interfaces__rosidl_generator_py.dir/rosidl_generator_py/rtdl_demo_interfaces/msg/_object_state_s.c.o[0m
[ 86%] [32mBuilding C object CMakeFiles/rtdl_demo_interfaces__rosidl_generator_py.dir/rosidl_generator_py/rtdl_demo_interfaces/srv/_check_object_in_room_s.c.o[0m
[ 87%] [32mBuilding C object CMakeFiles/rtdl_demo_interfaces__rosidl_generator_py.dir/rosidl_generator_py/rtdl_demo_interfaces/srv/_get_world_state_s.c.o[0m
[ 91%] [32mBuilding C object CMakeFiles/rtdl_demo_interfaces__rosidl_generator_py.dir/rosidl_generator_py/rtdl_demo_interfaces/srv/_pick_pri_s.c.o[0m
[ 91%] [32mBuilding C object CMakeFiles/rtdl_demo_interfaces__rosidl_generator_py.dir/rosidl_generator_py/rtdl_demo_interfaces/srv/_pick_s.c.o[0m
[ 91%] [32mBuilding C object CMakeFiles/rtdl_demo_interfaces__rosidl_generator_py.dir/rosidl_generator_py/rtdl_demo_interfaces/srv/_nav_to_s.c.o[0m
[ 91%] [32mBuilding C object CMakeFiles/rtdl_demo_interfaces__rosidl_generator_py.dir/rosidl_generator_py/rtdl_demo_interfaces/srv/_place_s.c.o[0m
[ 92%] [32mBuilding C object CMakeFiles/rtdl_demo_interfaces__rosidl_generator_py.dir/rosidl_generator_py/rtdl_demo_interfaces/srv/_place_pri_s.c.o[0m
[ 93%] [32m[1mLinking C shared library rosidl_generator_py/rtdl_demo_interfaces/librtdl_demo_interfaces__rosidl_generator_py.so[0m
[ 93%] Built target rtdl_demo_interfaces__rosidl_generator_py
[ 94%] [32mBuilding C object CMakeFiles/rtdl_demo_interfaces__rosidl_typesupport_introspection_c__pyext.dir/rosidl_generator_py/rtdl_demo_interfaces/_rtdl_demo_interfaces_s.ep.rosidl_typesupport_introspection_c.c.o[0m
[ 95%] [32mBuilding C object CMakeFiles/rtdl_demo_interfaces__rosidl_typesupport_c__pyext.dir/rosidl_generator_py/rtdl_demo_interfaces/_rtdl_demo_interfaces_s.ep.rosidl_typesupport_c.c.o[0m
[ 96%] [32mBuilding C object CMakeFiles/rtdl_demo_interfaces__rosidl_typesupport_fastrtps_c__pyext.dir/rosidl_generator_py/rtdl_demo_interfaces/_rtdl_demo_interfaces_s.ep.rosidl_typesupport_fastrtps_c.c.o[0m
[ 98%] [32m[1mLinking C shared library rosidl_generator_py/rtdl_demo_interfaces/rtdl_demo_interfaces_s__rosidl_typesupport_fastrtps_c.cpython-310-x86_64-linux-gnu.so[0m
[ 98%] [32m[1mLinking C shared library rosidl_generator_py/rtdl_demo_interfaces/rtdl_demo_interfaces_s__rosidl_typesupport_introspection_c.cpython-310-x86_64-linux-gnu.so[0m
[100%] [32m[1mLinking C shared library rosidl_generator_py/rtdl_demo_interfaces/rtdl_demo_interfaces_s__rosidl_typesupport_c.cpython-310-x86_64-linux-gnu.so[0m
[100%] Built target rtdl_demo_interfaces__rosidl_typesupport_c__pyext
[100%] Built target rtdl_demo_interfaces__rosidl_typesupport_fastrtps_c__pyext
[100%] Built target rtdl_demo_interfaces__rosidl_typesupport_introspection_c__pyext
-- Install configuration: ""
-- Installing: /home/mujue/pros/ud/ros2_rtdl/install/rtdl_demo_interfaces/share/ament_index/resource_index/rosidl_interfaces/rtdl_demo_interfaces
-- Installing: /home/mujue/pros/ud/ros2_rtdl/install/rtdl_demo_interfaces/include/rtdl_demo_interfaces/rtdl_demo_interfaces
-- Installing: /home/mujue/pros/ud/ros2_rtdl/install/rtdl_demo_interfaces/include/rtdl_demo_interfaces/rtdl_demo_interfaces/msg
-- Installing: /home/mujue/pros/ud/ros2_rtdl/install/rtdl_demo_interfaces/include/rtdl_demo_interfaces/rtdl_demo_interfaces/msg/world_state.h
-- Installing: /home/mujue/pros/ud/ros2_rtdl/install/rtdl_demo_interfaces/include/rtdl_demo_interfaces/rtdl_demo_interfaces/msg/detail
-- Installing: /home/mujue/pros/ud/ros2_rtdl/install/rtdl_demo_interfaces/include/rtdl_demo_interfaces/rtdl_demo_interfaces/msg/detail/world_state__struct.h
-- Installing: /home/mujue/pros/ud/ros2_rtdl/install/rtdl_demo_interfaces/include/rtdl_demo_interfaces/rtdl_demo_interfaces/msg/detail/object_state__type_support.h
-- Installing: /home/mujue/pros/ud/ros2_rtdl/install/rtdl_demo_interfaces/include/rtdl_demo_interfaces/rtdl_demo_interfaces/msg/detail/object_state__struct.h
-- Installing: /home/mujue/pros/ud/ros2_rtdl/install/rtdl_demo_interfaces/include/rtdl_demo_interfaces/rtdl_demo_interfaces/msg/detail/object_state__functions.c
-- Installing: /home/mujue/pros/ud/ros2_rtdl/install/rtdl_demo_interfaces/include/rtdl_demo_interfaces/rtdl_demo_interfaces/msg/detail/world_state__functions.h
-- Installing: /home/mujue/pros/ud/ros2_rtdl/install/rtdl_demo_interfaces/include/rtdl_demo_interfaces/rtdl_demo_interfaces/msg/detail/object_state__functions.h
-- Installing: /home/mujue/pros/ud/ros2_rtdl/install/rtdl_demo_interfaces/include/rtdl_demo_interfaces/rtdl_demo_interfaces/msg/detail/world_state__functions.c
-- Installing: /home/mujue/pros/ud/ros2_rtdl/install/rtdl_demo_interfaces/include/rtdl_demo_interfaces/rtdl_demo_interfaces/msg/detail/world_state__type_support.h
-- Installing: /home/mujue/pros/ud/ros2_rtdl/install/rtdl_demo_interfaces/include/rtdl_demo_interfaces/rtdl_demo_interfaces/msg/object_state.h
-- Installing: /home/mujue/pros/ud/ros2_rtdl/install/rtdl_demo_interfaces/include/rtdl_demo_interfaces/rtdl_demo_interfaces/msg/rosidl_generator_c__visibility_control.h
-- Installing: /home/mujue/pros/ud/ros2_rtdl/install/rtdl_demo_interfaces/include/rtdl_demo_interfaces/rtdl_demo_interfaces/srv
-- Installing: /home/mujue/pros/ud/ros2_rtdl/install/rtdl_demo_interfaces/include/rtdl_demo_interfaces/rtdl_demo_interfaces/srv/check_object_in_room.h
-- Installing: /home/mujue/pros/ud/ros2_rtdl/install/rtdl_demo_interfaces/include/rtdl_demo_interfaces/rtdl_demo_interfaces/srv/place_pri.h
-- Installing: /home/mujue/pros/ud/ros2_rtdl/install/rtdl_demo_interfaces/include/rtdl_demo_interfaces/rtdl_demo_interfaces/srv/nav_to.h
-- Installing: /home/mujue/pros/ud/ros2_rtdl/install/rtdl_demo_interfaces/include/rtdl_demo_interfaces/rtdl_demo_interfaces/srv/detail
-- Installing: /home/mujue/pros/ud/ros2_rtdl/install/rtdl_demo_interfaces/include/rtdl_demo_interfaces/rtdl_demo_interfaces/srv/detail/nav_to__functions.c
-- Installing: /home/mujue/pros/ud/ros2_rtdl/install/rtdl_demo_interfaces/include/rtdl_demo_interfaces/rtdl_demo_interfaces/srv/detail/check_object_in_room__functions.c
-- Installing: /home/mujue/pros/ud/ros2_rtdl/install/rtdl_demo_interfaces/include/rtdl_demo_interfaces/rtdl_demo_interfaces/srv/detail/place__functions.c
-- Installing: /home/mujue/pros/ud/ros2_rtdl/install/rtdl_demo_interfaces/include/rtdl_demo_interfaces/rtdl_demo_interfaces/srv/detail/place_pri__struct.h
-- Installing: /home/mujue/pros/ud/ros2_rtdl/install/rtdl_demo_interfaces/include/rtdl_demo_interfaces/rtdl_demo_interfaces/srv/detail/get_world_state__functions.c
-- Installing: /home/mujue/pros/ud/ros2_rtdl/install/rtdl_demo_interfaces/include/rtdl_demo_interfaces/rtdl_demo_interfaces/srv/detail/place_pri__type_support.h
-- Installing: /home/mujue/pros/ud/ros2_rtdl/install/rtdl_demo_interfaces/include/rtdl_demo_interfaces/rtdl_demo_interfaces/srv/detail/nav_to__type_support.h
-- Installing: /home/mujue/pros/ud/ros2_rtdl/install/rtdl_demo_interfaces/include/rtdl_demo_interfaces/rtdl_demo_interfaces/srv/detail/place_pri__functions.c
-- Installing: /home/mujue/pros/ud/ros2_rtdl/install/rtdl_demo_interfaces/include/rtdl_demo_interfaces/rtdl_demo_interfaces/srv/detail/pick__functions.c
-- Installing: /home/mujue/pros/ud/ros2_rtdl/install/rtdl_demo_interfaces/include/rtdl_demo_interfaces/rtdl_demo_interfaces/srv/detail/place__struct.h
-- Installing: /home/mujue/pros/ud/ros2_rtdl/install/rtdl_demo_interfaces/include/rtdl_demo_interfaces/rtdl_demo_interfaces/srv/detail/pick_pri__type_support.h
-- Installing: /home/mujue/pros/ud/ros2_rtdl/install/rtdl_demo_interfaces/include/rtdl_demo_interfaces/rtdl_demo_interfaces/srv/detail/pick_pri__struct.h
-- Installing: /home/mujue/pros/ud/ros2_rtdl/install/rtdl_demo_interfaces/include/rtdl_demo_interfaces/rtdl_demo_interfaces/srv/detail/pick__functions.h
-- Installing: /home/mujue/pros/ud/ros2_rtdl/install/rtdl_demo_interfaces/include/rtdl_demo_interfaces/rtdl_demo_interfaces/srv/detail/check_object_in_room__struct.h
-- Installing: /home/mujue/pros/ud/ros2_rtdl/install/rtdl_demo_interfaces/include/rtdl_demo_interfaces/rtdl_demo_interfaces/srv/detail/place__functions.h
-- Installing: /home/mujue/pros/ud/ros2_rtdl/install/rtdl_demo_interfaces/include/rtdl_demo_interfaces/rtdl_demo_interfaces/srv/detail/check_object_in_room__type_support.h
-- Installing: /home/mujue/pros/ud/ros2_rtdl/install/rtdl_demo_interfaces/include/rtdl_demo_interfaces/rtdl_demo_interfaces/srv/detail/get_world_state__struct.h
-- Installing: /home/mujue/pros/ud/ros2_rtdl/install/rtdl_demo_interfaces/include/rtdl_demo_interfaces/rtdl_demo_interfaces/srv/detail/nav_to__functions.h
-- Installing: /home/mujue/pros/ud/ros2_rtdl/install/rtdl_demo_interfaces/include/rtdl_demo_interfaces/rtdl_demo_interfaces/srv/detail/get_world_state__functions.h
-- Installing: /home/mujue/pros/ud/ros2_rtdl/install/rtdl_demo_interfaces/include/rtdl_demo_interfaces/rtdl_demo_interfaces/srv/detail/pick__struct.h
-- Installing: /home/mujue/pros/ud/ros2_rtdl/install/rtdl_demo_interfaces/include/rtdl_demo_interfaces/rtdl_demo_interfaces/srv/detail/place__type_support.h
-- Installing: /home/mujue/pros/ud/ros2_rtdl/install/rtdl_demo_interfaces/include/rtdl_demo_interfaces/rtdl_demo_interfaces/srv/detail/check_object_in_room__functions.h
-- Installing: /home/mujue/pros/ud/ros2_rtdl/install/rtdl_demo_interfaces/include/rtdl_demo_interfaces/rtdl_demo_interfaces/srv/detail/get_world_state__type_support.h
-- Installing: /home/mujue/pros/ud/ros2_rtdl/install/rtdl_demo_interfaces/include/rtdl_demo_interfaces/rtdl_demo_interfaces/srv/detail/pick__type_support.h
-- Installing: /home/mujue/pros/ud/ros2_rtdl/install/rtdl_demo_interfaces/include/rtdl_demo_interfaces/rtdl_demo_interfaces/srv/detail/nav_to__struct.h
-- Installing: /home/mujue/pros/ud/ros2_rtdl/install/rtdl_demo_interfaces/include/rtdl_demo_interfaces/rtdl_demo_interfaces/srv/detail/place_pri__functions.h
-- Installing: /home/mujue/pros/ud/ros2_rtdl/install/rtdl_demo_interfaces/include/rtdl_demo_interfaces/rtdl_demo_interfaces/srv/detail/pick_pri__functions.c
-- Installing: /home/mujue/pros/ud/ros2_rtdl/install/rtdl_demo_interfaces/include/rtdl_demo_interfaces/rtdl_demo_interfaces/srv/detail/pick_pri__functions.h
-- Installing: /home/mujue/pros/ud/ros2_rtdl/install/rtdl_demo_interfaces/include/rtdl_demo_interfaces/rtdl_demo_interfaces/srv/place.h
-- Installing: /home/mujue/pros/ud/ros2_rtdl/install/rtdl_demo_interfaces/include/rtdl_demo_interfaces/rtdl_demo_interfaces/srv/pick_pri.h
-- Installing: /home/mujue/pros/ud/ros2_rtdl/install/rtdl_demo_interfaces/include/rtdl_demo_interfaces/rtdl_demo_interfaces/srv/get_world_state.h
-- Installing: /home/mujue/pros/ud/ros2_rtdl/install/rtdl_demo_interfaces/include/rtdl_demo_interfaces/rtdl_demo_interfaces/srv/pick.h
-- Installing: /home/mujue/pros/ud/ros2_rtdl/install/rtdl_demo_interfaces/share/rtdl_demo_interfaces/environment/library_path.sh
-- Installing: /home/mujue/pros/ud/ros2_rtdl/install/rtdl_demo_interfaces/share/rtdl_demo_interfaces/environment/library_path.dsv
-- Installing: /home/mujue/pros/ud/ros2_rtdl/install/rtdl_demo_interfaces/lib/librtdl_demo_interfaces__rosidl_generator_c.so
-- Set runtime path of "/home/mujue/pros/ud/ros2_rtdl/install/rtdl_demo_interfaces/lib/librtdl_demo_interfaces__rosidl_generator_c.so" to ""
-- Up-to-date: /home/mujue/pros/ud/ros2_rtdl/install/rtdl_demo_interfaces/include/rtdl_demo_interfaces/rtdl_demo_interfaces
-- Up-to-date: /home/mujue/pros/ud/ros2_rtdl/install/rtdl_demo_interfaces/include/rtdl_demo_interfaces/rtdl_demo_interfaces/msg
-- Up-to-date: /home/mujue/pros/ud/ros2_rtdl/install/rtdl_demo_interfaces/include/rtdl_demo_interfaces/rtdl_demo_interfaces/msg/detail
-- Installing: /home/mujue/pros/ud/ros2_rtdl/install/rtdl_demo_interfaces/include/rtdl_demo_interfaces/rtdl_demo_interfaces/msg/detail/object_state__rosidl_typesupport_fastrtps_c.h
-- Installing: /home/mujue/pros/ud/ros2_rtdl/install/rtdl_demo_interfaces/include/rtdl_demo_interfaces/rtdl_demo_interfaces/msg/detail/world_state__rosidl_typesupport_fastrtps_c.h
-- Installing: /home/mujue/pros/ud/ros2_rtdl/install/rtdl_demo_interfaces/include/rtdl_demo_interfaces/rtdl_demo_interfaces/msg/rosidl_typesupport_fastrtps_c__visibility_control.h
-- Up-to-date: /home/mujue/pros/ud/ros2_rtdl/install/rtdl_demo_interfaces/include/rtdl_demo_interfaces/rtdl_demo_interfaces/srv
-- Up-to-date: /home/mujue/pros/ud/ros2_rtdl/install/rtdl_demo_interfaces/include/rtdl_demo_interfaces/rtdl_demo_interfaces/srv/detail
-- Installing: /home/mujue/pros/ud/ros2_rtdl/install/rtdl_demo_interfaces/include/rtdl_demo_interfaces/rtdl_demo_interfaces/srv/detail/nav_to__rosidl_typesupport_fastrtps_c.h
-- Installing: /home/mujue/pros/ud/ros2_rtdl/install/rtdl_demo_interfaces/include/rtdl_demo_interfaces/rtdl_demo_interfaces/srv/detail/pick_pri__rosidl_typesupport_fastrtps_c.h
-- Installing: /home/mujue/pros/ud/ros2_rtdl/install/rtdl_demo_interfaces/include/rtdl_demo_interfaces/rtdl_demo_interfaces/srv/detail/get_world_state__rosidl_typesupport_fastrtps_c.h
-- Installing: /home/mujue/pros/ud/ros2_rtdl/install/rtdl_demo_interfaces/include/rtdl_demo_interfaces/rtdl_demo_interfaces/srv/detail/place__rosidl_typesupport_fastrtps_c.h
-- Installing: /home/mujue/pros/ud/ros2_rtdl/install/rtdl_demo_interfaces/include/rtdl_demo_interfaces/rtdl_demo_interfaces/srv/detail/place_pri__rosidl_typesupport_fastrtps_c.h
-- Installing: /home/mujue/pros/ud/ros2_rtdl/install/rtdl_demo_interfaces/include/rtdl_demo_interfaces/rtdl_demo_interfaces/srv/detail/check_object_in_room__rosidl_typesupport_fastrtps_c.h
-- Installing: /home/mujue/pros/ud/ros2_rtdl/install/rtdl_demo_interfaces/include/rtdl_demo_interfaces/rtdl_demo_interfaces/srv/detail/pick__rosidl_typesupport_fastrtps_c.h
-- Installing: /home/mujue/pros/ud/ros2_rtdl/install/rtdl_demo_interfaces/lib/librtdl_demo_interfaces__rosidl_typesupport_fastrtps_c.so
-- Set runtime path of "/home/mujue/pros/ud/ros2_rtdl/install/rtdl_demo_interfaces/lib/librtdl_demo_interfaces__rosidl_typesupport_fastrtps_c.so" to ""
-- Up-to-date: /home/mujue/pros/ud/ros2_rtdl/install/rtdl_demo_interfaces/include/rtdl_demo_interfaces/rtdl_demo_interfaces
-- Up-to-date: /home/mujue/pros/ud/ros2_rtdl/install/rtdl_demo_interfaces/include/rtdl_demo_interfaces/rtdl_demo_interfaces/msg
-- Installing: /home/mujue/pros/ud/ros2_rtdl/install/rtdl_demo_interfaces/include/rtdl_demo_interfaces/rtdl_demo_interfaces/msg/rosidl_typesupport_introspection_c__visibility_control.h
-- Up-to-date: /home/mujue/pros/ud/ros2_rtdl/install/rtdl_demo_interfaces/include/rtdl_demo_interfaces/rtdl_demo_interfaces/msg/detail
-- Installing: /home/mujue/pros/ud/ros2_rtdl/install/rtdl_demo_interfaces/include/rtdl_demo_interfaces/rtdl_demo_interfaces/msg/detail/world_state__rosidl_typesupport_introspection_c.h
-- Installing: /home/mujue/pros/ud/ros2_rtdl/install/rtdl_demo_interfaces/include/rtdl_demo_interfaces/rtdl_demo_interfaces/msg/detail/object_state__rosidl_typesupport_introspection_c.h
-- Installing: /home/mujue/pros/ud/ros2_rtdl/install/rtdl_demo_interfaces/include/rtdl_demo_interfaces/rtdl_demo_interfaces/msg/detail/object_state__type_support.c
-- Installing: /home/mujue/pros/ud/ros2_rtdl/install/rtdl_demo_interfaces/include/rtdl_demo_interfaces/rtdl_demo_interfaces/msg/detail/world_state__type_support.c
-- Up-to-date: /home/mujue/pros/ud/ros2_rtdl/install/rtdl_demo_interfaces/include/rtdl_demo_interfaces/rtdl_demo_interfaces/srv
-- Up-to-date: /home/mujue/pros/ud/ros2_rtdl/install/rtdl_demo_interfaces/include/rtdl_demo_interfaces/rtdl_demo_interfaces/srv/detail
-- Installing: /home/mujue/pros/ud/ros2_rtdl/install/rtdl_demo_interfaces/include/rtdl_demo_interfaces/rtdl_demo_interfaces/srv/detail/get_world_state__rosidl_typesupport_introspection_c.h
-- Installing: /home/mujue/pros/ud/ros2_rtdl/install/rtdl_demo_interfaces/include/rtdl_demo_interfaces/rtdl_demo_interfaces/srv/detail/pick__rosidl_typesupport_introspection_c.h
-- Installing: /home/mujue/pros/ud/ros2_rtdl/install/rtdl_demo_interfaces/include/rtdl_demo_interfaces/rtdl_demo_interfaces/srv/detail/nav_to__rosidl_typesupport_introspection_c.h
-- Installing: /home/mujue/pros/ud/ros2_rtdl/install/rtdl_demo_interfaces/include/rtdl_demo_interfaces/rtdl_demo_interfaces/srv/detail/pick__type_support.c
-- Installing: /home/mujue/pros/ud/ros2_rtdl/install/rtdl_demo_interfaces/include/rtdl_demo_interfaces/rtdl_demo_interfaces/srv/detail/place__type_support.c
-- Installing: /home/mujue/pros/ud/ros2_rtdl/install/rtdl_demo_interfaces/include/rtdl_demo_interfaces/rtdl_demo_interfaces/srv/detail/check_object_in_room__type_support.c
-- Installing: /home/mujue/pros/ud/ros2_rtdl/install/rtdl_demo_interfaces/include/rtdl_demo_interfaces/rtdl_demo_interfaces/srv/detail/pick_pri__type_support.c
-- Installing: /home/mujue/pros/ud/ros2_rtdl/install/rtdl_demo_interfaces/include/rtdl_demo_interfaces/rtdl_demo_interfaces/srv/detail/get_world_state__type_support.c
-- Installing: /home/mujue/pros/ud/ros2_rtdl/install/rtdl_demo_interfaces/include/rtdl_demo_interfaces/rtdl_demo_interfaces/srv/detail/check_object_in_room__rosidl_typesupport_introspection_c.h
-- Installing: /home/mujue/pros/ud/ros2_rtdl/install/rtdl_demo_interfaces/include/rtdl_demo_interfaces/rtdl_demo_interfaces/srv/detail/place__rosidl_typesupport_introspection_c.h
-- Installing: /home/mujue/pros/ud/ros2_rtdl/install/rtdl_demo_interfaces/include/rtdl_demo_interfaces/rtdl_demo_interfaces/srv/detail/pick_pri__rosidl_typesupport_introspection_c.h
-- Installing: /home/mujue/pros/ud/ros2_rtdl/install/rtdl_demo_interfaces/include/rtdl_demo_interfaces/rtdl_demo_interfaces/srv/detail/nav_to__type_support.c
-- Installing: /home/mujue/pros/ud/ros2_rtdl/install/rtdl_demo_interfaces/include/rtdl_demo_interfaces/rtdl_demo_interfaces/srv/detail/place_pri__type_support.c
-- Installing: /home/mujue/pros/ud/ros2_rtdl/install/rtdl_demo_interfaces/include/rtdl_demo_interfaces/rtdl_demo_interfaces/srv/detail/place_pri__rosidl_typesupport_introspection_c.h
-- Installing: /home/mujue/pros/ud/ros2_rtdl/install/rtdl_demo_interfaces/lib/librtdl_demo_interfaces__rosidl_typesupport_introspection_c.so
-- Set runtime path of "/home/mujue/pros/ud/ros2_rtdl/install/rtdl_demo_interfaces/lib/librtdl_demo_interfaces__rosidl_typesupport_introspection_c.so" to ""
-- Installing: /home/mujue/pros/ud/ros2_rtdl/install/rtdl_demo_interfaces/lib/librtdl_demo_interfaces__rosidl_typesupport_c.so
-- Set runtime path of "/home/mujue/pros/ud/ros2_rtdl/install/rtdl_demo_interfaces/lib/librtdl_demo_interfaces__rosidl_typesupport_c.so" to ""
-- Up-to-date: /home/mujue/pros/ud/ros2_rtdl/install/rtdl_demo_interfaces/include/rtdl_demo_interfaces/rtdl_demo_interfaces
-- Up-to-date: /home/mujue/pros/ud/ros2_rtdl/install/rtdl_demo_interfaces/include/rtdl_demo_interfaces/rtdl_demo_interfaces/msg
-- Installing: /home/mujue/pros/ud/ros2_rtdl/install/rtdl_demo_interfaces/include/rtdl_demo_interfaces/rtdl_demo_interfaces/msg/rosidl_generator_cpp__visibility_control.hpp
-- Up-to-date: /home/mujue/pros/ud/ros2_rtdl/install/rtdl_demo_interfaces/include/rtdl_demo_interfaces/rtdl_demo_interfaces/msg/detail
-- Installing: /home/mujue/pros/ud/ros2_rtdl/install/rtdl_demo_interfaces/include/rtdl_demo_interfaces/rtdl_demo_interfaces/msg/detail/world_state__struct.hpp
-- Installing: /home/mujue/pros/ud/ros2_rtdl/install/rtdl_demo_interfaces/include/rtdl_demo_interfaces/rtdl_demo_interfaces/msg/detail/object_state__struct.hpp
-- Installing: /home/mujue/pros/ud/ros2_rtdl/install/rtdl_demo_interfaces/include/rtdl_demo_interfaces/rtdl_demo_interfaces/msg/detail/object_state__type_support.hpp
-- Installing: /home/mujue/pros/ud/ros2_rtdl/install/rtdl_demo_interfaces/include/rtdl_demo_interfaces/rtdl_demo_interfaces/msg/detail/world_state__traits.hpp
-- Installing: /home/mujue/pros/ud/ros2_rtdl/install/rtdl_demo_interfaces/include/rtdl_demo_interfaces/rtdl_demo_interfaces/msg/detail/world_state__type_support.hpp
-- Installing: /home/mujue/pros/ud/ros2_rtdl/install/rtdl_demo_interfaces/include/rtdl_demo_interfaces/rtdl_demo_interfaces/msg/detail/object_state__traits.hpp
-- Installing: /home/mujue/pros/ud/ros2_rtdl/install/rtdl_demo_interfaces/include/rtdl_demo_interfaces/rtdl_demo_interfaces/msg/detail/world_state__builder.hpp
-- Installing: /home/mujue/pros/ud/ros2_rtdl/install/rtdl_demo_interfaces/include/rtdl_demo_interfaces/rtdl_demo_interfaces/msg/detail/object_state__builder.hpp
-- Installing: /home/mujue/pros/ud/ros2_rtdl/install/rtdl_demo_interfaces/include/rtdl_demo_interfaces/rtdl_demo_interfaces/msg/world_state.hpp
-- Installing: /home/mujue/pros/ud/ros2_rtdl/install/rtdl_demo_interfaces/include/rtdl_demo_interfaces/rtdl_demo_interfaces/msg/object_state.hpp
-- Up-to-date: /home/mujue/pros/ud/ros2_rtdl/install/rtdl_demo_interfaces/include/rtdl_demo_interfaces/rtdl_demo_interfaces/srv
-- Installing: /home/mujue/pros/ud/ros2_rtdl/install/rtdl_demo_interfaces/include/rtdl_demo_interfaces/rtdl_demo_interfaces/srv/check_object_in_room.hpp
-- Installing: /home/mujue/pros/ud/ros2_rtdl/install/rtdl_demo_interfaces/include/rtdl_demo_interfaces/rtdl_demo_interfaces/srv/nav_to.hpp
-- Up-to-date: /home/mujue/pros/ud/ros2_rtdl/install/rtdl_demo_interfaces/include/rtdl_demo_interfaces/rtdl_demo_interfaces/srv/detail
-- Installing: /home/mujue/pros/ud/ros2_rtdl/install/rtdl_demo_interfaces/include/rtdl_demo_interfaces/rtdl_demo_interfaces/srv/detail/place_pri__type_support.hpp
-- Installing: /home/mujue/pros/ud/ros2_rtdl/install/rtdl_demo_interfaces/include/rtdl_demo_interfaces/rtdl_demo_interfaces/srv/detail/nav_to__builder.hpp
-- Installing: /home/mujue/pros/ud/ros2_rtdl/install/rtdl_demo_interfaces/include/rtdl_demo_interfaces/rtdl_demo_interfaces/srv/detail/get_world_state__struct.hpp
-- Installing: /home/mujue/pros/ud/ros2_rtdl/install/rtdl_demo_interfaces/include/rtdl_demo_interfaces/rtdl_demo_interfaces/srv/detail/get_world_state__traits.hpp
-- Installing: /home/mujue/pros/ud/ros2_rtdl/install/rtdl_demo_interfaces/include/rtdl_demo_interfaces/rtdl_demo_interfaces/srv/detail/place__builder.hpp
-- Installing: /home/mujue/pros/ud/ros2_rtdl/install/rtdl_demo_interfaces/include/rtdl_demo_interfaces/rtdl_demo_interfaces/srv/detail/place__type_support.hpp
-- Installing: /home/mujue/pros/ud/ros2_rtdl/install/rtdl_demo_interfaces/include/rtdl_demo_interfaces/rtdl_demo_interfaces/srv/detail/nav_to__traits.hpp
-- Installing: /home/mujue/pros/ud/ros2_rtdl/install/rtdl_demo_interfaces/include/rtdl_demo_interfaces/rtdl_demo_interfaces/srv/detail/get_world_state__type_support.hpp
-- Installing: /home/mujue/pros/ud/ros2_rtdl/install/rtdl_demo_interfaces/include/rtdl_demo_interfaces/rtdl_demo_interfaces/srv/detail/get_world_state__builder.hpp
-- Installing: /home/mujue/pros/ud/ros2_rtdl/install/rtdl_demo_interfaces/include/rtdl_demo_interfaces/rtdl_demo_interfaces/srv/detail/pick__type_support.hpp
-- Installing: /home/mujue/pros/ud/ros2_rtdl/install/rtdl_demo_interfaces/include/rtdl_demo_interfaces/rtdl_demo_interfaces/srv/detail/place_pri__builder.hpp
-- Installing: /home/mujue/pros/ud/ros2_rtdl/install/rtdl_demo_interfaces/include/rtdl_demo_interfaces/rtdl_demo_interfaces/srv/detail/pick__struct.hpp
-- Installing: /home/mujue/pros/ud/ros2_rtdl/install/rtdl_demo_interfaces/include/rtdl_demo_interfaces/rtdl_demo_interfaces/srv/detail/pick_pri__traits.hpp
-- Installing: /home/mujue/pros/ud/ros2_rtdl/install/rtdl_demo_interfaces/include/rtdl_demo_interfaces/rtdl_demo_interfaces/srv/detail/place__traits.hpp
-- Installing: /home/mujue/pros/ud/ros2_rtdl/install/rtdl_demo_interfaces/include/rtdl_demo_interfaces/rtdl_demo_interfaces/srv/detail/check_object_in_room__traits.hpp
-- Installing: /home/mujue/pros/ud/ros2_rtdl/install/rtdl_demo_interfaces/include/rtdl_demo_interfaces/rtdl_demo_interfaces/srv/detail/pick_pri__builder.hpp
-- Installing: /home/mujue/pros/ud/ros2_rtdl/install/rtdl_demo_interfaces/include/rtdl_demo_interfaces/rtdl_demo_interfaces/srv/detail/check_object_in_room__struct.hpp
-- Installing: /home/mujue/pros/ud/ros2_rtdl/install/rtdl_demo_interfaces/include/rtdl_demo_interfaces/rtdl_demo_interfaces/srv/detail/pick__traits.hpp
-- Installing: /home/mujue/pros/ud/ros2_rtdl/install/rtdl_demo_interfaces/include/rtdl_demo_interfaces/rtdl_demo_interfaces/srv/detail/pick__builder.hpp
-- Installing: /home/mujue/pros/ud/ros2_rtdl/install/rtdl_demo_interfaces/include/rtdl_demo_interfaces/rtdl_demo_interfaces/srv/detail/place_pri__struct.hpp
-- Installing: /home/mujue/pros/ud/ros2_rtdl/install/rtdl_demo_interfaces/include/rtdl_demo_interfaces/rtdl_demo_interfaces/srv/detail/nav_to__struct.hpp
-- Installing: /home/mujue/pros/ud/ros2_rtdl/install/rtdl_demo_interfaces/include/rtdl_demo_interfaces/rtdl_demo_interfaces/srv/detail/place_pri__traits.hpp
-- Installing: /home/mujue/pros/ud/ros2_rtdl/install/rtdl_demo_interfaces/include/rtdl_demo_interfaces/rtdl_demo_interfaces/srv/detail/check_object_in_room__builder.hpp
-- Installing: /home/mujue/pros/ud/ros2_rtdl/install/rtdl_demo_interfaces/include/rtdl_demo_interfaces/rtdl_demo_interfaces/srv/detail/nav_to__type_support.hpp
-- Installing: /home/mujue/pros/ud/ros2_rtdl/install/rtdl_demo_interfaces/include/rtdl_demo_interfaces/rtdl_demo_interfaces/srv/detail/pick_pri__type_support.hpp
-- Installing: /home/mujue/pros/ud/ros2_rtdl/install/rtdl_demo_interfaces/include/rtdl_demo_interfaces/rtdl_demo_interfaces/srv/detail/place__struct.hpp
-- Installing: /home/mujue/pros/ud/ros2_rtdl/install/rtdl_demo_interfaces/include/rtdl_demo_interfaces/rtdl_demo_interfaces/srv/detail/check_object_in_room__type_support.hpp
-- Installing: /home/mujue/pros/ud/ros2_rtdl/install/rtdl_demo_interfaces/include/rtdl_demo_interfaces/rtdl_demo_interfaces/srv/detail/pick_pri__struct.hpp
-- Installing: /home/mujue/pros/ud/ros2_rtdl/install/rtdl_demo_interfaces/include/rtdl_demo_interfaces/rtdl_demo_interfaces/srv/place.hpp
-- Installing: /home/mujue/pros/ud/ros2_rtdl/install/rtdl_demo_interfaces/include/rtdl_demo_interfaces/rtdl_demo_interfaces/srv/pick.hpp
-- Installing: /home/mujue/pros/ud/ros2_rtdl/install/rtdl_demo_interfaces/include/rtdl_demo_interfaces/rtdl_demo_interfaces/srv/get_world_state.hpp
-- Installing: /home/mujue/pros/ud/ros2_rtdl/install/rtdl_demo_interfaces/include/rtdl_demo_interfaces/rtdl_demo_interfaces/srv/pick_pri.hpp
-- Installing: /home/mujue/pros/ud/ros2_rtdl/install/rtdl_demo_interfaces/include/rtdl_demo_interfaces/rtdl_demo_interfaces/srv/place_pri.hpp
-- Up-to-date: /home/mujue/pros/ud/ros2_rtdl/install/rtdl_demo_interfaces/include/rtdl_demo_interfaces/rtdl_demo_interfaces
-- Up-to-date: /home/mujue/pros/ud/ros2_rtdl/install/rtdl_demo_interfaces/include/rtdl_demo_interfaces/rtdl_demo_interfaces/msg
-- Up-to-date: /home/mujue/pros/ud/ros2_rtdl/install/rtdl_demo_interfaces/include/rtdl_demo_interfaces/rtdl_demo_interfaces/msg/detail
-- Installing: /home/mujue/pros/ud/ros2_rtdl/install/rtdl_demo_interfaces/include/rtdl_demo_interfaces/rtdl_demo_interfaces/msg/detail/object_state__rosidl_typesupport_fastrtps_cpp.hpp
-- Installing: /home/mujue/pros/ud/ros2_rtdl/install/rtdl_demo_interfaces/include/rtdl_demo_interfaces/rtdl_demo_interfaces/msg/detail/world_state__rosidl_typesupport_fastrtps_cpp.hpp
-- Installing: /home/mujue/pros/ud/ros2_rtdl/install/rtdl_demo_interfaces/include/rtdl_demo_interfaces/rtdl_demo_interfaces/msg/detail/dds_fastrtps
-- Installing: /home/mujue/pros/ud/ros2_rtdl/install/rtdl_demo_interfaces/include/rtdl_demo_interfaces/rtdl_demo_interfaces/msg/rosidl_typesupport_fastrtps_cpp__visibility_control.h
-- Up-to-date: /home/mujue/pros/ud/ros2_rtdl/install/rtdl_demo_interfaces/include/rtdl_demo_interfaces/rtdl_demo_interfaces/srv
-- Up-to-date: /home/mujue/pros/ud/ros2_rtdl/install/rtdl_demo_interfaces/include/rtdl_demo_interfaces/rtdl_demo_interfaces/srv/detail
-- Installing: /home/mujue/pros/ud/ros2_rtdl/install/rtdl_demo_interfaces/include/rtdl_demo_interfaces/rtdl_demo_interfaces/srv/detail/get_world_state__rosidl_typesupport_fastrtps_cpp.hpp
-- Installing: /home/mujue/pros/ud/ros2_rtdl/install/rtdl_demo_interfaces/include/rtdl_demo_interfaces/rtdl_demo_interfaces/srv/detail/place_pri__rosidl_typesupport_fastrtps_cpp.hpp
-- Installing: /home/mujue/pros/ud/ros2_rtdl/install/rtdl_demo_interfaces/include/rtdl_demo_interfaces/rtdl_demo_interfaces/srv/detail/place__rosidl_typesupport_fastrtps_cpp.hpp
-- Installing: /home/mujue/pros/ud/ros2_rtdl/install/rtdl_demo_interfaces/include/rtdl_demo_interfaces/rtdl_demo_interfaces/srv/detail/pick__rosidl_typesupport_fastrtps_cpp.hpp
-- Installing: /home/mujue/pros/ud/ros2_rtdl/install/rtdl_demo_interfaces/include/rtdl_demo_interfaces/rtdl_demo_interfaces/srv/detail/pick_pri__rosidl_typesupport_fastrtps_cpp.hpp
-- Installing: /home/mujue/pros/ud/ros2_rtdl/install/rtdl_demo_interfaces/include/rtdl_demo_interfaces/rtdl_demo_interfaces/srv/detail/dds_fastrtps
-- Installing: /home/mujue/pros/ud/ros2_rtdl/install/rtdl_demo_interfaces/include/rtdl_demo_interfaces/rtdl_demo_interfaces/srv/detail/nav_to__rosidl_typesupport_fastrtps_cpp.hpp
-- Installing: /home/mujue/pros/ud/ros2_rtdl/install/rtdl_demo_interfaces/include/rtdl_demo_interfaces/rtdl_demo_interfaces/srv/detail/check_object_in_room__rosidl_typesupport_fastrtps_cpp.hpp
-- Installing: /home/mujue/pros/ud/ros2_rtdl/install/rtdl_demo_interfaces/lib/librtdl_demo_interfaces__rosidl_typesupport_fastrtps_cpp.so
-- Set runtime path of "/home/mujue/pros/ud/ros2_rtdl/install/rtdl_demo_interfaces/lib/librtdl_demo_interfaces__rosidl_typesupport_fastrtps_cpp.so" to ""
-- Up-to-date: /home/mujue/pros/ud/ros2_rtdl/install/rtdl_demo_interfaces/include/rtdl_demo_interfaces/rtdl_demo_interfaces
-- Up-to-date: /home/mujue/pros/ud/ros2_rtdl/install/rtdl_demo_interfaces/include/rtdl_demo_interfaces/rtdl_demo_interfaces/msg
-- Up-to-date: /home/mujue/pros/ud/ros2_rtdl/install/rtdl_demo_interfaces/include/rtdl_demo_interfaces/rtdl_demo_interfaces/msg/detail
-- Installing: /home/mujue/pros/ud/ros2_rtdl/install/rtdl_demo_interfaces/include/rtdl_demo_interfaces/rtdl_demo_interfaces/msg/detail/object_state__rosidl_typesupport_introspection_cpp.hpp
-- Installing: /home/mujue/pros/ud/ros2_rtdl/install/rtdl_demo_interfaces/include/rtdl_demo_interfaces/rtdl_demo_interfaces/msg/detail/object_state__type_support.cpp
-- Installing: /home/mujue/pros/ud/ros2_rtdl/install/rtdl_demo_interfaces/include/rtdl_demo_interfaces/rtdl_demo_interfaces/msg/detail/world_state__rosidl_typesupport_introspection_cpp.hpp
-- Installing: /home/mujue/pros/ud/ros2_rtdl/install/rtdl_demo_interfaces/include/rtdl_demo_interfaces/rtdl_demo_interfaces/msg/detail/world_state__type_support.cpp
-- Up-to-date: /home/mujue/pros/ud/ros2_rtdl/install/rtdl_demo_interfaces/include/rtdl_demo_interfaces/rtdl_demo_interfaces/srv
-- Up-to-date: /home/mujue/pros/ud/ros2_rtdl/install/rtdl_demo_interfaces/include/rtdl_demo_interfaces/rtdl_demo_interfaces/srv/detail
-- Installing: /home/mujue/pros/ud/ros2_rtdl/install/rtdl_demo_interfaces/include/rtdl_demo_interfaces/rtdl_demo_interfaces/srv/detail/pick__type_support.cpp
-- Installing: /home/mujue/pros/ud/ros2_rtdl/install/rtdl_demo_interfaces/include/rtdl_demo_interfaces/rtdl_demo_interfaces/srv/detail/place_pri__type_support.cpp
-- Installing: /home/mujue/pros/ud/ros2_rtdl/install/rtdl_demo_interfaces/include/rtdl_demo_interfaces/rtdl_demo_interfaces/srv/detail/nav_to__type_support.cpp
-- Installing: /home/mujue/pros/ud/ros2_rtdl/install/rtdl_demo_interfaces/include/rtdl_demo_interfaces/rtdl_demo_interfaces/srv/detail/pick_pri__type_support.cpp
-- Installing: /home/mujue/pros/ud/ros2_rtdl/install/rtdl_demo_interfaces/include/rtdl_demo_interfaces/rtdl_demo_interfaces/srv/detail/get_world_state__type_support.cpp
-- Installing: /home/mujue/pros/ud/ros2_rtdl/install/rtdl_demo_interfaces/include/rtdl_demo_interfaces/rtdl_demo_interfaces/srv/detail/place__rosidl_typesupport_introspection_cpp.hpp
-- Installing: /home/mujue/pros/ud/ros2_rtdl/install/rtdl_demo_interfaces/include/rtdl_demo_interfaces/rtdl_demo_interfaces/srv/detail/pick__rosidl_typesupport_introspection_cpp.hpp
-- Installing: /home/mujue/pros/ud/ros2_rtdl/install/rtdl_demo_interfaces/include/rtdl_demo_interfaces/rtdl_demo_interfaces/srv/detail/get_world_state__rosidl_typesupport_introspection_cpp.hpp
-- Installing: /home/mujue/pros/ud/ros2_rtdl/install/rtdl_demo_interfaces/include/rtdl_demo_interfaces/rtdl_demo_interfaces/srv/detail/check_object_in_room__rosidl_typesupport_introspection_cpp.hpp
-- Installing: /home/mujue/pros/ud/ros2_rtdl/install/rtdl_demo_interfaces/include/rtdl_demo_interfaces/rtdl_demo_interfaces/srv/detail/check_object_in_room__type_support.cpp
-- Installing: /home/mujue/pros/ud/ros2_rtdl/install/rtdl_demo_interfaces/include/rtdl_demo_interfaces/rtdl_demo_interfaces/srv/detail/pick_pri__rosidl_typesupport_introspection_cpp.hpp
-- Installing: /home/mujue/pros/ud/ros2_rtdl/install/rtdl_demo_interfaces/include/rtdl_demo_interfaces/rtdl_demo_interfaces/srv/detail/nav_to__rosidl_typesupport_introspection_cpp.hpp
-- Installing: /home/mujue/pros/ud/ros2_rtdl/install/rtdl_demo_interfaces/include/rtdl_demo_interfaces/rtdl_demo_interfaces/srv/detail/place__type_support.cpp
-- Installing: /home/mujue/pros/ud/ros2_rtdl/install/rtdl_demo_interfaces/include/rtdl_demo_interfaces/rtdl_demo_interfaces/srv/detail/place_pri__rosidl_typesupport_introspection_cpp.hpp
-- Installing: /home/mujue/pros/ud/ros2_rtdl/install/rtdl_demo_interfaces/lib/librtdl_demo_interfaces__rosidl_typesupport_introspection_cpp.so
-- Set runtime path of "/home/mujue/pros/ud/ros2_rtdl/install/rtdl_demo_interfaces/lib/librtdl_demo_interfaces__rosidl_typesupport_introspection_cpp.so" to ""
-- Installing: /home/mujue/pros/ud/ros2_rtdl/install/rtdl_demo_interfaces/lib/librtdl_demo_interfaces__rosidl_typesupport_cpp.so
-- Set runtime path of "/home/mujue/pros/ud/ros2_rtdl/install/rtdl_demo_interfaces/lib/librtdl_demo_interfaces__rosidl_typesupport_cpp.so" to ""
-- Installing: /home/mujue/pros/ud/ros2_rtdl/install/rtdl_demo_interfaces/share/rtdl_demo_interfaces/environment/pythonpath.sh
-- Installing: /home/mujue/pros/ud/ros2_rtdl/install/rtdl_demo_interfaces/share/rtdl_demo_interfaces/environment/pythonpath.dsv
-- Installing: /home/mujue/pros/ud/ros2_rtdl/install/rtdl_demo_interfaces/local/lib/python3.10/dist-packages/rtdl_demo_interfaces-0.0.0-py3.10.egg-info
-- Installing: /home/mujue/pros/ud/ros2_rtdl/install/rtdl_demo_interfaces/local/lib/python3.10/dist-packages/rtdl_demo_interfaces-0.0.0-py3.10.egg-info/PKG-INFO
-- Installing: /home/mujue/pros/ud/ros2_rtdl/install/rtdl_demo_interfaces/local/lib/python3.10/dist-packages/rtdl_demo_interfaces-0.0.0-py3.10.egg-info/dependency_links.txt
-- Installing: /home/mujue/pros/ud/ros2_rtdl/install/rtdl_demo_interfaces/local/lib/python3.10/dist-packages/rtdl_demo_interfaces-0.0.0-py3.10.egg-info/top_level.txt
-- Installing: /home/mujue/pros/ud/ros2_rtdl/install/rtdl_demo_interfaces/local/lib/python3.10/dist-packages/rtdl_demo_interfaces-0.0.0-py3.10.egg-info/SOURCES.txt
-- Installing: /home/mujue/pros/ud/ros2_rtdl/install/rtdl_demo_interfaces/local/lib/python3.10/dist-packages/rtdl_demo_interfaces
-- Installing: /home/mujue/pros/ud/ros2_rtdl/install/rtdl_demo_interfaces/local/lib/python3.10/dist-packages/rtdl_demo_interfaces/msg
-- Installing: /home/mujue/pros/ud/ros2_rtdl/install/rtdl_demo_interfaces/local/lib/python3.10/dist-packages/rtdl_demo_interfaces/msg/_object_state.py
-- Installing: /home/mujue/pros/ud/ros2_rtdl/install/rtdl_demo_interfaces/local/lib/python3.10/dist-packages/rtdl_demo_interfaces/msg/__init__.py
-- Installing: /home/mujue/pros/ud/ros2_rtdl/install/rtdl_demo_interfaces/local/lib/python3.10/dist-packages/rtdl_demo_interfaces/msg/_object_state_s.c
-- Installing: /home/mujue/pros/ud/ros2_rtdl/install/rtdl_demo_interfaces/local/lib/python3.10/dist-packages/rtdl_demo_interfaces/msg/_world_state_s.c
-- Installing: /home/mujue/pros/ud/ros2_rtdl/install/rtdl_demo_interfaces/local/lib/python3.10/dist-packages/rtdl_demo_interfaces/msg/_world_state.py
-- Installing: /home/mujue/pros/ud/ros2_rtdl/install/rtdl_demo_interfaces/local/lib/python3.10/dist-packages/rtdl_demo_interfaces/rtdl_demo_interfaces_s__rosidl_typesupport_c.cpython-310-x86_64-linux-gnu.so
-- Installing: /home/mujue/pros/ud/ros2_rtdl/install/rtdl_demo_interfaces/local/lib/python3.10/dist-packages/rtdl_demo_interfaces/srv
-- Installing: /home/mujue/pros/ud/ros2_rtdl/install/rtdl_demo_interfaces/local/lib/python3.10/dist-packages/rtdl_demo_interfaces/srv/_place_pri.py
-- Installing: /home/mujue/pros/ud/ros2_rtdl/install/rtdl_demo_interfaces/local/lib/python3.10/dist-packages/rtdl_demo_interfaces/srv/_pick_pri_s.c
-- Installing: /home/mujue/pros/ud/ros2_rtdl/install/rtdl_demo_interfaces/local/lib/python3.10/dist-packages/rtdl_demo_interfaces/srv/_check_object_in_room_s.c
-- Installing: /home/mujue/pros/ud/ros2_rtdl/install/rtdl_demo_interfaces/local/lib/python3.10/dist-packages/rtdl_demo_interfaces/srv/__init__.py
-- Installing: /home/mujue/pros/ud/ros2_rtdl/install/rtdl_demo_interfaces/local/lib/python3.10/dist-packages/rtdl_demo_interfaces/srv/_get_world_state.py
-- Installing: /home/mujue/pros/ud/ros2_rtdl/install/rtdl_demo_interfaces/local/lib/python3.10/dist-packages/rtdl_demo_interfaces/srv/_pick_pri.py
-- Installing: /home/mujue/pros/ud/ros2_rtdl/install/rtdl_demo_interfaces/local/lib/python3.10/dist-packages/rtdl_demo_interfaces/srv/_pick.py
-- Installing: /home/mujue/pros/ud/ros2_rtdl/install/rtdl_demo_interfaces/local/lib/python3.10/dist-packages/rtdl_demo_interfaces/srv/_nav_to_s.c
-- Installing: /home/mujue/pros/ud/ros2_rtdl/install/rtdl_demo_interfaces/local/lib/python3.10/dist-packages/rtdl_demo_interfaces/srv/_place_s.c
-- Installing: /home/mujue/pros/ud/ros2_rtdl/install/rtdl_demo_interfaces/local/lib/python3.10/dist-packages/rtdl_demo_interfaces/srv/_check_object_in_room.py
-- Installing: /home/mujue/pros/ud/ros2_rtdl/install/rtdl_demo_interfaces/local/lib/python3.10/dist-packages/rtdl_demo_interfaces/srv/_pick_s.c
-- Installing: /home/mujue/pros/ud/ros2_rtdl/install/rtdl_demo_interfaces/local/lib/python3.10/dist-packages/rtdl_demo_interfaces/srv/_place.py
-- Installing: /home/mujue/pros/ud/ros2_rtdl/install/rtdl_demo_interfaces/local/lib/python3.10/dist-packages/rtdl_demo_interfaces/srv/_get_world_state_s.c
-- Installing: /home/mujue/pros/ud/ros2_rtdl/install/rtdl_demo_interfaces/local/lib/python3.10/dist-packages/rtdl_demo_interfaces/srv/_place_pri_s.c
-- Installing: /home/mujue/pros/ud/ros2_rtdl/install/rtdl_demo_interfaces/local/lib/python3.10/dist-packages/rtdl_demo_interfaces/srv/_nav_to.py
-- Installing: /home/mujue/pros/ud/ros2_rtdl/install/rtdl_demo_interfaces/local/lib/python3.10/dist-packages/rtdl_demo_interfaces/_rtdl_demo_interfaces_s.ep.rosidl_typesupport_introspection_c.c
-- Installing: /home/mujue/pros/ud/ros2_rtdl/install/rtdl_demo_interfaces/local/lib/python3.10/dist-packages/rtdl_demo_interfaces/rtdl_demo_interfaces_s__rosidl_typesupport_introspection_c.cpython-310-x86_64-linux-gnu.so
-- Installing: /home/mujue/pros/ud/ros2_rtdl/install/rtdl_demo_interfaces/local/lib/python3.10/dist-packages/rtdl_demo_interfaces/__init__.py
-- Installing: /home/mujue/pros/ud/ros2_rtdl/install/rtdl_demo_interfaces/local/lib/python3.10/dist-packages/rtdl_demo_interfaces/_rtdl_demo_interfaces_s.ep.rosidl_typesupport_c.c
-- Installing: /home/mujue/pros/ud/ros2_rtdl/install/rtdl_demo_interfaces/local/lib/python3.10/dist-packages/rtdl_demo_interfaces/librtdl_demo_interfaces__rosidl_generator_py.so
-- Installing: /home/mujue/pros/ud/ros2_rtdl/install/rtdl_demo_interfaces/local/lib/python3.10/dist-packages/rtdl_demo_interfaces/_rtdl_demo_interfaces_s.ep.rosidl_typesupport_fastrtps_c.c
-- Installing: /home/mujue/pros/ud/ros2_rtdl/install/rtdl_demo_interfaces/local/lib/python3.10/dist-packages/rtdl_demo_interfaces/rtdl_demo_interfaces_s__rosidl_typesupport_fastrtps_c.cpython-310-x86_64-linux-gnu.so
Listing '/home/mujue/pros/ud/ros2_rtdl/install/rtdl_demo_interfaces/local/lib/python3.10/dist-packages/rtdl_demo_interfaces'...
Compiling '/home/mujue/pros/ud/ros2_rtdl/install/rtdl_demo_interfaces/local/lib/python3.10/dist-packages/rtdl_demo_interfaces/__init__.py'...
Listing '/home/mujue/pros/ud/ros2_rtdl/install/rtdl_demo_interfaces/local/lib/python3.10/dist-packages/rtdl_demo_interfaces/msg'...
Compiling '/home/mujue/pros/ud/ros2_rtdl/install/rtdl_demo_interfaces/local/lib/python3.10/dist-packages/rtdl_demo_interfaces/msg/__init__.py'...
Compiling '/home/mujue/pros/ud/ros2_rtdl/install/rtdl_demo_interfaces/local/lib/python3.10/dist-packages/rtdl_demo_interfaces/msg/_object_state.py'...
Compiling '/home/mujue/pros/ud/ros2_rtdl/install/rtdl_demo_interfaces/local/lib/python3.10/dist-packages/rtdl_demo_interfaces/msg/_world_state.py'...
Listing '/home/mujue/pros/ud/ros2_rtdl/install/rtdl_demo_interfaces/local/lib/python3.10/dist-packages/rtdl_demo_interfaces/srv'...
Compiling '/home/mujue/pros/ud/ros2_rtdl/install/rtdl_demo_interfaces/local/lib/python3.10/dist-packages/rtdl_demo_interfaces/srv/__init__.py'...
Compiling '/home/mujue/pros/ud/ros2_rtdl/install/rtdl_demo_interfaces/local/lib/python3.10/dist-packages/rtdl_demo_interfaces/srv/_check_object_in_room.py'...
Compiling '/home/mujue/pros/ud/ros2_rtdl/install/rtdl_demo_interfaces/local/lib/python3.10/dist-packages/rtdl_demo_interfaces/srv/_get_world_state.py'...
Compiling '/home/mujue/pros/ud/ros2_rtdl/install/rtdl_demo_interfaces/local/lib/python3.10/dist-packages/rtdl_demo_interfaces/srv/_nav_to.py'...
Compiling '/home/mujue/pros/ud/ros2_rtdl/install/rtdl_demo_interfaces/local/lib/python3.10/dist-packages/rtdl_demo_interfaces/srv/_pick.py'...
Compiling '/home/mujue/pros/ud/ros2_rtdl/install/rtdl_demo_interfaces/local/lib/python3.10/dist-packages/rtdl_demo_interfaces/srv/_pick_pri.py'...
Compiling '/home/mujue/pros/ud/ros2_rtdl/install/rtdl_demo_interfaces/local/lib/python3.10/dist-packages/rtdl_demo_interfaces/srv/_place.py'...
Compiling '/home/mujue/pros/ud/ros2_rtdl/install/rtdl_demo_interfaces/local/lib/python3.10/dist-packages/rtdl_demo_interfaces/srv/_place_pri.py'...
-- Installing: /home/mujue/pros/ud/ros2_rtdl/install/rtdl_demo_interfaces/local/lib/python3.10/dist-packages/rtdl_demo_interfaces/rtdl_demo_interfaces_s__rosidl_typesupport_fastrtps_c.cpython-310-x86_64-linux-gnu.so
-- Set runtime path of "/home/mujue/pros/ud/ros2_rtdl/install/rtdl_demo_interfaces/local/lib/python3.10/dist-packages/rtdl_demo_interfaces/rtdl_demo_interfaces_s__rosidl_typesupport_fastrtps_c.cpython-310-x86_64-linux-gnu.so" to ""
-- Installing: /home/mujue/pros/ud/ros2_rtdl/install/rtdl_demo_interfaces/local/lib/python3.10/dist-packages/rtdl_demo_interfaces/rtdl_demo_interfaces_s__rosidl_typesupport_introspection_c.cpython-310-x86_64-linux-gnu.so
-- Set runtime path of "/home/mujue/pros/ud/ros2_rtdl/install/rtdl_demo_interfaces/local/lib/python3.10/dist-packages/rtdl_demo_interfaces/rtdl_demo_interfaces_s__rosidl_typesupport_introspection_c.cpython-310-x86_64-linux-gnu.so" to ""
-- Installing: /home/mujue/pros/ud/ros2_rtdl/install/rtdl_demo_interfaces/local/lib/python3.10/dist-packages/rtdl_demo_interfaces/rtdl_demo_interfaces_s__rosidl_typesupport_c.cpython-310-x86_64-linux-gnu.so
-- Set runtime path of "/home/mujue/pros/ud/ros2_rtdl/install/rtdl_demo_interfaces/local/lib/python3.10/dist-packages/rtdl_demo_interfaces/rtdl_demo_interfaces_s__rosidl_typesupport_c.cpython-310-x86_64-linux-gnu.so" to ""
-- Installing: /home/mujue/pros/ud/ros2_rtdl/install/rtdl_demo_interfaces/lib/librtdl_demo_interfaces__rosidl_generator_py.so
-- Set runtime path of "/home/mujue/pros/ud/ros2_rtdl/install/rtdl_demo_interfaces/lib/librtdl_demo_interfaces__rosidl_generator_py.so" to ""
-- Installing: /home/mujue/pros/ud/ros2_rtdl/install/rtdl_demo_interfaces/share/rtdl_demo_interfaces/msg/ObjectState.idl
-- Installing: /home/mujue/pros/ud/ros2_rtdl/install/rtdl_demo_interfaces/share/rtdl_demo_interfaces/msg/WorldState.idl
-- Installing: /home/mujue/pros/ud/ros2_rtdl/install/rtdl_demo_interfaces/share/rtdl_demo_interfaces/srv/CheckObjectInRoom.idl
-- Installing: /home/mujue/pros/ud/ros2_rtdl/install/rtdl_demo_interfaces/share/rtdl_demo_interfaces/srv/GetWorldState.idl
-- Installing: /home/mujue/pros/ud/ros2_rtdl/install/rtdl_demo_interfaces/share/rtdl_demo_interfaces/srv/NavTo.idl
-- Installing: /home/mujue/pros/ud/ros2_rtdl/install/rtdl_demo_interfaces/share/rtdl_demo_interfaces/srv/Pick.idl
-- Installing: /home/mujue/pros/ud/ros2_rtdl/install/rtdl_demo_interfaces/share/rtdl_demo_interfaces/srv/Place.idl
-- Installing: /home/mujue/pros/ud/ros2_rtdl/install/rtdl_demo_interfaces/share/rtdl_demo_interfaces/srv/PickPri.idl
-- Installing: /home/mujue/pros/ud/ros2_rtdl/install/rtdl_demo_interfaces/share/rtdl_demo_interfaces/srv/PlacePri.idl
-- Installing: /home/mujue/pros/ud/ros2_rtdl/install/rtdl_demo_interfaces/share/rtdl_demo_interfaces/msg/ObjectState.msg
-- Installing: /home/mujue/pros/ud/ros2_rtdl/install/rtdl_demo_interfaces/share/rtdl_demo_interfaces/msg/WorldState.msg
-- Installing: /home/mujue/pros/ud/ros2_rtdl/install/rtdl_demo_interfaces/share/rtdl_demo_interfaces/srv/CheckObjectInRoom.srv
-- Installing: /home/mujue/pros/ud/ros2_rtdl/install/rtdl_demo_interfaces/share/rtdl_demo_interfaces/srv/CheckObjectInRoom_Request.msg
-- Installing: /home/mujue/pros/ud/ros2_rtdl/install/rtdl_demo_interfaces/share/rtdl_demo_interfaces/srv/CheckObjectInRoom_Response.msg
-- Installing: /home/mujue/pros/ud/ros2_rtdl/install/rtdl_demo_interfaces/share/rtdl_demo_interfaces/srv/GetWorldState.srv
-- Installing: /home/mujue/pros/ud/ros2_rtdl/install/rtdl_demo_interfaces/share/rtdl_demo_interfaces/srv/GetWorldState_Request.msg
-- Installing: /home/mujue/pros/ud/ros2_rtdl/install/rtdl_demo_interfaces/share/rtdl_demo_interfaces/srv/GetWorldState_Response.msg
-- Installing: /home/mujue/pros/ud/ros2_rtdl/install/rtdl_demo_interfaces/share/rtdl_demo_interfaces/srv/NavTo.srv
-- Installing: /home/mujue/pros/ud/ros2_rtdl/install/rtdl_demo_interfaces/share/rtdl_demo_interfaces/srv/NavTo_Request.msg
-- Installing: /home/mujue/pros/ud/ros2_rtdl/install/rtdl_demo_interfaces/share/rtdl_demo_interfaces/srv/NavTo_Response.msg
-- Installing: /home/mujue/pros/ud/ros2_rtdl/install/rtdl_demo_interfaces/share/rtdl_demo_interfaces/srv/Pick.srv
-- Installing: /home/mujue/pros/ud/ros2_rtdl/install/rtdl_demo_interfaces/share/rtdl_demo_interfaces/srv/Pick_Request.msg
-- Installing: /home/mujue/pros/ud/ros2_rtdl/install/rtdl_demo_interfaces/share/rtdl_demo_interfaces/srv/Pick_Response.msg
-- Installing: /home/mujue/pros/ud/ros2_rtdl/install/rtdl_demo_interfaces/share/rtdl_demo_interfaces/srv/Place.srv
-- Installing: /home/mujue/pros/ud/ros2_rtdl/install/rtdl_demo_interfaces/share/rtdl_demo_interfaces/srv/Place_Request.msg
-- Installing: /home/mujue/pros/ud/ros2_rtdl/install/rtdl_demo_interfaces/share/rtdl_demo_interfaces/srv/Place_Response.msg
-- Installing: /home/mujue/pros/ud/ros2_rtdl/install/rtdl_demo_interfaces/share/rtdl_demo_interfaces/srv/PickPri.srv
-- Installing: /home/mujue/pros/ud/ros2_rtdl/install/rtdl_demo_interfaces/share/rtdl_demo_interfaces/srv/PickPri_Request.msg
-- Installing: /home/mujue/pros/ud/ros2_rtdl/install/rtdl_demo_interfaces/share/rtdl_demo_interfaces/srv/PickPri_Response.msg
-- Installing: /home/mujue/pros/ud/ros2_rtdl/install/rtdl_demo_interfaces/share/rtdl_demo_interfaces/srv/PlacePri.srv
-- Installing: /home/mujue/pros/ud/ros2_rtdl/install/rtdl_demo_interfaces/share/rtdl_demo_interfaces/srv/PlacePri_Request.msg
-- Installing: /home/mujue/pros/ud/ros2_rtdl/install/rtdl_demo_interfaces/share/rtdl_demo_interfaces/srv/PlacePri_Response.msg
-- Installing: /home/mujue/pros/ud/ros2_rtdl/install/rtdl_demo_interfaces/share/ament_index/resource_index/package_run_dependencies/rtdl_demo_interfaces
-- Installing: /home/mujue/pros/ud/ros2_rtdl/install/rtdl_demo_interfaces/share/ament_index/resource_index/parent_prefix_path/rtdl_demo_interfaces
-- Installing: /home/mujue/pros/ud/ros2_rtdl/install/rtdl_demo_interfaces/share/rtdl_demo_interfaces/environment/ament_prefix_path.sh
-- Installing: /home/mujue/pros/ud/ros2_rtdl/install/rtdl_demo_interfaces/share/rtdl_demo_interfaces/environment/ament_prefix_path.dsv
-- Installing: /home/mujue/pros/ud/ros2_rtdl/install/rtdl_demo_interfaces/share/rtdl_demo_interfaces/environment/path.sh
-- Installing: /home/mujue/pros/ud/ros2_rtdl/install/rtdl_demo_interfaces/share/rtdl_demo_interfaces/environment/path.dsv
-- Installing: /home/mujue/pros/ud/ros2_rtdl/install/rtdl_demo_interfaces/share/rtdl_demo_interfaces/local_setup.bash
-- Installing: /home/mujue/pros/ud/ros2_rtdl/install/rtdl_demo_interfaces/share/rtdl_demo_interfaces/local_setup.sh
-- Installing: /home/mujue/pros/ud/ros2_rtdl/install/rtdl_demo_interfaces/share/rtdl_demo_interfaces/local_setup.zsh
-- Installing: /home/mujue/pros/ud/ros2_rtdl/install/rtdl_demo_interfaces/share/rtdl_demo_interfaces/local_setup.dsv
-- Installing: /home/mujue/pros/ud/ros2_rtdl/install/rtdl_demo_interfaces/share/rtdl_demo_interfaces/package.dsv
-- Installing: /home/mujue/pros/ud/ros2_rtdl/install/rtdl_demo_interfaces/share/ament_index/resource_index/packages/rtdl_demo_interfaces
-- Installing: /home/mujue/pros/ud/ros2_rtdl/install/rtdl_demo_interfaces/share/rtdl_demo_interfaces/cmake/export_rtdl_demo_interfaces__rosidl_generator_cExport.cmake
-- Installing: /home/mujue/pros/ud/ros2_rtdl/install/rtdl_demo_interfaces/share/rtdl_demo_interfaces/cmake/export_rtdl_demo_interfaces__rosidl_generator_cExport-noconfig.cmake
-- Installing: /home/mujue/pros/ud/ros2_rtdl/install/rtdl_demo_interfaces/share/rtdl_demo_interfaces/cmake/export_rtdl_demo_interfaces__rosidl_typesupport_fastrtps_cExport.cmake
-- Installing: /home/mujue/pros/ud/ros2_rtdl/install/rtdl_demo_interfaces/share/rtdl_demo_interfaces/cmake/export_rtdl_demo_interfaces__rosidl_typesupport_fastrtps_cExport-noconfig.cmake
-- Installing: /home/mujue/pros/ud/ros2_rtdl/install/rtdl_demo_interfaces/share/rtdl_demo_interfaces/cmake/rtdl_demo_interfaces__rosidl_typesupport_introspection_cExport.cmake
-- Installing: /home/mujue/pros/ud/ros2_rtdl/install/rtdl_demo_interfaces/share/rtdl_demo_interfaces/cmake/rtdl_demo_interfaces__rosidl_typesupport_introspection_cExport-noconfig.cmake
-- Installing: /home/mujue/pros/ud/ros2_rtdl/install/rtdl_demo_interfaces/share/rtdl_demo_interfaces/cmake/rtdl_demo_interfaces__rosidl_typesupport_cExport.cmake
-- Installing: /home/mujue/pros/ud/ros2_rtdl/install/rtdl_demo_interfaces/share/rtdl_demo_interfaces/cmake/rtdl_demo_interfaces__rosidl_typesupport_cExport-noconfig.cmake
-- Installing: /home/mujue/pros/ud/ros2_rtdl/install/rtdl_demo_interfaces/share/rtdl_demo_interfaces/cmake/export_rtdl_demo_interfaces__rosidl_generator_cppExport.cmake
-- Installing: /home/mujue/pros/ud/ros2_rtdl/install/rtdl_demo_interfaces/share/rtdl_demo_interfaces/cmake/export_rtdl_demo_interfaces__rosidl_typesupport_fastrtps_cppExport.cmake
-- Installing: /home/mujue/pros/ud/ros2_rtdl/install/rtdl_demo_interfaces/share/rtdl_demo_interfaces/cmake/export_rtdl_demo_interfaces__rosidl_typesupport_fastrtps_cppExport-noconfig.cmake
-- Installing: /home/mujue/pros/ud/ros2_rtdl/install/rtdl_demo_interfaces/share/rtdl_demo_interfaces/cmake/rtdl_demo_interfaces__rosidl_typesupport_introspection_cppExport.cmake
-- Installing: /home/mujue/pros/ud/ros2_rtdl/install/rtdl_demo_interfaces/share/rtdl_demo_interfaces/cmake/rtdl_demo_interfaces__rosidl_typesupport_introspection_cppExport-noconfig.cmake
-- Installing: /home/mujue/pros/ud/ros2_rtdl/install/rtdl_demo_interfaces/share/rtdl_demo_interfaces/cmake/rtdl_demo_interfaces__rosidl_typesupport_cppExport.cmake
-- Installing: /home/mujue/pros/ud/ros2_rtdl/install/rtdl_demo_interfaces/share/rtdl_demo_interfaces/cmake/rtdl_demo_interfaces__rosidl_typesupport_cppExport-noconfig.cmake
-- Installing: /home/mujue/pros/ud/ros2_rtdl/install/rtdl_demo_interfaces/share/rtdl_demo_interfaces/cmake/export_rtdl_demo_interfaces__rosidl_generator_pyExport.cmake
-- Installing: /home/mujue/pros/ud/ros2_rtdl/install/rtdl_demo_interfaces/share/rtdl_demo_interfaces/cmake/export_rtdl_demo_interfaces__rosidl_generator_pyExport-noconfig.cmake
-- Installing: /home/mujue/pros/ud/ros2_rtdl/install/rtdl_demo_interfaces/share/rtdl_demo_interfaces/cmake/rosidl_cmake-extras.cmake
-- Installing: /home/mujue/pros/ud/ros2_rtdl/install/rtdl_demo_interfaces/share/rtdl_demo_interfaces/cmake/ament_cmake_export_include_directories-extras.cmake
-- Installing: /home/mujue/pros/ud/ros2_rtdl/install/rtdl_demo_interfaces/share/rtdl_demo_interfaces/cmake/ament_cmake_export_libraries-extras.cmake
-- Installing: /home/mujue/pros/ud/ros2_rtdl/install/rtdl_demo_interfaces/share/rtdl_demo_interfaces/cmake/ament_cmake_export_targets-extras.cmake
-- Installing: /home/mujue/pros/ud/ros2_rtdl/install/rtdl_demo_interfaces/share/rtdl_demo_interfaces/cmake/rosidl_cmake_export_typesupport_targets-extras.cmake
-- Installing: /home/mujue/pros/ud/ros2_rtdl/install/rtdl_demo_interfaces/share/rtdl_demo_interfaces/cmake/ament_cmake_export_dependencies-extras.cmake
-- Installing: /home/mujue/pros/ud/ros2_rtdl/install/rtdl_demo_interfaces/share/rtdl_demo_interfaces/cmake/rosidl_cmake_export_typesupport_libraries-extras.cmake
-- Installing: /home/mujue/pros/ud/ros2_rtdl/install/rtdl_demo_interfaces/share/rtdl_demo_interfaces/cmake/rtdl_demo_interfacesConfig.cmake
-- Installing: /home/mujue/pros/ud/ros2_rtdl/install/rtdl_demo_interfaces/share/rtdl_demo_interfaces/cmake/rtdl_demo_interfacesConfig-version.cmake
-- Installing: /home/mujue/pros/ud/ros2_rtdl/install/rtdl_demo_interfaces/share/rtdl_demo_interfaces/package.xml
