[0.015s] Invoking command in '/home/mujue/pros/ud/ros2_rtdl/build/rtdl_demo_interfaces': CMAKE_PREFIX_PATH=/opt/ros/humble /usr/bin/cmake /home/mujue/pros/ud/ros2_rtdl/src/rtdl_demo_interfaces -DCMAKE_INSTALL_PREFIX=/home/mujue/pros/ud/ros2_rtdl/install/rtdl_demo_interfaces
[0.168s] -- The C compiler identification is GNU 11.4.0
[0.264s] -- The CXX compiler identification is GNU 11.4.0
[0.282s] -- Detecting C compiler ABI info
[0.441s] -- Detecting C compiler ABI info - done
[0.451s] -- Check for working C compiler: /usr/bin/cc - skipped
[0.452s] -- Detecting C compile features
[0.453s] -- Detecting C compile features - done
[0.460s] -- Detecting CXX compiler ABI info
[0.597s] -- Detecting CXX compiler ABI info - done
[0.601s] -- Check for working CXX compiler: /usr/bin/c++ - skipped
[0.602s] -- Detecting CXX compile features
[0.602s] -- Detecting CXX compile features - done
[0.606s] -- Found ament_cmake: 1.3.13 (/opt/ros/humble/share/ament_cmake/cmake)
[0.983s] -- Found Python3: /usr/bin/python3 (found version "3.10.12") found components: Interpreter 
[1.081s] -- Found rosidl_default_generators: 1.2.0 (/opt/ros/humble/share/rosidl_default_generators/cmake)
[1.088s] -- Using all available rosidl_typesupport_c: rosidl_typesupport_fastrtps_c;rosidl_typesupport_introspection_c
[1.094s] -- Found rosidl_adapter: 3.1.8 (/opt/ros/humble/share/rosidl_adapter/cmake)
[1.151s] -- Using all available rosidl_typesupport_cpp: rosidl_typesupport_fastrtps_cpp;rosidl_typesupport_introspection_cpp
[1.531s] -- Found ament_cmake_ros: 0.10.0 (/opt/ros/humble/share/ament_cmake_ros/cmake)
[1.820s] -- Using all available rosidl_typesupport_c: rosidl_typesupport_fastrtps_c;rosidl_typesupport_introspection_c
[2.121s] -- Using all available rosidl_typesupport_cpp: rosidl_typesupport_fastrtps_cpp;rosidl_typesupport_introspection_cpp
[2.141s] -- Found PythonInterp: /usr/bin/python3 (found suitable version "3.10.12", minimum required is "3.6") 
[2.143s] -- Found python_cmake_module: 0.10.0 (/opt/ros/humble/share/python_cmake_module/cmake)
[2.174s] -- Found PythonLibs: /usr/lib/x86_64-linux-gnu/libpython3.10.so (found suitable version "3.10.12", minimum required is "3.5") 
[2.174s] -- Using PYTHON_EXECUTABLE: /usr/bin/python3
[2.174s] -- Using PYTHON_INCLUDE_DIRS: /usr/include/python3.10
[2.174s] -- Using PYTHON_LIBRARIES: /usr/lib/x86_64-linux-gnu/libpython3.10.so
[2.194s] -- Found PythonExtra: .so  
[2.227s] -- Found ament_lint_auto: 0.12.15 (/opt/ros/humble/share/ament_lint_auto/cmake)
[2.267s] -- Added test 'lint_cmake' to check CMake code style
[2.270s] -- Added test 'xmllint' to check XML markup files
[2.274s] -- Configuring done
[2.313s] -- Generating done
[2.321s] -- Build files have been written to: /home/mujue/pros/ud/ros2_rtdl/build/rtdl_demo_interfaces
[2.328s] Invoked command in '/home/mujue/pros/ud/ros2_rtdl/build/rtdl_demo_interfaces' returned '0': CMAKE_PREFIX_PATH=/opt/ros/humble /usr/bin/cmake /home/mujue/pros/ud/ros2_rtdl/src/rtdl_demo_interfaces -DCMAKE_INSTALL_PREFIX=/home/mujue/pros/ud/ros2_rtdl/install/rtdl_demo_interfaces
[2.330s] Invoking command in '/home/mujue/pros/ud/ros2_rtdl/build/rtdl_demo_interfaces': CMAKE_PREFIX_PATH=/opt/ros/humble /usr/bin/cmake --build /home/mujue/pros/ud/ros2_rtdl/build/rtdl_demo_interfaces -- -j4 -l4
[2.386s] [  1%] [34m[1mGenerating C code for ROS interfaces[0m
[2.399s] [  2%] [34m[1mGenerating C++ code for ROS interfaces[0m
[2.408s] [  2%] Built target ament_cmake_python_copy_rtdl_demo_interfaces
[2.577s] running egg_info
[2.582s] creating rtdl_demo_interfaces.egg-info
[2.582s] writing rtdl_demo_interfaces.egg-info/PKG-INFO
[2.582s] writing dependency_links to rtdl_demo_interfaces.egg-info/dependency_links.txt
[2.583s] writing top-level names to rtdl_demo_interfaces.egg-info/top_level.txt
[2.583s] writing manifest file 'rtdl_demo_interfaces.egg-info/SOURCES.txt'
[2.610s] reading manifest file 'rtdl_demo_interfaces.egg-info/SOURCES.txt'
[2.611s] writing manifest file 'rtdl_demo_interfaces.egg-info/SOURCES.txt'
[2.640s] [  2%] Built target ament_cmake_python_build_rtdl_demo_interfaces_egg
[2.976s] [  2%] Built target rtdl_demo_interfaces__cpp
[2.985s] [  3%] [34m[1mGenerating C++ type support dispatch for ROS interfaces[0m
[2.992s] [  4%] [34m[1mGenerating C++ type support for eProsima Fast-RTPS[0m
[3.011s] [  5%] [34m[1mGenerating C++ introspection for ROS interfaces[0m
[3.030s] [  6%] [32mBuilding C object CMakeFiles/rtdl_demo_interfaces__rosidl_generator_c.dir/rosidl_generator_c/rtdl_demo_interfaces/msg/detail/object_state__functions.c.o[0m
[3.076s] [  7%] [32mBuilding C object CMakeFiles/rtdl_demo_interfaces__rosidl_generator_c.dir/rosidl_generator_c/rtdl_demo_interfaces/msg/detail/world_state__functions.c.o[0m
[3.119s] [  8%] [32mBuilding C object CMakeFiles/rtdl_demo_interfaces__rosidl_generator_c.dir/rosidl_generator_c/rtdl_demo_interfaces/srv/detail/check_object_in_room__functions.c.o[0m
[3.164s] [  9%] [32mBuilding C object CMakeFiles/rtdl_demo_interfaces__rosidl_generator_c.dir/rosidl_generator_c/rtdl_demo_interfaces/srv/detail/get_world_state__functions.c.o[0m
[3.211s] [ 10%] [32mBuilding C object CMakeFiles/rtdl_demo_interfaces__rosidl_generator_c.dir/rosidl_generator_c/rtdl_demo_interfaces/srv/detail/nav_to__functions.c.o[0m
[3.257s] [ 11%] [32mBuilding C object CMakeFiles/rtdl_demo_interfaces__rosidl_generator_c.dir/rosidl_generator_c/rtdl_demo_interfaces/srv/detail/pick__functions.c.o[0m
[3.302s] [ 12%] [32mBuilding C object CMakeFiles/rtdl_demo_interfaces__rosidl_generator_c.dir/rosidl_generator_c/rtdl_demo_interfaces/srv/detail/place__functions.c.o[0m
[3.310s] [ 13%] [32mBuilding CXX object CMakeFiles/rtdl_demo_interfaces__rosidl_typesupport_cpp.dir/rosidl_typesupport_cpp/rtdl_demo_interfaces/msg/object_state__type_support.cpp.o[0m
[3.344s] [ 14%] [32mBuilding C object CMakeFiles/rtdl_demo_interfaces__rosidl_generator_c.dir/rosidl_generator_c/rtdl_demo_interfaces/srv/detail/pick_pri__functions.c.o[0m
[3.387s] [ 15%] [32mBuilding C object CMakeFiles/rtdl_demo_interfaces__rosidl_generator_c.dir/rosidl_generator_c/rtdl_demo_interfaces/srv/detail/place_pri__functions.c.o[0m
[3.430s] [ 16%] [32m[1mLinking C shared library librtdl_demo_interfaces__rosidl_generator_c.so[0m
[3.455s] [ 17%] [32mBuilding CXX object CMakeFiles/rtdl_demo_interfaces__rosidl_typesupport_introspection_cpp.dir/rosidl_typesupport_introspection_cpp/rtdl_demo_interfaces/msg/detail/object_state__type_support.cpp.o[0m
[3.466s] [ 17%] Built target rtdl_demo_interfaces__rosidl_generator_c
[3.470s] [ 18%] [32mBuilding CXX object CMakeFiles/rtdl_demo_interfaces__rosidl_typesupport_fastrtps_cpp.dir/rosidl_typesupport_fastrtps_cpp/rtdl_demo_interfaces/msg/detail/dds_fastrtps/object_state__type_support.cpp.o[0m
[3.475s] [ 20%] [32mBuilding CXX object CMakeFiles/rtdl_demo_interfaces__rosidl_typesupport_introspection_cpp.dir/rosidl_typesupport_introspection_cpp/rtdl_demo_interfaces/msg/detail/world_state__type_support.cpp.o[0m
[3.492s] [ 21%] [32mBuilding CXX object CMakeFiles/rtdl_demo_interfaces__rosidl_typesupport_cpp.dir/rosidl_typesupport_cpp/rtdl_demo_interfaces/msg/world_state__type_support.cpp.o[0m
[3.667s] [ 22%] [32mBuilding CXX object CMakeFiles/rtdl_demo_interfaces__rosidl_typesupport_cpp.dir/rosidl_typesupport_cpp/rtdl_demo_interfaces/srv/check_object_in_room__type_support.cpp.o[0m
[3.715s] [ 24%] [32mBuilding CXX object CMakeFiles/rtdl_demo_interfaces__rosidl_typesupport_fastrtps_cpp.dir/rosidl_typesupport_fastrtps_cpp/rtdl_demo_interfaces/msg/detail/dds_fastrtps/world_state__type_support.cpp.o[0m
[3.715s] [ 24%] [32mBuilding CXX object CMakeFiles/rtdl_demo_interfaces__rosidl_typesupport_cpp.dir/rosidl_typesupport_cpp/rtdl_demo_interfaces/srv/get_world_state__type_support.cpp.o[0m
[3.733s] [ 25%] [32mBuilding CXX object CMakeFiles/rtdl_demo_interfaces__rosidl_typesupport_introspection_cpp.dir/rosidl_typesupport_introspection_cpp/rtdl_demo_interfaces/srv/detail/check_object_in_room__type_support.cpp.o[0m
[3.849s] [ 26%] [32mBuilding CXX object CMakeFiles/rtdl_demo_interfaces__rosidl_typesupport_introspection_cpp.dir/rosidl_typesupport_introspection_cpp/rtdl_demo_interfaces/srv/detail/get_world_state__type_support.cpp.o[0m
[3.891s] [ 27%] [32mBuilding CXX object CMakeFiles/rtdl_demo_interfaces__rosidl_typesupport_cpp.dir/rosidl_typesupport_cpp/rtdl_demo_interfaces/srv/nav_to__type_support.cpp.o[0m
[3.971s] [ 28%] [34m[1mGenerating C type support for eProsima Fast-RTPS[0m
[3.997s] [ 29%] [32mBuilding CXX object CMakeFiles/rtdl_demo_interfaces__rosidl_typesupport_fastrtps_cpp.dir/rosidl_typesupport_fastrtps_cpp/rtdl_demo_interfaces/srv/detail/dds_fastrtps/check_object_in_room__type_support.cpp.o[0m
[4.067s] [ 30%] [32mBuilding CXX object CMakeFiles/rtdl_demo_interfaces__rosidl_typesupport_cpp.dir/rosidl_typesupport_cpp/rtdl_demo_interfaces/srv/pick__type_support.cpp.o[0m
[4.108s] [ 31%] [32mBuilding CXX object CMakeFiles/rtdl_demo_interfaces__rosidl_typesupport_introspection_cpp.dir/rosidl_typesupport_introspection_cpp/rtdl_demo_interfaces/srv/detail/nav_to__type_support.cpp.o[0m
[4.237s] [ 32%] [32mBuilding CXX object CMakeFiles/rtdl_demo_interfaces__rosidl_typesupport_cpp.dir/rosidl_typesupport_cpp/rtdl_demo_interfaces/srv/place__type_support.cpp.o[0m
[4.266s] [ 33%] [32mBuilding CXX object CMakeFiles/rtdl_demo_interfaces__rosidl_typesupport_fastrtps_cpp.dir/rosidl_typesupport_fastrtps_cpp/rtdl_demo_interfaces/srv/detail/dds_fastrtps/get_world_state__type_support.cpp.o[0m
[4.349s] [ 34%] [32mBuilding CXX object CMakeFiles/rtdl_demo_interfaces__rosidl_typesupport_introspection_cpp.dir/rosidl_typesupport_introspection_cpp/rtdl_demo_interfaces/srv/detail/pick__type_support.cpp.o[0m
[4.417s] [ 35%] [32mBuilding CXX object CMakeFiles/rtdl_demo_interfaces__rosidl_typesupport_cpp.dir/rosidl_typesupport_cpp/rtdl_demo_interfaces/srv/pick_pri__type_support.cpp.o[0m
[4.448s] [ 36%] [32mBuilding CXX object CMakeFiles/rtdl_demo_interfaces__rosidl_typesupport_fastrtps_c.dir/rosidl_typesupport_fastrtps_c/rtdl_demo_interfaces/msg/detail/object_state__type_support_c.cpp.o[0m
[4.530s] [ 37%] [32mBuilding CXX object CMakeFiles/rtdl_demo_interfaces__rosidl_typesupport_fastrtps_cpp.dir/rosidl_typesupport_fastrtps_cpp/rtdl_demo_interfaces/srv/detail/dds_fastrtps/nav_to__type_support.cpp.o[0m
[4.588s] [ 38%] [32mBuilding CXX object CMakeFiles/rtdl_demo_interfaces__rosidl_typesupport_introspection_cpp.dir/rosidl_typesupport_introspection_cpp/rtdl_demo_interfaces/srv/detail/place__type_support.cpp.o[0m
[4.594s] [ 40%] [32mBuilding CXX object CMakeFiles/rtdl_demo_interfaces__rosidl_typesupport_cpp.dir/rosidl_typesupport_cpp/rtdl_demo_interfaces/srv/place_pri__type_support.cpp.o[0m
[4.662s] [ 41%] [32mBuilding CXX object CMakeFiles/rtdl_demo_interfaces__rosidl_typesupport_fastrtps_c.dir/rosidl_typesupport_fastrtps_c/rtdl_demo_interfaces/msg/detail/world_state__type_support_c.cpp.o[0m
[4.769s] [ 42%] [32m[1mLinking CXX shared library librtdl_demo_interfaces__rosidl_typesupport_cpp.so[0m
[4.781s] [ 43%] [32mBuilding CXX object CMakeFiles/rtdl_demo_interfaces__rosidl_typesupport_fastrtps_cpp.dir/rosidl_typesupport_fastrtps_cpp/rtdl_demo_interfaces/srv/detail/dds_fastrtps/pick__type_support.cpp.o[0m
[4.812s] [ 43%] Built target rtdl_demo_interfaces__rosidl_typesupport_cpp
[4.823s] [ 44%] [32mBuilding CXX object CMakeFiles/rtdl_demo_interfaces__rosidl_typesupport_introspection_cpp.dir/rosidl_typesupport_introspection_cpp/rtdl_demo_interfaces/srv/detail/pick_pri__type_support.cpp.o[0m
[4.840s] [ 45%] [32mBuilding CXX object CMakeFiles/rtdl_demo_interfaces__rosidl_typesupport_fastrtps_cpp.dir/rosidl_typesupport_fastrtps_cpp/rtdl_demo_interfaces/srv/detail/dds_fastrtps/place__type_support.cpp.o[0m
[4.876s] [ 46%] [32mBuilding CXX object CMakeFiles/rtdl_demo_interfaces__rosidl_typesupport_fastrtps_c.dir/rosidl_typesupport_fastrtps_c/rtdl_demo_interfaces/srv/detail/check_object_in_room__type_support_c.cpp.o[0m
[5.026s] [ 47%] [32mBuilding CXX object CMakeFiles/rtdl_demo_interfaces__rosidl_typesupport_fastrtps_c.dir/rosidl_typesupport_fastrtps_c/rtdl_demo_interfaces/srv/detail/get_world_state__type_support_c.cpp.o[0m
[5.064s] [ 48%] [32mBuilding CXX object CMakeFiles/rtdl_demo_interfaces__rosidl_typesupport_introspection_cpp.dir/rosidl_typesupport_introspection_cpp/rtdl_demo_interfaces/srv/detail/place_pri__type_support.cpp.o[0m
[5.099s] [ 49%] [32mBuilding CXX object CMakeFiles/rtdl_demo_interfaces__rosidl_typesupport_fastrtps_cpp.dir/rosidl_typesupport_fastrtps_cpp/rtdl_demo_interfaces/srv/detail/dds_fastrtps/pick_pri__type_support.cpp.o[0m
[5.109s] [ 50%] [34m[1mGenerating C introspection for ROS interfaces[0m
[5.246s] [ 51%] [32mBuilding CXX object CMakeFiles/rtdl_demo_interfaces__rosidl_typesupport_fastrtps_c.dir/rosidl_typesupport_fastrtps_c/rtdl_demo_interfaces/srv/detail/nav_to__type_support_c.cpp.o[0m
[5.306s] [ 52%] [32m[1mLinking CXX shared library librtdl_demo_interfaces__rosidl_typesupport_introspection_cpp.so[0m
[5.365s] [ 53%] [32mBuilding CXX object CMakeFiles/rtdl_demo_interfaces__rosidl_typesupport_fastrtps_cpp.dir/rosidl_typesupport_fastrtps_cpp/rtdl_demo_interfaces/srv/detail/dds_fastrtps/place_pri__type_support.cpp.o[0m
[5.379s] [ 53%] Built target rtdl_demo_interfaces__rosidl_typesupport_introspection_cpp
[5.386s] [ 54%] [32mBuilding CXX object CMakeFiles/rtdl_demo_interfaces__rosidl_typesupport_fastrtps_c.dir/rosidl_typesupport_fastrtps_c/rtdl_demo_interfaces/srv/detail/pick__type_support_c.cpp.o[0m
[5.497s] [ 55%] [34m[1mGenerating C type support dispatch for ROS interfaces[0m
[5.585s] [ 56%] [32mBuilding C object CMakeFiles/rtdl_demo_interfaces__rosidl_typesupport_introspection_c.dir/rosidl_typesupport_introspection_c/rtdl_demo_interfaces/msg/detail/object_state__type_support.c.o[0m
[5.618s] [ 57%] [32mBuilding C object CMakeFiles/rtdl_demo_interfaces__rosidl_typesupport_introspection_c.dir/rosidl_typesupport_introspection_c/rtdl_demo_interfaces/msg/detail/world_state__type_support.c.o[0m
[5.624s] [ 58%] [32mBuilding CXX object CMakeFiles/rtdl_demo_interfaces__rosidl_typesupport_fastrtps_c.dir/rosidl_typesupport_fastrtps_c/rtdl_demo_interfaces/srv/detail/place__type_support_c.cpp.o[0m
[5.642s] [ 60%] [32m[1mLinking CXX shared library librtdl_demo_interfaces__rosidl_typesupport_fastrtps_cpp.so[0m
[5.648s] [ 61%] [32mBuilding C object CMakeFiles/rtdl_demo_interfaces__rosidl_typesupport_introspection_c.dir/rosidl_typesupport_introspection_c/rtdl_demo_interfaces/srv/detail/check_object_in_room__type_support.c.o[0m
[5.685s] [ 62%] [32mBuilding C object CMakeFiles/rtdl_demo_interfaces__rosidl_typesupport_introspection_c.dir/rosidl_typesupport_introspection_c/rtdl_demo_interfaces/srv/detail/get_world_state__type_support.c.o[0m
[5.715s] [ 63%] [32mBuilding C object CMakeFiles/rtdl_demo_interfaces__rosidl_typesupport_introspection_c.dir/rosidl_typesupport_introspection_c/rtdl_demo_interfaces/srv/detail/nav_to__type_support.c.o[0m
[5.715s] [ 63%] Built target rtdl_demo_interfaces__rosidl_typesupport_fastrtps_cpp
[5.721s] [ 64%] [32mBuilding CXX object CMakeFiles/rtdl_demo_interfaces__rosidl_typesupport_fastrtps_c.dir/rosidl_typesupport_fastrtps_c/rtdl_demo_interfaces/srv/detail/pick_pri__type_support_c.cpp.o[0m
[5.742s] [ 65%] [32mBuilding C object CMakeFiles/rtdl_demo_interfaces__rosidl_typesupport_introspection_c.dir/rosidl_typesupport_introspection_c/rtdl_demo_interfaces/srv/detail/pick__type_support.c.o[0m
[5.776s] [ 66%] [32mBuilding C object CMakeFiles/rtdl_demo_interfaces__rosidl_typesupport_introspection_c.dir/rosidl_typesupport_introspection_c/rtdl_demo_interfaces/srv/detail/place__type_support.c.o[0m
[5.806s] [ 67%] [32mBuilding C object CMakeFiles/rtdl_demo_interfaces__rosidl_typesupport_introspection_c.dir/rosidl_typesupport_introspection_c/rtdl_demo_interfaces/srv/detail/pick_pri__type_support.c.o[0m
[5.820s] [ 68%] [32mBuilding CXX object CMakeFiles/rtdl_demo_interfaces__rosidl_typesupport_c.dir/rosidl_typesupport_c/rtdl_demo_interfaces/msg/object_state__type_support.cpp.o[0m
[5.839s] [ 69%] [32mBuilding C object CMakeFiles/rtdl_demo_interfaces__rosidl_typesupport_introspection_c.dir/rosidl_typesupport_introspection_c/rtdl_demo_interfaces/srv/detail/place_pri__type_support.c.o[0m
[5.843s] [ 70%] [32mBuilding CXX object CMakeFiles/rtdl_demo_interfaces__rosidl_typesupport_c.dir/rosidl_typesupport_c/rtdl_demo_interfaces/msg/world_state__type_support.cpp.o[0m
[5.847s] [ 71%] [32mBuilding CXX object CMakeFiles/rtdl_demo_interfaces__rosidl_typesupport_c.dir/rosidl_typesupport_c/rtdl_demo_interfaces/srv/check_object_in_room__type_support.cpp.o[0m
[5.871s] [ 72%] [32m[1mLinking C shared library librtdl_demo_interfaces__rosidl_typesupport_introspection_c.so[0m
[5.872s] [ 73%] [32mBuilding CXX object CMakeFiles/rtdl_demo_interfaces__rosidl_typesupport_c.dir/rosidl_typesupport_c/rtdl_demo_interfaces/srv/get_world_state__type_support.cpp.o[0m
[5.880s] [ 74%] [32mBuilding CXX object CMakeFiles/rtdl_demo_interfaces__rosidl_typesupport_c.dir/rosidl_typesupport_c/rtdl_demo_interfaces/srv/nav_to__type_support.cpp.o[0m
[5.902s] [ 75%] [32mBuilding CXX object CMakeFiles/rtdl_demo_interfaces__rosidl_typesupport_c.dir/rosidl_typesupport_c/rtdl_demo_interfaces/srv/pick__type_support.cpp.o[0m
[5.903s] [ 75%] Built target rtdl_demo_interfaces__rosidl_typesupport_introspection_c
[5.908s] [ 76%] [32mBuilding CXX object CMakeFiles/rtdl_demo_interfaces__rosidl_typesupport_c.dir/rosidl_typesupport_c/rtdl_demo_interfaces/srv/place__type_support.cpp.o[0m
[5.912s] [ 77%] [32mBuilding CXX object CMakeFiles/rtdl_demo_interfaces__rosidl_typesupport_c.dir/rosidl_typesupport_c/rtdl_demo_interfaces/srv/pick_pri__type_support.cpp.o[0m
[5.931s] [ 78%] [32mBuilding CXX object CMakeFiles/rtdl_demo_interfaces__rosidl_typesupport_c.dir/rosidl_typesupport_c/rtdl_demo_interfaces/srv/place_pri__type_support.cpp.o[0m
[5.933s] [ 80%] [32mBuilding CXX object CMakeFiles/rtdl_demo_interfaces__rosidl_typesupport_fastrtps_c.dir/rosidl_typesupport_fastrtps_c/rtdl_demo_interfaces/srv/detail/place_pri__type_support_c.cpp.o[0m
[5.958s] [ 81%] [32m[1mLinking CXX shared library librtdl_demo_interfaces__rosidl_typesupport_c.so[0m
[6.008s] [ 81%] Built target rtdl_demo_interfaces__rosidl_typesupport_c
[6.160s] [ 82%] [32m[1mLinking CXX shared library librtdl_demo_interfaces__rosidl_typesupport_fastrtps_c.so[0m
[6.250s] [ 82%] Built target rtdl_demo_interfaces__rosidl_typesupport_fastrtps_c
[6.269s] [ 82%] Built target rtdl_demo_interfaces
[6.293s] [ 83%] [34m[1mGenerating Python code for ROS interfaces[0m
[7.115s] [ 83%] Built target rtdl_demo_interfaces__py
[7.136s] [ 85%] [32mBuilding C object CMakeFiles/rtdl_demo_interfaces__rosidl_generator_py.dir/rosidl_generator_py/rtdl_demo_interfaces/msg/_world_state_s.c.o[0m
[7.136s] [ 85%] [32mBuilding C object CMakeFiles/rtdl_demo_interfaces__rosidl_generator_py.dir/rosidl_generator_py/rtdl_demo_interfaces/msg/_object_state_s.c.o[0m
[7.136s] [ 86%] [32mBuilding C object CMakeFiles/rtdl_demo_interfaces__rosidl_generator_py.dir/rosidl_generator_py/rtdl_demo_interfaces/srv/_check_object_in_room_s.c.o[0m
[7.138s] [ 87%] [32mBuilding C object CMakeFiles/rtdl_demo_interfaces__rosidl_generator_py.dir/rosidl_generator_py/rtdl_demo_interfaces/srv/_get_world_state_s.c.o[0m
[7.233s] [ 91%] [32mBuilding C object CMakeFiles/rtdl_demo_interfaces__rosidl_generator_py.dir/rosidl_generator_py/rtdl_demo_interfaces/srv/_pick_pri_s.c.o[0m
[7.233s] [ 91%] [32mBuilding C object CMakeFiles/rtdl_demo_interfaces__rosidl_generator_py.dir/rosidl_generator_py/rtdl_demo_interfaces/srv/_pick_s.c.o[0m
[7.233s] [ 91%] [32mBuilding C object CMakeFiles/rtdl_demo_interfaces__rosidl_generator_py.dir/rosidl_generator_py/rtdl_demo_interfaces/srv/_nav_to_s.c.o[0m
[7.233s] [ 91%] [32mBuilding C object CMakeFiles/rtdl_demo_interfaces__rosidl_generator_py.dir/rosidl_generator_py/rtdl_demo_interfaces/srv/_place_s.c.o[0m
[7.307s] [ 92%] [32mBuilding C object CMakeFiles/rtdl_demo_interfaces__rosidl_generator_py.dir/rosidl_generator_py/rtdl_demo_interfaces/srv/_place_pri_s.c.o[0m
[7.394s] [ 93%] [32m[1mLinking C shared library rosidl_generator_py/rtdl_demo_interfaces/librtdl_demo_interfaces__rosidl_generator_py.so[0m
[7.453s] [ 93%] Built target rtdl_demo_interfaces__rosidl_generator_py
[7.483s] [ 94%] [32mBuilding C object CMakeFiles/rtdl_demo_interfaces__rosidl_typesupport_introspection_c__pyext.dir/rosidl_generator_py/rtdl_demo_interfaces/_rtdl_demo_interfaces_s.ep.rosidl_typesupport_introspection_c.c.o[0m
[7.487s] [ 95%] [32mBuilding C object CMakeFiles/rtdl_demo_interfaces__rosidl_typesupport_c__pyext.dir/rosidl_generator_py/rtdl_demo_interfaces/_rtdl_demo_interfaces_s.ep.rosidl_typesupport_c.c.o[0m
[7.487s] [ 96%] [32mBuilding C object CMakeFiles/rtdl_demo_interfaces__rosidl_typesupport_fastrtps_c__pyext.dir/rosidl_generator_py/rtdl_demo_interfaces/_rtdl_demo_interfaces_s.ep.rosidl_typesupport_fastrtps_c.c.o[0m
[7.590s] [ 98%] [32m[1mLinking C shared library rosidl_generator_py/rtdl_demo_interfaces/rtdl_demo_interfaces_s__rosidl_typesupport_fastrtps_c.cpython-310-x86_64-linux-gnu.so[0m
[7.591s] [ 98%] [32m[1mLinking C shared library rosidl_generator_py/rtdl_demo_interfaces/rtdl_demo_interfaces_s__rosidl_typesupport_introspection_c.cpython-310-x86_64-linux-gnu.so[0m
[7.591s] [100%] [32m[1mLinking C shared library rosidl_generator_py/rtdl_demo_interfaces/rtdl_demo_interfaces_s__rosidl_typesupport_c.cpython-310-x86_64-linux-gnu.so[0m
[7.621s] [100%] Built target rtdl_demo_interfaces__rosidl_typesupport_c__pyext
[7.621s] [100%] Built target rtdl_demo_interfaces__rosidl_typesupport_fastrtps_c__pyext
[7.621s] [100%] Built target rtdl_demo_interfaces__rosidl_typesupport_introspection_c__pyext
[7.631s] Invoked command in '/home/mujue/pros/ud/ros2_rtdl/build/rtdl_demo_interfaces' returned '0': CMAKE_PREFIX_PATH=/opt/ros/humble /usr/bin/cmake --build /home/mujue/pros/ud/ros2_rtdl/build/rtdl_demo_interfaces -- -j4 -l4
[7.642s] Invoking command in '/home/mujue/pros/ud/ros2_rtdl/build/rtdl_demo_interfaces': CMAKE_PREFIX_PATH=/opt/ros/humble /usr/bin/cmake --install /home/mujue/pros/ud/ros2_rtdl/build/rtdl_demo_interfaces
[7.649s] -- Install configuration: ""
[7.649s] -- Installing: /home/mujue/pros/ud/ros2_rtdl/install/rtdl_demo_interfaces/share/ament_index/resource_index/rosidl_interfaces/rtdl_demo_interfaces
[7.649s] -- Installing: /home/mujue/pros/ud/ros2_rtdl/install/rtdl_demo_interfaces/include/rtdl_demo_interfaces/rtdl_demo_interfaces
[7.649s] -- Installing: /home/mujue/pros/ud/ros2_rtdl/install/rtdl_demo_interfaces/include/rtdl_demo_interfaces/rtdl_demo_interfaces/msg
[7.649s] -- Installing: /home/mujue/pros/ud/ros2_rtdl/install/rtdl_demo_interfaces/include/rtdl_demo_interfaces/rtdl_demo_interfaces/msg/world_state.h
[7.649s] -- Installing: /home/mujue/pros/ud/ros2_rtdl/install/rtdl_demo_interfaces/include/rtdl_demo_interfaces/rtdl_demo_interfaces/msg/detail
[7.649s] -- Installing: /home/mujue/pros/ud/ros2_rtdl/install/rtdl_demo_interfaces/include/rtdl_demo_interfaces/rtdl_demo_interfaces/msg/detail/world_state__struct.h
[7.649s] -- Installing: /home/mujue/pros/ud/ros2_rtdl/install/rtdl_demo_interfaces/include/rtdl_demo_interfaces/rtdl_demo_interfaces/msg/detail/object_state__type_support.h
[7.649s] -- Installing: /home/mujue/pros/ud/ros2_rtdl/install/rtdl_demo_interfaces/include/rtdl_demo_interfaces/rtdl_demo_interfaces/msg/detail/object_state__struct.h
[7.649s] -- Installing: /home/mujue/pros/ud/ros2_rtdl/install/rtdl_demo_interfaces/include/rtdl_demo_interfaces/rtdl_demo_interfaces/msg/detail/object_state__functions.c
[7.650s] -- Installing: /home/mujue/pros/ud/ros2_rtdl/install/rtdl_demo_interfaces/include/rtdl_demo_interfaces/rtdl_demo_interfaces/msg/detail/world_state__functions.h
[7.650s] -- Installing: /home/mujue/pros/ud/ros2_rtdl/install/rtdl_demo_interfaces/include/rtdl_demo_interfaces/rtdl_demo_interfaces/msg/detail/object_state__functions.h
[7.650s] -- Installing: /home/mujue/pros/ud/ros2_rtdl/install/rtdl_demo_interfaces/include/rtdl_demo_interfaces/rtdl_demo_interfaces/msg/detail/world_state__functions.c
[7.650s] -- Installing: /home/mujue/pros/ud/ros2_rtdl/install/rtdl_demo_interfaces/include/rtdl_demo_interfaces/rtdl_demo_interfaces/msg/detail/world_state__type_support.h
[7.650s] -- Installing: /home/mujue/pros/ud/ros2_rtdl/install/rtdl_demo_interfaces/include/rtdl_demo_interfaces/rtdl_demo_interfaces/msg/object_state.h
[7.650s] -- Installing: /home/mujue/pros/ud/ros2_rtdl/install/rtdl_demo_interfaces/include/rtdl_demo_interfaces/rtdl_demo_interfaces/msg/rosidl_generator_c__visibility_control.h
[7.650s] -- Installing: /home/mujue/pros/ud/ros2_rtdl/install/rtdl_demo_interfaces/include/rtdl_demo_interfaces/rtdl_demo_interfaces/srv
[7.650s] -- Installing: /home/mujue/pros/ud/ros2_rtdl/install/rtdl_demo_interfaces/include/rtdl_demo_interfaces/rtdl_demo_interfaces/srv/check_object_in_room.h
[7.650s] -- Installing: /home/mujue/pros/ud/ros2_rtdl/install/rtdl_demo_interfaces/include/rtdl_demo_interfaces/rtdl_demo_interfaces/srv/place_pri.h
[7.650s] -- Installing: /home/mujue/pros/ud/ros2_rtdl/install/rtdl_demo_interfaces/include/rtdl_demo_interfaces/rtdl_demo_interfaces/srv/nav_to.h
[7.650s] -- Installing: /home/mujue/pros/ud/ros2_rtdl/install/rtdl_demo_interfaces/include/rtdl_demo_interfaces/rtdl_demo_interfaces/srv/detail
[7.650s] -- Installing: /home/mujue/pros/ud/ros2_rtdl/install/rtdl_demo_interfaces/include/rtdl_demo_interfaces/rtdl_demo_interfaces/srv/detail/nav_to__functions.c
[7.650s] -- Installing: /home/mujue/pros/ud/ros2_rtdl/install/rtdl_demo_interfaces/include/rtdl_demo_interfaces/rtdl_demo_interfaces/srv/detail/check_object_in_room__functions.c
[7.651s] -- Installing: /home/mujue/pros/ud/ros2_rtdl/install/rtdl_demo_interfaces/include/rtdl_demo_interfaces/rtdl_demo_interfaces/srv/detail/place__functions.c
[7.651s] -- Installing: /home/mujue/pros/ud/ros2_rtdl/install/rtdl_demo_interfaces/include/rtdl_demo_interfaces/rtdl_demo_interfaces/srv/detail/place_pri__struct.h
[7.651s] -- Installing: /home/mujue/pros/ud/ros2_rtdl/install/rtdl_demo_interfaces/include/rtdl_demo_interfaces/rtdl_demo_interfaces/srv/detail/get_world_state__functions.c
[7.651s] -- Installing: /home/mujue/pros/ud/ros2_rtdl/install/rtdl_demo_interfaces/include/rtdl_demo_interfaces/rtdl_demo_interfaces/srv/detail/place_pri__type_support.h
[7.651s] -- Installing: /home/mujue/pros/ud/ros2_rtdl/install/rtdl_demo_interfaces/include/rtdl_demo_interfaces/rtdl_demo_interfaces/srv/detail/nav_to__type_support.h
[7.651s] -- Installing: /home/mujue/pros/ud/ros2_rtdl/install/rtdl_demo_interfaces/include/rtdl_demo_interfaces/rtdl_demo_interfaces/srv/detail/place_pri__functions.c
[7.651s] -- Installing: /home/mujue/pros/ud/ros2_rtdl/install/rtdl_demo_interfaces/include/rtdl_demo_interfaces/rtdl_demo_interfaces/srv/detail/pick__functions.c
[7.651s] -- Installing: /home/mujue/pros/ud/ros2_rtdl/install/rtdl_demo_interfaces/include/rtdl_demo_interfaces/rtdl_demo_interfaces/srv/detail/place__struct.h
[7.652s] -- Installing: /home/mujue/pros/ud/ros2_rtdl/install/rtdl_demo_interfaces/include/rtdl_demo_interfaces/rtdl_demo_interfaces/srv/detail/pick_pri__type_support.h
[7.652s] -- Installing: /home/mujue/pros/ud/ros2_rtdl/install/rtdl_demo_interfaces/include/rtdl_demo_interfaces/rtdl_demo_interfaces/srv/detail/pick_pri__struct.h
[7.652s] -- Installing: /home/mujue/pros/ud/ros2_rtdl/install/rtdl_demo_interfaces/include/rtdl_demo_interfaces/rtdl_demo_interfaces/srv/detail/pick__functions.h
[7.652s] -- Installing: /home/mujue/pros/ud/ros2_rtdl/install/rtdl_demo_interfaces/include/rtdl_demo_interfaces/rtdl_demo_interfaces/srv/detail/check_object_in_room__struct.h
[7.652s] -- Installing: /home/mujue/pros/ud/ros2_rtdl/install/rtdl_demo_interfaces/include/rtdl_demo_interfaces/rtdl_demo_interfaces/srv/detail/place__functions.h
[7.652s] -- Installing: /home/mujue/pros/ud/ros2_rtdl/install/rtdl_demo_interfaces/include/rtdl_demo_interfaces/rtdl_demo_interfaces/srv/detail/check_object_in_room__type_support.h
[7.652s] -- Installing: /home/mujue/pros/ud/ros2_rtdl/install/rtdl_demo_interfaces/include/rtdl_demo_interfaces/rtdl_demo_interfaces/srv/detail/get_world_state__struct.h
[7.652s] -- Installing: /home/mujue/pros/ud/ros2_rtdl/install/rtdl_demo_interfaces/include/rtdl_demo_interfaces/rtdl_demo_interfaces/srv/detail/nav_to__functions.h
[7.652s] -- Installing: /home/mujue/pros/ud/ros2_rtdl/install/rtdl_demo_interfaces/include/rtdl_demo_interfaces/rtdl_demo_interfaces/srv/detail/get_world_state__functions.h
[7.652s] -- Installing: /home/mujue/pros/ud/ros2_rtdl/install/rtdl_demo_interfaces/include/rtdl_demo_interfaces/rtdl_demo_interfaces/srv/detail/pick__struct.h
[7.652s] -- Installing: /home/mujue/pros/ud/ros2_rtdl/install/rtdl_demo_interfaces/include/rtdl_demo_interfaces/rtdl_demo_interfaces/srv/detail/place__type_support.h
[7.652s] -- Installing: /home/mujue/pros/ud/ros2_rtdl/install/rtdl_demo_interfaces/include/rtdl_demo_interfaces/rtdl_demo_interfaces/srv/detail/check_object_in_room__functions.h
[7.652s] -- Installing: /home/mujue/pros/ud/ros2_rtdl/install/rtdl_demo_interfaces/include/rtdl_demo_interfaces/rtdl_demo_interfaces/srv/detail/get_world_state__type_support.h
[7.652s] -- Installing: /home/mujue/pros/ud/ros2_rtdl/install/rtdl_demo_interfaces/include/rtdl_demo_interfaces/rtdl_demo_interfaces/srv/detail/pick__type_support.h
[7.653s] -- Installing: /home/mujue/pros/ud/ros2_rtdl/install/rtdl_demo_interfaces/include/rtdl_demo_interfaces/rtdl_demo_interfaces/srv/detail/nav_to__struct.h
[7.653s] -- Installing: /home/mujue/pros/ud/ros2_rtdl/install/rtdl_demo_interfaces/include/rtdl_demo_interfaces/rtdl_demo_interfaces/srv/detail/place_pri__functions.h
[7.653s] -- Installing: /home/mujue/pros/ud/ros2_rtdl/install/rtdl_demo_interfaces/include/rtdl_demo_interfaces/rtdl_demo_interfaces/srv/detail/pick_pri__functions.c
[7.653s] -- Installing: /home/mujue/pros/ud/ros2_rtdl/install/rtdl_demo_interfaces/include/rtdl_demo_interfaces/rtdl_demo_interfaces/srv/detail/pick_pri__functions.h
[7.653s] -- Installing: /home/mujue/pros/ud/ros2_rtdl/install/rtdl_demo_interfaces/include/rtdl_demo_interfaces/rtdl_demo_interfaces/srv/place.h
[7.653s] -- Installing: /home/mujue/pros/ud/ros2_rtdl/install/rtdl_demo_interfaces/include/rtdl_demo_interfaces/rtdl_demo_interfaces/srv/pick_pri.h
[7.653s] -- Installing: /home/mujue/pros/ud/ros2_rtdl/install/rtdl_demo_interfaces/include/rtdl_demo_interfaces/rtdl_demo_interfaces/srv/get_world_state.h
[7.653s] -- Installing: /home/mujue/pros/ud/ros2_rtdl/install/rtdl_demo_interfaces/include/rtdl_demo_interfaces/rtdl_demo_interfaces/srv/pick.h
[7.653s] -- Installing: /home/mujue/pros/ud/ros2_rtdl/install/rtdl_demo_interfaces/share/rtdl_demo_interfaces/environment/library_path.sh
[7.653s] -- Installing: /home/mujue/pros/ud/ros2_rtdl/install/rtdl_demo_interfaces/share/rtdl_demo_interfaces/environment/library_path.dsv
[7.653s] -- Installing: /home/mujue/pros/ud/ros2_rtdl/install/rtdl_demo_interfaces/lib/librtdl_demo_interfaces__rosidl_generator_c.so
[7.653s] -- Set runtime path of "/home/mujue/pros/ud/ros2_rtdl/install/rtdl_demo_interfaces/lib/librtdl_demo_interfaces__rosidl_generator_c.so" to ""
[7.653s] -- Up-to-date: /home/mujue/pros/ud/ros2_rtdl/install/rtdl_demo_interfaces/include/rtdl_demo_interfaces/rtdl_demo_interfaces
[7.654s] -- Up-to-date: /home/mujue/pros/ud/ros2_rtdl/install/rtdl_demo_interfaces/include/rtdl_demo_interfaces/rtdl_demo_interfaces/msg
[7.654s] -- Up-to-date: /home/mujue/pros/ud/ros2_rtdl/install/rtdl_demo_interfaces/include/rtdl_demo_interfaces/rtdl_demo_interfaces/msg/detail
[7.654s] -- Installing: /home/mujue/pros/ud/ros2_rtdl/install/rtdl_demo_interfaces/include/rtdl_demo_interfaces/rtdl_demo_interfaces/msg/detail/object_state__rosidl_typesupport_fastrtps_c.h
[7.654s] -- Installing: /home/mujue/pros/ud/ros2_rtdl/install/rtdl_demo_interfaces/include/rtdl_demo_interfaces/rtdl_demo_interfaces/msg/detail/world_state__rosidl_typesupport_fastrtps_c.h
[7.654s] -- Installing: /home/mujue/pros/ud/ros2_rtdl/install/rtdl_demo_interfaces/include/rtdl_demo_interfaces/rtdl_demo_interfaces/msg/rosidl_typesupport_fastrtps_c__visibility_control.h
[7.654s] -- Up-to-date: /home/mujue/pros/ud/ros2_rtdl/install/rtdl_demo_interfaces/include/rtdl_demo_interfaces/rtdl_demo_interfaces/srv
[7.654s] -- Up-to-date: /home/mujue/pros/ud/ros2_rtdl/install/rtdl_demo_interfaces/include/rtdl_demo_interfaces/rtdl_demo_interfaces/srv/detail
[7.654s] -- Installing: /home/mujue/pros/ud/ros2_rtdl/install/rtdl_demo_interfaces/include/rtdl_demo_interfaces/rtdl_demo_interfaces/srv/detail/nav_to__rosidl_typesupport_fastrtps_c.h
[7.654s] -- Installing: /home/mujue/pros/ud/ros2_rtdl/install/rtdl_demo_interfaces/include/rtdl_demo_interfaces/rtdl_demo_interfaces/srv/detail/pick_pri__rosidl_typesupport_fastrtps_c.h
[7.654s] -- Installing: /home/mujue/pros/ud/ros2_rtdl/install/rtdl_demo_interfaces/include/rtdl_demo_interfaces/rtdl_demo_interfaces/srv/detail/get_world_state__rosidl_typesupport_fastrtps_c.h
[7.654s] -- Installing: /home/mujue/pros/ud/ros2_rtdl/install/rtdl_demo_interfaces/include/rtdl_demo_interfaces/rtdl_demo_interfaces/srv/detail/place__rosidl_typesupport_fastrtps_c.h
[7.654s] -- Installing: /home/mujue/pros/ud/ros2_rtdl/install/rtdl_demo_interfaces/include/rtdl_demo_interfaces/rtdl_demo_interfaces/srv/detail/place_pri__rosidl_typesupport_fastrtps_c.h
[7.654s] -- Installing: /home/mujue/pros/ud/ros2_rtdl/install/rtdl_demo_interfaces/include/rtdl_demo_interfaces/rtdl_demo_interfaces/srv/detail/check_object_in_room__rosidl_typesupport_fastrtps_c.h
[7.654s] -- Installing: /home/mujue/pros/ud/ros2_rtdl/install/rtdl_demo_interfaces/include/rtdl_demo_interfaces/rtdl_demo_interfaces/srv/detail/pick__rosidl_typesupport_fastrtps_c.h
[7.654s] -- Installing: /home/mujue/pros/ud/ros2_rtdl/install/rtdl_demo_interfaces/lib/librtdl_demo_interfaces__rosidl_typesupport_fastrtps_c.so
[7.655s] -- Set runtime path of "/home/mujue/pros/ud/ros2_rtdl/install/rtdl_demo_interfaces/lib/librtdl_demo_interfaces__rosidl_typesupport_fastrtps_c.so" to ""
[7.655s] -- Up-to-date: /home/mujue/pros/ud/ros2_rtdl/install/rtdl_demo_interfaces/include/rtdl_demo_interfaces/rtdl_demo_interfaces
[7.655s] -- Up-to-date: /home/mujue/pros/ud/ros2_rtdl/install/rtdl_demo_interfaces/include/rtdl_demo_interfaces/rtdl_demo_interfaces/msg
[7.655s] -- Installing: /home/mujue/pros/ud/ros2_rtdl/install/rtdl_demo_interfaces/include/rtdl_demo_interfaces/rtdl_demo_interfaces/msg/rosidl_typesupport_introspection_c__visibility_control.h
[7.655s] -- Up-to-date: /home/mujue/pros/ud/ros2_rtdl/install/rtdl_demo_interfaces/include/rtdl_demo_interfaces/rtdl_demo_interfaces/msg/detail
[7.655s] -- Installing: /home/mujue/pros/ud/ros2_rtdl/install/rtdl_demo_interfaces/include/rtdl_demo_interfaces/rtdl_demo_interfaces/msg/detail/world_state__rosidl_typesupport_introspection_c.h
[7.655s] -- Installing: /home/mujue/pros/ud/ros2_rtdl/install/rtdl_demo_interfaces/include/rtdl_demo_interfaces/rtdl_demo_interfaces/msg/detail/object_state__rosidl_typesupport_introspection_c.h
[7.655s] -- Installing: /home/mujue/pros/ud/ros2_rtdl/install/rtdl_demo_interfaces/include/rtdl_demo_interfaces/rtdl_demo_interfaces/msg/detail/object_state__type_support.c
[7.655s] -- Installing: /home/mujue/pros/ud/ros2_rtdl/install/rtdl_demo_interfaces/include/rtdl_demo_interfaces/rtdl_demo_interfaces/msg/detail/world_state__type_support.c
[7.655s] -- Up-to-date: /home/mujue/pros/ud/ros2_rtdl/install/rtdl_demo_interfaces/include/rtdl_demo_interfaces/rtdl_demo_interfaces/srv
[7.655s] -- Up-to-date: /home/mujue/pros/ud/ros2_rtdl/install/rtdl_demo_interfaces/include/rtdl_demo_interfaces/rtdl_demo_interfaces/srv/detail
[7.655s] -- Installing: /home/mujue/pros/ud/ros2_rtdl/install/rtdl_demo_interfaces/include/rtdl_demo_interfaces/rtdl_demo_interfaces/srv/detail/get_world_state__rosidl_typesupport_introspection_c.h
[7.655s] -- Installing: /home/mujue/pros/ud/ros2_rtdl/install/rtdl_demo_interfaces/include/rtdl_demo_interfaces/rtdl_demo_interfaces/srv/detail/pick__rosidl_typesupport_introspection_c.h
[7.655s] -- Installing: /home/mujue/pros/ud/ros2_rtdl/install/rtdl_demo_interfaces/include/rtdl_demo_interfaces/rtdl_demo_interfaces/srv/detail/nav_to__rosidl_typesupport_introspection_c.h
[7.655s] -- Installing: /home/mujue/pros/ud/ros2_rtdl/install/rtdl_demo_interfaces/include/rtdl_demo_interfaces/rtdl_demo_interfaces/srv/detail/pick__type_support.c
[7.655s] -- Installing: /home/mujue/pros/ud/ros2_rtdl/install/rtdl_demo_interfaces/include/rtdl_demo_interfaces/rtdl_demo_interfaces/srv/detail/place__type_support.c
[7.655s] -- Installing: /home/mujue/pros/ud/ros2_rtdl/install/rtdl_demo_interfaces/include/rtdl_demo_interfaces/rtdl_demo_interfaces/srv/detail/check_object_in_room__type_support.c
[7.656s] -- Installing: /home/mujue/pros/ud/ros2_rtdl/install/rtdl_demo_interfaces/include/rtdl_demo_interfaces/rtdl_demo_interfaces/srv/detail/pick_pri__type_support.c
[7.656s] -- Installing: /home/mujue/pros/ud/ros2_rtdl/install/rtdl_demo_interfaces/include/rtdl_demo_interfaces/rtdl_demo_interfaces/srv/detail/get_world_state__type_support.c
[7.656s] -- Installing: /home/mujue/pros/ud/ros2_rtdl/install/rtdl_demo_interfaces/include/rtdl_demo_interfaces/rtdl_demo_interfaces/srv/detail/check_object_in_room__rosidl_typesupport_introspection_c.h
[7.656s] -- Installing: /home/mujue/pros/ud/ros2_rtdl/install/rtdl_demo_interfaces/include/rtdl_demo_interfaces/rtdl_demo_interfaces/srv/detail/place__rosidl_typesupport_introspection_c.h
[7.656s] -- Installing: /home/mujue/pros/ud/ros2_rtdl/install/rtdl_demo_interfaces/include/rtdl_demo_interfaces/rtdl_demo_interfaces/srv/detail/pick_pri__rosidl_typesupport_introspection_c.h
[7.656s] -- Installing: /home/mujue/pros/ud/ros2_rtdl/install/rtdl_demo_interfaces/include/rtdl_demo_interfaces/rtdl_demo_interfaces/srv/detail/nav_to__type_support.c
[7.656s] -- Installing: /home/mujue/pros/ud/ros2_rtdl/install/rtdl_demo_interfaces/include/rtdl_demo_interfaces/rtdl_demo_interfaces/srv/detail/place_pri__type_support.c
[7.656s] -- Installing: /home/mujue/pros/ud/ros2_rtdl/install/rtdl_demo_interfaces/include/rtdl_demo_interfaces/rtdl_demo_interfaces/srv/detail/place_pri__rosidl_typesupport_introspection_c.h
[7.656s] -- Installing: /home/mujue/pros/ud/ros2_rtdl/install/rtdl_demo_interfaces/lib/librtdl_demo_interfaces__rosidl_typesupport_introspection_c.so
[7.656s] -- Set runtime path of "/home/mujue/pros/ud/ros2_rtdl/install/rtdl_demo_interfaces/lib/librtdl_demo_interfaces__rosidl_typesupport_introspection_c.so" to ""
[7.656s] -- Installing: /home/mujue/pros/ud/ros2_rtdl/install/rtdl_demo_interfaces/lib/librtdl_demo_interfaces__rosidl_typesupport_c.so
[7.656s] -- Set runtime path of "/home/mujue/pros/ud/ros2_rtdl/install/rtdl_demo_interfaces/lib/librtdl_demo_interfaces__rosidl_typesupport_c.so" to ""
[7.656s] -- Up-to-date: /home/mujue/pros/ud/ros2_rtdl/install/rtdl_demo_interfaces/include/rtdl_demo_interfaces/rtdl_demo_interfaces
[7.656s] -- Up-to-date: /home/mujue/pros/ud/ros2_rtdl/install/rtdl_demo_interfaces/include/rtdl_demo_interfaces/rtdl_demo_interfaces/msg
[7.657s] -- Installing: /home/mujue/pros/ud/ros2_rtdl/install/rtdl_demo_interfaces/include/rtdl_demo_interfaces/rtdl_demo_interfaces/msg/rosidl_generator_cpp__visibility_control.hpp
[7.657s] -- Up-to-date: /home/mujue/pros/ud/ros2_rtdl/install/rtdl_demo_interfaces/include/rtdl_demo_interfaces/rtdl_demo_interfaces/msg/detail
[7.657s] -- Installing: /home/mujue/pros/ud/ros2_rtdl/install/rtdl_demo_interfaces/include/rtdl_demo_interfaces/rtdl_demo_interfaces/msg/detail/world_state__struct.hpp
[7.657s] -- Installing: /home/mujue/pros/ud/ros2_rtdl/install/rtdl_demo_interfaces/include/rtdl_demo_interfaces/rtdl_demo_interfaces/msg/detail/object_state__struct.hpp
[7.657s] -- Installing: /home/mujue/pros/ud/ros2_rtdl/install/rtdl_demo_interfaces/include/rtdl_demo_interfaces/rtdl_demo_interfaces/msg/detail/object_state__type_support.hpp
[7.657s] -- Installing: /home/mujue/pros/ud/ros2_rtdl/install/rtdl_demo_interfaces/include/rtdl_demo_interfaces/rtdl_demo_interfaces/msg/detail/world_state__traits.hpp
[7.657s] -- Installing: /home/mujue/pros/ud/ros2_rtdl/install/rtdl_demo_interfaces/include/rtdl_demo_interfaces/rtdl_demo_interfaces/msg/detail/world_state__type_support.hpp
[7.657s] -- Installing: /home/mujue/pros/ud/ros2_rtdl/install/rtdl_demo_interfaces/include/rtdl_demo_interfaces/rtdl_demo_interfaces/msg/detail/object_state__traits.hpp
[7.657s] -- Installing: /home/mujue/pros/ud/ros2_rtdl/install/rtdl_demo_interfaces/include/rtdl_demo_interfaces/rtdl_demo_interfaces/msg/detail/world_state__builder.hpp
[7.657s] -- Installing: /home/mujue/pros/ud/ros2_rtdl/install/rtdl_demo_interfaces/include/rtdl_demo_interfaces/rtdl_demo_interfaces/msg/detail/object_state__builder.hpp
[7.657s] -- Installing: /home/mujue/pros/ud/ros2_rtdl/install/rtdl_demo_interfaces/include/rtdl_demo_interfaces/rtdl_demo_interfaces/msg/world_state.hpp
[7.657s] -- Installing: /home/mujue/pros/ud/ros2_rtdl/install/rtdl_demo_interfaces/include/rtdl_demo_interfaces/rtdl_demo_interfaces/msg/object_state.hpp
[7.657s] -- Up-to-date: /home/mujue/pros/ud/ros2_rtdl/install/rtdl_demo_interfaces/include/rtdl_demo_interfaces/rtdl_demo_interfaces/srv
[7.657s] -- Installing: /home/mujue/pros/ud/ros2_rtdl/install/rtdl_demo_interfaces/include/rtdl_demo_interfaces/rtdl_demo_interfaces/srv/check_object_in_room.hpp
[7.657s] -- Installing: /home/mujue/pros/ud/ros2_rtdl/install/rtdl_demo_interfaces/include/rtdl_demo_interfaces/rtdl_demo_interfaces/srv/nav_to.hpp
[7.657s] -- Up-to-date: /home/mujue/pros/ud/ros2_rtdl/install/rtdl_demo_interfaces/include/rtdl_demo_interfaces/rtdl_demo_interfaces/srv/detail
[7.657s] -- Installing: /home/mujue/pros/ud/ros2_rtdl/install/rtdl_demo_interfaces/include/rtdl_demo_interfaces/rtdl_demo_interfaces/srv/detail/place_pri__type_support.hpp
[7.657s] -- Installing: /home/mujue/pros/ud/ros2_rtdl/install/rtdl_demo_interfaces/include/rtdl_demo_interfaces/rtdl_demo_interfaces/srv/detail/nav_to__builder.hpp
[7.658s] -- Installing: /home/mujue/pros/ud/ros2_rtdl/install/rtdl_demo_interfaces/include/rtdl_demo_interfaces/rtdl_demo_interfaces/srv/detail/get_world_state__struct.hpp
[7.658s] -- Installing: /home/mujue/pros/ud/ros2_rtdl/install/rtdl_demo_interfaces/include/rtdl_demo_interfaces/rtdl_demo_interfaces/srv/detail/get_world_state__traits.hpp
[7.658s] -- Installing: /home/mujue/pros/ud/ros2_rtdl/install/rtdl_demo_interfaces/include/rtdl_demo_interfaces/rtdl_demo_interfaces/srv/detail/place__builder.hpp
[7.658s] -- Installing: /home/mujue/pros/ud/ros2_rtdl/install/rtdl_demo_interfaces/include/rtdl_demo_interfaces/rtdl_demo_interfaces/srv/detail/place__type_support.hpp
[7.658s] -- Installing: /home/mujue/pros/ud/ros2_rtdl/install/rtdl_demo_interfaces/include/rtdl_demo_interfaces/rtdl_demo_interfaces/srv/detail/nav_to__traits.hpp
[7.658s] -- Installing: /home/mujue/pros/ud/ros2_rtdl/install/rtdl_demo_interfaces/include/rtdl_demo_interfaces/rtdl_demo_interfaces/srv/detail/get_world_state__type_support.hpp
[7.658s] -- Installing: /home/mujue/pros/ud/ros2_rtdl/install/rtdl_demo_interfaces/include/rtdl_demo_interfaces/rtdl_demo_interfaces/srv/detail/get_world_state__builder.hpp
[7.658s] -- Installing: /home/mujue/pros/ud/ros2_rtdl/install/rtdl_demo_interfaces/include/rtdl_demo_interfaces/rtdl_demo_interfaces/srv/detail/pick__type_support.hpp
[7.658s] -- Installing: /home/mujue/pros/ud/ros2_rtdl/install/rtdl_demo_interfaces/include/rtdl_demo_interfaces/rtdl_demo_interfaces/srv/detail/place_pri__builder.hpp
[7.658s] -- Installing: /home/mujue/pros/ud/ros2_rtdl/install/rtdl_demo_interfaces/include/rtdl_demo_interfaces/rtdl_demo_interfaces/srv/detail/pick__struct.hpp
[7.658s] -- Installing: /home/mujue/pros/ud/ros2_rtdl/install/rtdl_demo_interfaces/include/rtdl_demo_interfaces/rtdl_demo_interfaces/srv/detail/pick_pri__traits.hpp
[7.658s] -- Installing: /home/mujue/pros/ud/ros2_rtdl/install/rtdl_demo_interfaces/include/rtdl_demo_interfaces/rtdl_demo_interfaces/srv/detail/place__traits.hpp
[7.658s] -- Installing: /home/mujue/pros/ud/ros2_rtdl/install/rtdl_demo_interfaces/include/rtdl_demo_interfaces/rtdl_demo_interfaces/srv/detail/check_object_in_room__traits.hpp
[7.658s] -- Installing: /home/mujue/pros/ud/ros2_rtdl/install/rtdl_demo_interfaces/include/rtdl_demo_interfaces/rtdl_demo_interfaces/srv/detail/pick_pri__builder.hpp
[7.658s] -- Installing: /home/mujue/pros/ud/ros2_rtdl/install/rtdl_demo_interfaces/include/rtdl_demo_interfaces/rtdl_demo_interfaces/srv/detail/check_object_in_room__struct.hpp
[7.658s] -- Installing: /home/mujue/pros/ud/ros2_rtdl/install/rtdl_demo_interfaces/include/rtdl_demo_interfaces/rtdl_demo_interfaces/srv/detail/pick__traits.hpp
[7.659s] -- Installing: /home/mujue/pros/ud/ros2_rtdl/install/rtdl_demo_interfaces/include/rtdl_demo_interfaces/rtdl_demo_interfaces/srv/detail/pick__builder.hpp
[7.659s] -- Installing: /home/mujue/pros/ud/ros2_rtdl/install/rtdl_demo_interfaces/include/rtdl_demo_interfaces/rtdl_demo_interfaces/srv/detail/place_pri__struct.hpp
[7.659s] -- Installing: /home/mujue/pros/ud/ros2_rtdl/install/rtdl_demo_interfaces/include/rtdl_demo_interfaces/rtdl_demo_interfaces/srv/detail/nav_to__struct.hpp
[7.659s] -- Installing: /home/mujue/pros/ud/ros2_rtdl/install/rtdl_demo_interfaces/include/rtdl_demo_interfaces/rtdl_demo_interfaces/srv/detail/place_pri__traits.hpp
[7.659s] -- Installing: /home/mujue/pros/ud/ros2_rtdl/install/rtdl_demo_interfaces/include/rtdl_demo_interfaces/rtdl_demo_interfaces/srv/detail/check_object_in_room__builder.hpp
[7.659s] -- Installing: /home/mujue/pros/ud/ros2_rtdl/install/rtdl_demo_interfaces/include/rtdl_demo_interfaces/rtdl_demo_interfaces/srv/detail/nav_to__type_support.hpp
[7.659s] -- Installing: /home/mujue/pros/ud/ros2_rtdl/install/rtdl_demo_interfaces/include/rtdl_demo_interfaces/rtdl_demo_interfaces/srv/detail/pick_pri__type_support.hpp
[7.659s] -- Installing: /home/mujue/pros/ud/ros2_rtdl/install/rtdl_demo_interfaces/include/rtdl_demo_interfaces/rtdl_demo_interfaces/srv/detail/place__struct.hpp
[7.659s] -- Installing: /home/mujue/pros/ud/ros2_rtdl/install/rtdl_demo_interfaces/include/rtdl_demo_interfaces/rtdl_demo_interfaces/srv/detail/check_object_in_room__type_support.hpp
[7.659s] -- Installing: /home/mujue/pros/ud/ros2_rtdl/install/rtdl_demo_interfaces/include/rtdl_demo_interfaces/rtdl_demo_interfaces/srv/detail/pick_pri__struct.hpp
[7.659s] -- Installing: /home/mujue/pros/ud/ros2_rtdl/install/rtdl_demo_interfaces/include/rtdl_demo_interfaces/rtdl_demo_interfaces/srv/place.hpp
[7.659s] -- Installing: /home/mujue/pros/ud/ros2_rtdl/install/rtdl_demo_interfaces/include/rtdl_demo_interfaces/rtdl_demo_interfaces/srv/pick.hpp
[7.659s] -- Installing: /home/mujue/pros/ud/ros2_rtdl/install/rtdl_demo_interfaces/include/rtdl_demo_interfaces/rtdl_demo_interfaces/srv/get_world_state.hpp
[7.660s] -- Installing: /home/mujue/pros/ud/ros2_rtdl/install/rtdl_demo_interfaces/include/rtdl_demo_interfaces/rtdl_demo_interfaces/srv/pick_pri.hpp
[7.660s] -- Installing: /home/mujue/pros/ud/ros2_rtdl/install/rtdl_demo_interfaces/include/rtdl_demo_interfaces/rtdl_demo_interfaces/srv/place_pri.hpp
[7.660s] -- Up-to-date: /home/mujue/pros/ud/ros2_rtdl/install/rtdl_demo_interfaces/include/rtdl_demo_interfaces/rtdl_demo_interfaces
[7.660s] -- Up-to-date: /home/mujue/pros/ud/ros2_rtdl/install/rtdl_demo_interfaces/include/rtdl_demo_interfaces/rtdl_demo_interfaces/msg
[7.660s] -- Up-to-date: /home/mujue/pros/ud/ros2_rtdl/install/rtdl_demo_interfaces/include/rtdl_demo_interfaces/rtdl_demo_interfaces/msg/detail
[7.660s] -- Installing: /home/mujue/pros/ud/ros2_rtdl/install/rtdl_demo_interfaces/include/rtdl_demo_interfaces/rtdl_demo_interfaces/msg/detail/object_state__rosidl_typesupport_fastrtps_cpp.hpp
[7.660s] -- Installing: /home/mujue/pros/ud/ros2_rtdl/install/rtdl_demo_interfaces/include/rtdl_demo_interfaces/rtdl_demo_interfaces/msg/detail/world_state__rosidl_typesupport_fastrtps_cpp.hpp
[7.660s] -- Installing: /home/mujue/pros/ud/ros2_rtdl/install/rtdl_demo_interfaces/include/rtdl_demo_interfaces/rtdl_demo_interfaces/msg/detail/dds_fastrtps
[7.660s] -- Installing: /home/mujue/pros/ud/ros2_rtdl/install/rtdl_demo_interfaces/include/rtdl_demo_interfaces/rtdl_demo_interfaces/msg/rosidl_typesupport_fastrtps_cpp__visibility_control.h
[7.660s] -- Up-to-date: /home/mujue/pros/ud/ros2_rtdl/install/rtdl_demo_interfaces/include/rtdl_demo_interfaces/rtdl_demo_interfaces/srv
[7.660s] -- Up-to-date: /home/mujue/pros/ud/ros2_rtdl/install/rtdl_demo_interfaces/include/rtdl_demo_interfaces/rtdl_demo_interfaces/srv/detail
[7.660s] -- Installing: /home/mujue/pros/ud/ros2_rtdl/install/rtdl_demo_interfaces/include/rtdl_demo_interfaces/rtdl_demo_interfaces/srv/detail/get_world_state__rosidl_typesupport_fastrtps_cpp.hpp
[7.660s] -- Installing: /home/mujue/pros/ud/ros2_rtdl/install/rtdl_demo_interfaces/include/rtdl_demo_interfaces/rtdl_demo_interfaces/srv/detail/place_pri__rosidl_typesupport_fastrtps_cpp.hpp
[7.660s] -- Installing: /home/mujue/pros/ud/ros2_rtdl/install/rtdl_demo_interfaces/include/rtdl_demo_interfaces/rtdl_demo_interfaces/srv/detail/place__rosidl_typesupport_fastrtps_cpp.hpp
[7.660s] -- Installing: /home/mujue/pros/ud/ros2_rtdl/install/rtdl_demo_interfaces/include/rtdl_demo_interfaces/rtdl_demo_interfaces/srv/detail/pick__rosidl_typesupport_fastrtps_cpp.hpp
[7.660s] -- Installing: /home/mujue/pros/ud/ros2_rtdl/install/rtdl_demo_interfaces/include/rtdl_demo_interfaces/rtdl_demo_interfaces/srv/detail/pick_pri__rosidl_typesupport_fastrtps_cpp.hpp
[7.660s] -- Installing: /home/mujue/pros/ud/ros2_rtdl/install/rtdl_demo_interfaces/include/rtdl_demo_interfaces/rtdl_demo_interfaces/srv/detail/dds_fastrtps
[7.660s] -- Installing: /home/mujue/pros/ud/ros2_rtdl/install/rtdl_demo_interfaces/include/rtdl_demo_interfaces/rtdl_demo_interfaces/srv/detail/nav_to__rosidl_typesupport_fastrtps_cpp.hpp
[7.660s] -- Installing: /home/mujue/pros/ud/ros2_rtdl/install/rtdl_demo_interfaces/include/rtdl_demo_interfaces/rtdl_demo_interfaces/srv/detail/check_object_in_room__rosidl_typesupport_fastrtps_cpp.hpp
[7.661s] -- Installing: /home/mujue/pros/ud/ros2_rtdl/install/rtdl_demo_interfaces/lib/librtdl_demo_interfaces__rosidl_typesupport_fastrtps_cpp.so
[7.661s] -- Set runtime path of "/home/mujue/pros/ud/ros2_rtdl/install/rtdl_demo_interfaces/lib/librtdl_demo_interfaces__rosidl_typesupport_fastrtps_cpp.so" to ""
[7.661s] -- Up-to-date: /home/mujue/pros/ud/ros2_rtdl/install/rtdl_demo_interfaces/include/rtdl_demo_interfaces/rtdl_demo_interfaces
[7.661s] -- Up-to-date: /home/mujue/pros/ud/ros2_rtdl/install/rtdl_demo_interfaces/include/rtdl_demo_interfaces/rtdl_demo_interfaces/msg
[7.661s] -- Up-to-date: /home/mujue/pros/ud/ros2_rtdl/install/rtdl_demo_interfaces/include/rtdl_demo_interfaces/rtdl_demo_interfaces/msg/detail
[7.661s] -- Installing: /home/mujue/pros/ud/ros2_rtdl/install/rtdl_demo_interfaces/include/rtdl_demo_interfaces/rtdl_demo_interfaces/msg/detail/object_state__rosidl_typesupport_introspection_cpp.hpp
[7.661s] -- Installing: /home/mujue/pros/ud/ros2_rtdl/install/rtdl_demo_interfaces/include/rtdl_demo_interfaces/rtdl_demo_interfaces/msg/detail/object_state__type_support.cpp
[7.661s] -- Installing: /home/mujue/pros/ud/ros2_rtdl/install/rtdl_demo_interfaces/include/rtdl_demo_interfaces/rtdl_demo_interfaces/msg/detail/world_state__rosidl_typesupport_introspection_cpp.hpp
[7.661s] -- Installing: /home/mujue/pros/ud/ros2_rtdl/install/rtdl_demo_interfaces/include/rtdl_demo_interfaces/rtdl_demo_interfaces/msg/detail/world_state__type_support.cpp
[7.661s] -- Up-to-date: /home/mujue/pros/ud/ros2_rtdl/install/rtdl_demo_interfaces/include/rtdl_demo_interfaces/rtdl_demo_interfaces/srv
[7.661s] -- Up-to-date: /home/mujue/pros/ud/ros2_rtdl/install/rtdl_demo_interfaces/include/rtdl_demo_interfaces/rtdl_demo_interfaces/srv/detail
[7.661s] -- Installing: /home/mujue/pros/ud/ros2_rtdl/install/rtdl_demo_interfaces/include/rtdl_demo_interfaces/rtdl_demo_interfaces/srv/detail/pick__type_support.cpp
[7.661s] -- Installing: /home/mujue/pros/ud/ros2_rtdl/install/rtdl_demo_interfaces/include/rtdl_demo_interfaces/rtdl_demo_interfaces/srv/detail/place_pri__type_support.cpp
[7.661s] -- Installing: /home/mujue/pros/ud/ros2_rtdl/install/rtdl_demo_interfaces/include/rtdl_demo_interfaces/rtdl_demo_interfaces/srv/detail/nav_to__type_support.cpp
[7.661s] -- Installing: /home/mujue/pros/ud/ros2_rtdl/install/rtdl_demo_interfaces/include/rtdl_demo_interfaces/rtdl_demo_interfaces/srv/detail/pick_pri__type_support.cpp
[7.662s] -- Installing: /home/mujue/pros/ud/ros2_rtdl/install/rtdl_demo_interfaces/include/rtdl_demo_interfaces/rtdl_demo_interfaces/srv/detail/get_world_state__type_support.cpp
[7.662s] -- Installing: /home/mujue/pros/ud/ros2_rtdl/install/rtdl_demo_interfaces/include/rtdl_demo_interfaces/rtdl_demo_interfaces/srv/detail/place__rosidl_typesupport_introspection_cpp.hpp
[7.662s] -- Installing: /home/mujue/pros/ud/ros2_rtdl/install/rtdl_demo_interfaces/include/rtdl_demo_interfaces/rtdl_demo_interfaces/srv/detail/pick__rosidl_typesupport_introspection_cpp.hpp
[7.662s] -- Installing: /home/mujue/pros/ud/ros2_rtdl/install/rtdl_demo_interfaces/include/rtdl_demo_interfaces/rtdl_demo_interfaces/srv/detail/get_world_state__rosidl_typesupport_introspection_cpp.hpp
[7.662s] -- Installing: /home/mujue/pros/ud/ros2_rtdl/install/rtdl_demo_interfaces/include/rtdl_demo_interfaces/rtdl_demo_interfaces/srv/detail/check_object_in_room__rosidl_typesupport_introspection_cpp.hpp
[7.662s] -- Installing: /home/mujue/pros/ud/ros2_rtdl/install/rtdl_demo_interfaces/include/rtdl_demo_interfaces/rtdl_demo_interfaces/srv/detail/check_object_in_room__type_support.cpp
[7.662s] -- Installing: /home/mujue/pros/ud/ros2_rtdl/install/rtdl_demo_interfaces/include/rtdl_demo_interfaces/rtdl_demo_interfaces/srv/detail/pick_pri__rosidl_typesupport_introspection_cpp.hpp
[7.662s] -- Installing: /home/mujue/pros/ud/ros2_rtdl/install/rtdl_demo_interfaces/include/rtdl_demo_interfaces/rtdl_demo_interfaces/srv/detail/nav_to__rosidl_typesupport_introspection_cpp.hpp
[7.662s] -- Installing: /home/mujue/pros/ud/ros2_rtdl/install/rtdl_demo_interfaces/include/rtdl_demo_interfaces/rtdl_demo_interfaces/srv/detail/place__type_support.cpp
[7.662s] -- Installing: /home/mujue/pros/ud/ros2_rtdl/install/rtdl_demo_interfaces/include/rtdl_demo_interfaces/rtdl_demo_interfaces/srv/detail/place_pri__rosidl_typesupport_introspection_cpp.hpp
[7.662s] -- Installing: /home/mujue/pros/ud/ros2_rtdl/install/rtdl_demo_interfaces/lib/librtdl_demo_interfaces__rosidl_typesupport_introspection_cpp.so
[7.662s] -- Set runtime path of "/home/mujue/pros/ud/ros2_rtdl/install/rtdl_demo_interfaces/lib/librtdl_demo_interfaces__rosidl_typesupport_introspection_cpp.so" to ""
[7.662s] -- Installing: /home/mujue/pros/ud/ros2_rtdl/install/rtdl_demo_interfaces/lib/librtdl_demo_interfaces__rosidl_typesupport_cpp.so
[7.662s] -- Set runtime path of "/home/mujue/pros/ud/ros2_rtdl/install/rtdl_demo_interfaces/lib/librtdl_demo_interfaces__rosidl_typesupport_cpp.so" to ""
[7.662s] -- Installing: /home/mujue/pros/ud/ros2_rtdl/install/rtdl_demo_interfaces/share/rtdl_demo_interfaces/environment/pythonpath.sh
[7.662s] -- Installing: /home/mujue/pros/ud/ros2_rtdl/install/rtdl_demo_interfaces/share/rtdl_demo_interfaces/environment/pythonpath.dsv
[7.663s] -- Installing: /home/mujue/pros/ud/ros2_rtdl/install/rtdl_demo_interfaces/local/lib/python3.10/dist-packages/rtdl_demo_interfaces-0.0.0-py3.10.egg-info
[7.663s] -- Installing: /home/mujue/pros/ud/ros2_rtdl/install/rtdl_demo_interfaces/local/lib/python3.10/dist-packages/rtdl_demo_interfaces-0.0.0-py3.10.egg-info/PKG-INFO
[7.663s] -- Installing: /home/mujue/pros/ud/ros2_rtdl/install/rtdl_demo_interfaces/local/lib/python3.10/dist-packages/rtdl_demo_interfaces-0.0.0-py3.10.egg-info/dependency_links.txt
[7.663s] -- Installing: /home/mujue/pros/ud/ros2_rtdl/install/rtdl_demo_interfaces/local/lib/python3.10/dist-packages/rtdl_demo_interfaces-0.0.0-py3.10.egg-info/top_level.txt
[7.663s] -- Installing: /home/mujue/pros/ud/ros2_rtdl/install/rtdl_demo_interfaces/local/lib/python3.10/dist-packages/rtdl_demo_interfaces-0.0.0-py3.10.egg-info/SOURCES.txt
[7.663s] -- Installing: /home/mujue/pros/ud/ros2_rtdl/install/rtdl_demo_interfaces/local/lib/python3.10/dist-packages/rtdl_demo_interfaces
[7.663s] -- Installing: /home/mujue/pros/ud/ros2_rtdl/install/rtdl_demo_interfaces/local/lib/python3.10/dist-packages/rtdl_demo_interfaces/msg
[7.663s] -- Installing: /home/mujue/pros/ud/ros2_rtdl/install/rtdl_demo_interfaces/local/lib/python3.10/dist-packages/rtdl_demo_interfaces/msg/_object_state.py
[7.663s] -- Installing: /home/mujue/pros/ud/ros2_rtdl/install/rtdl_demo_interfaces/local/lib/python3.10/dist-packages/rtdl_demo_interfaces/msg/__init__.py
[7.663s] -- Installing: /home/mujue/pros/ud/ros2_rtdl/install/rtdl_demo_interfaces/local/lib/python3.10/dist-packages/rtdl_demo_interfaces/msg/_object_state_s.c
[7.663s] -- Installing: /home/mujue/pros/ud/ros2_rtdl/install/rtdl_demo_interfaces/local/lib/python3.10/dist-packages/rtdl_demo_interfaces/msg/_world_state_s.c
[7.663s] -- Installing: /home/mujue/pros/ud/ros2_rtdl/install/rtdl_demo_interfaces/local/lib/python3.10/dist-packages/rtdl_demo_interfaces/msg/_world_state.py
[7.663s] -- Installing: /home/mujue/pros/ud/ros2_rtdl/install/rtdl_demo_interfaces/local/lib/python3.10/dist-packages/rtdl_demo_interfaces/rtdl_demo_interfaces_s__rosidl_typesupport_c.cpython-310-x86_64-linux-gnu.so
[7.664s] -- Installing: /home/mujue/pros/ud/ros2_rtdl/install/rtdl_demo_interfaces/local/lib/python3.10/dist-packages/rtdl_demo_interfaces/srv
[7.664s] -- Installing: /home/mujue/pros/ud/ros2_rtdl/install/rtdl_demo_interfaces/local/lib/python3.10/dist-packages/rtdl_demo_interfaces/srv/_place_pri.py
[7.664s] -- Installing: /home/mujue/pros/ud/ros2_rtdl/install/rtdl_demo_interfaces/local/lib/python3.10/dist-packages/rtdl_demo_interfaces/srv/_pick_pri_s.c
[7.664s] -- Installing: /home/mujue/pros/ud/ros2_rtdl/install/rtdl_demo_interfaces/local/lib/python3.10/dist-packages/rtdl_demo_interfaces/srv/_check_object_in_room_s.c
[7.664s] -- Installing: /home/mujue/pros/ud/ros2_rtdl/install/rtdl_demo_interfaces/local/lib/python3.10/dist-packages/rtdl_demo_interfaces/srv/__init__.py
[7.664s] -- Installing: /home/mujue/pros/ud/ros2_rtdl/install/rtdl_demo_interfaces/local/lib/python3.10/dist-packages/rtdl_demo_interfaces/srv/_get_world_state.py
[7.664s] -- Installing: /home/mujue/pros/ud/ros2_rtdl/install/rtdl_demo_interfaces/local/lib/python3.10/dist-packages/rtdl_demo_interfaces/srv/_pick_pri.py
[7.664s] -- Installing: /home/mujue/pros/ud/ros2_rtdl/install/rtdl_demo_interfaces/local/lib/python3.10/dist-packages/rtdl_demo_interfaces/srv/_pick.py
[7.664s] -- Installing: /home/mujue/pros/ud/ros2_rtdl/install/rtdl_demo_interfaces/local/lib/python3.10/dist-packages/rtdl_demo_interfaces/srv/_nav_to_s.c
[7.664s] -- Installing: /home/mujue/pros/ud/ros2_rtdl/install/rtdl_demo_interfaces/local/lib/python3.10/dist-packages/rtdl_demo_interfaces/srv/_place_s.c
[7.664s] -- Installing: /home/mujue/pros/ud/ros2_rtdl/install/rtdl_demo_interfaces/local/lib/python3.10/dist-packages/rtdl_demo_interfaces/srv/_check_object_in_room.py
[7.664s] -- Installing: /home/mujue/pros/ud/ros2_rtdl/install/rtdl_demo_interfaces/local/lib/python3.10/dist-packages/rtdl_demo_interfaces/srv/_pick_s.c
[7.665s] -- Installing: /home/mujue/pros/ud/ros2_rtdl/install/rtdl_demo_interfaces/local/lib/python3.10/dist-packages/rtdl_demo_interfaces/srv/_place.py
[7.665s] -- Installing: /home/mujue/pros/ud/ros2_rtdl/install/rtdl_demo_interfaces/local/lib/python3.10/dist-packages/rtdl_demo_interfaces/srv/_get_world_state_s.c
[7.665s] -- Installing: /home/mujue/pros/ud/ros2_rtdl/install/rtdl_demo_interfaces/local/lib/python3.10/dist-packages/rtdl_demo_interfaces/srv/_place_pri_s.c
[7.665s] -- Installing: /home/mujue/pros/ud/ros2_rtdl/install/rtdl_demo_interfaces/local/lib/python3.10/dist-packages/rtdl_demo_interfaces/srv/_nav_to.py
[7.665s] -- Installing: /home/mujue/pros/ud/ros2_rtdl/install/rtdl_demo_interfaces/local/lib/python3.10/dist-packages/rtdl_demo_interfaces/_rtdl_demo_interfaces_s.ep.rosidl_typesupport_introspection_c.c
[7.665s] -- Installing: /home/mujue/pros/ud/ros2_rtdl/install/rtdl_demo_interfaces/local/lib/python3.10/dist-packages/rtdl_demo_interfaces/rtdl_demo_interfaces_s__rosidl_typesupport_introspection_c.cpython-310-x86_64-linux-gnu.so
[7.665s] -- Installing: /home/mujue/pros/ud/ros2_rtdl/install/rtdl_demo_interfaces/local/lib/python3.10/dist-packages/rtdl_demo_interfaces/__init__.py
[7.665s] -- Installing: /home/mujue/pros/ud/ros2_rtdl/install/rtdl_demo_interfaces/local/lib/python3.10/dist-packages/rtdl_demo_interfaces/_rtdl_demo_interfaces_s.ep.rosidl_typesupport_c.c
[7.665s] -- Installing: /home/mujue/pros/ud/ros2_rtdl/install/rtdl_demo_interfaces/local/lib/python3.10/dist-packages/rtdl_demo_interfaces/librtdl_demo_interfaces__rosidl_generator_py.so
[7.665s] -- Installing: /home/mujue/pros/ud/ros2_rtdl/install/rtdl_demo_interfaces/local/lib/python3.10/dist-packages/rtdl_demo_interfaces/_rtdl_demo_interfaces_s.ep.rosidl_typesupport_fastrtps_c.c
[7.665s] -- Installing: /home/mujue/pros/ud/ros2_rtdl/install/rtdl_demo_interfaces/local/lib/python3.10/dist-packages/rtdl_demo_interfaces/rtdl_demo_interfaces_s__rosidl_typesupport_fastrtps_c.cpython-310-x86_64-linux-gnu.so
[7.702s] Listing '/home/mujue/pros/ud/ros2_rtdl/install/rtdl_demo_interfaces/local/lib/python3.10/dist-packages/rtdl_demo_interfaces'...
[7.702s] Compiling '/home/mujue/pros/ud/ros2_rtdl/install/rtdl_demo_interfaces/local/lib/python3.10/dist-packages/rtdl_demo_interfaces/__init__.py'...
[7.702s] Listing '/home/mujue/pros/ud/ros2_rtdl/install/rtdl_demo_interfaces/local/lib/python3.10/dist-packages/rtdl_demo_interfaces/msg'...
[7.702s] Compiling '/home/mujue/pros/ud/ros2_rtdl/install/rtdl_demo_interfaces/local/lib/python3.10/dist-packages/rtdl_demo_interfaces/msg/__init__.py'...
[7.702s] Compiling '/home/mujue/pros/ud/ros2_rtdl/install/rtdl_demo_interfaces/local/lib/python3.10/dist-packages/rtdl_demo_interfaces/msg/_object_state.py'...
[7.702s] Compiling '/home/mujue/pros/ud/ros2_rtdl/install/rtdl_demo_interfaces/local/lib/python3.10/dist-packages/rtdl_demo_interfaces/msg/_world_state.py'...
[7.702s] Listing '/home/mujue/pros/ud/ros2_rtdl/install/rtdl_demo_interfaces/local/lib/python3.10/dist-packages/rtdl_demo_interfaces/srv'...
[7.702s] Compiling '/home/mujue/pros/ud/ros2_rtdl/install/rtdl_demo_interfaces/local/lib/python3.10/dist-packages/rtdl_demo_interfaces/srv/__init__.py'...
[7.702s] Compiling '/home/mujue/pros/ud/ros2_rtdl/install/rtdl_demo_interfaces/local/lib/python3.10/dist-packages/rtdl_demo_interfaces/srv/_check_object_in_room.py'...
[7.702s] Compiling '/home/mujue/pros/ud/ros2_rtdl/install/rtdl_demo_interfaces/local/lib/python3.10/dist-packages/rtdl_demo_interfaces/srv/_get_world_state.py'...
[7.702s] Compiling '/home/mujue/pros/ud/ros2_rtdl/install/rtdl_demo_interfaces/local/lib/python3.10/dist-packages/rtdl_demo_interfaces/srv/_nav_to.py'...
[7.702s] Compiling '/home/mujue/pros/ud/ros2_rtdl/install/rtdl_demo_interfaces/local/lib/python3.10/dist-packages/rtdl_demo_interfaces/srv/_pick.py'...
[7.702s] Compiling '/home/mujue/pros/ud/ros2_rtdl/install/rtdl_demo_interfaces/local/lib/python3.10/dist-packages/rtdl_demo_interfaces/srv/_pick_pri.py'...
[7.702s] Compiling '/home/mujue/pros/ud/ros2_rtdl/install/rtdl_demo_interfaces/local/lib/python3.10/dist-packages/rtdl_demo_interfaces/srv/_place.py'...
[7.702s] Compiling '/home/mujue/pros/ud/ros2_rtdl/install/rtdl_demo_interfaces/local/lib/python3.10/dist-packages/rtdl_demo_interfaces/srv/_place_pri.py'...
[7.705s] -- Installing: /home/mujue/pros/ud/ros2_rtdl/install/rtdl_demo_interfaces/local/lib/python3.10/dist-packages/rtdl_demo_interfaces/rtdl_demo_interfaces_s__rosidl_typesupport_fastrtps_c.cpython-310-x86_64-linux-gnu.so
[7.705s] -- Set runtime path of "/home/mujue/pros/ud/ros2_rtdl/install/rtdl_demo_interfaces/local/lib/python3.10/dist-packages/rtdl_demo_interfaces/rtdl_demo_interfaces_s__rosidl_typesupport_fastrtps_c.cpython-310-x86_64-linux-gnu.so" to ""
[7.706s] -- Installing: /home/mujue/pros/ud/ros2_rtdl/install/rtdl_demo_interfaces/local/lib/python3.10/dist-packages/rtdl_demo_interfaces/rtdl_demo_interfaces_s__rosidl_typesupport_introspection_c.cpython-310-x86_64-linux-gnu.so
[7.706s] -- Set runtime path of "/home/mujue/pros/ud/ros2_rtdl/install/rtdl_demo_interfaces/local/lib/python3.10/dist-packages/rtdl_demo_interfaces/rtdl_demo_interfaces_s__rosidl_typesupport_introspection_c.cpython-310-x86_64-linux-gnu.so" to ""
[7.707s] -- Installing: /home/mujue/pros/ud/ros2_rtdl/install/rtdl_demo_interfaces/local/lib/python3.10/dist-packages/rtdl_demo_interfaces/rtdl_demo_interfaces_s__rosidl_typesupport_c.cpython-310-x86_64-linux-gnu.so
[7.708s] -- Set runtime path of "/home/mujue/pros/ud/ros2_rtdl/install/rtdl_demo_interfaces/local/lib/python3.10/dist-packages/rtdl_demo_interfaces/rtdl_demo_interfaces_s__rosidl_typesupport_c.cpython-310-x86_64-linux-gnu.so" to ""
[7.708s] -- Installing: /home/mujue/pros/ud/ros2_rtdl/install/rtdl_demo_interfaces/lib/librtdl_demo_interfaces__rosidl_generator_py.so
[7.712s] -- Set runtime path of "/home/mujue/pros/ud/ros2_rtdl/install/rtdl_demo_interfaces/lib/librtdl_demo_interfaces__rosidl_generator_py.so" to ""
[7.712s] -- Installing: /home/mujue/pros/ud/ros2_rtdl/install/rtdl_demo_interfaces/share/rtdl_demo_interfaces/msg/ObjectState.idl
[7.713s] -- Installing: /home/mujue/pros/ud/ros2_rtdl/install/rtdl_demo_interfaces/share/rtdl_demo_interfaces/msg/WorldState.idl
[7.713s] -- Installing: /home/mujue/pros/ud/ros2_rtdl/install/rtdl_demo_interfaces/share/rtdl_demo_interfaces/srv/CheckObjectInRoom.idl
[7.715s] -- Installing: /home/mujue/pros/ud/ros2_rtdl/install/rtdl_demo_interfaces/share/rtdl_demo_interfaces/srv/GetWorldState.idl
[7.715s] -- Installing: /home/mujue/pros/ud/ros2_rtdl/install/rtdl_demo_interfaces/share/rtdl_demo_interfaces/srv/NavTo.idl
[7.715s] -- Installing: /home/mujue/pros/ud/ros2_rtdl/install/rtdl_demo_interfaces/share/rtdl_demo_interfaces/srv/Pick.idl
[7.715s] -- Installing: /home/mujue/pros/ud/ros2_rtdl/install/rtdl_demo_interfaces/share/rtdl_demo_interfaces/srv/Place.idl
[7.715s] -- Installing: /home/mujue/pros/ud/ros2_rtdl/install/rtdl_demo_interfaces/share/rtdl_demo_interfaces/srv/PickPri.idl
[7.715s] -- Installing: /home/mujue/pros/ud/ros2_rtdl/install/rtdl_demo_interfaces/share/rtdl_demo_interfaces/srv/PlacePri.idl
[7.715s] -- Installing: /home/mujue/pros/ud/ros2_rtdl/install/rtdl_demo_interfaces/share/rtdl_demo_interfaces/msg/ObjectState.msg
[7.715s] -- Installing: /home/mujue/pros/ud/ros2_rtdl/install/rtdl_demo_interfaces/share/rtdl_demo_interfaces/msg/WorldState.msg
[7.715s] -- Installing: /home/mujue/pros/ud/ros2_rtdl/install/rtdl_demo_interfaces/share/rtdl_demo_interfaces/srv/CheckObjectInRoom.srv
[7.715s] -- Installing: /home/mujue/pros/ud/ros2_rtdl/install/rtdl_demo_interfaces/share/rtdl_demo_interfaces/srv/CheckObjectInRoom_Request.msg
[7.715s] -- Installing: /home/mujue/pros/ud/ros2_rtdl/install/rtdl_demo_interfaces/share/rtdl_demo_interfaces/srv/CheckObjectInRoom_Response.msg
[7.715s] -- Installing: /home/mujue/pros/ud/ros2_rtdl/install/rtdl_demo_interfaces/share/rtdl_demo_interfaces/srv/GetWorldState.srv
[7.715s] -- Installing: /home/mujue/pros/ud/ros2_rtdl/install/rtdl_demo_interfaces/share/rtdl_demo_interfaces/srv/GetWorldState_Request.msg
[7.715s] -- Installing: /home/mujue/pros/ud/ros2_rtdl/install/rtdl_demo_interfaces/share/rtdl_demo_interfaces/srv/GetWorldState_Response.msg
[7.715s] -- Installing: /home/mujue/pros/ud/ros2_rtdl/install/rtdl_demo_interfaces/share/rtdl_demo_interfaces/srv/NavTo.srv
[7.715s] -- Installing: /home/mujue/pros/ud/ros2_rtdl/install/rtdl_demo_interfaces/share/rtdl_demo_interfaces/srv/NavTo_Request.msg
[7.715s] -- Installing: /home/mujue/pros/ud/ros2_rtdl/install/rtdl_demo_interfaces/share/rtdl_demo_interfaces/srv/NavTo_Response.msg
[7.715s] -- Installing: /home/mujue/pros/ud/ros2_rtdl/install/rtdl_demo_interfaces/share/rtdl_demo_interfaces/srv/Pick.srv
[7.715s] -- Installing: /home/mujue/pros/ud/ros2_rtdl/install/rtdl_demo_interfaces/share/rtdl_demo_interfaces/srv/Pick_Request.msg
[7.715s] -- Installing: /home/mujue/pros/ud/ros2_rtdl/install/rtdl_demo_interfaces/share/rtdl_demo_interfaces/srv/Pick_Response.msg
[7.715s] -- Installing: /home/mujue/pros/ud/ros2_rtdl/install/rtdl_demo_interfaces/share/rtdl_demo_interfaces/srv/Place.srv
[7.715s] -- Installing: /home/mujue/pros/ud/ros2_rtdl/install/rtdl_demo_interfaces/share/rtdl_demo_interfaces/srv/Place_Request.msg
[7.715s] -- Installing: /home/mujue/pros/ud/ros2_rtdl/install/rtdl_demo_interfaces/share/rtdl_demo_interfaces/srv/Place_Response.msg
[7.715s] -- Installing: /home/mujue/pros/ud/ros2_rtdl/install/rtdl_demo_interfaces/share/rtdl_demo_interfaces/srv/PickPri.srv
[7.715s] -- Installing: /home/mujue/pros/ud/ros2_rtdl/install/rtdl_demo_interfaces/share/rtdl_demo_interfaces/srv/PickPri_Request.msg
[7.716s] -- Installing: /home/mujue/pros/ud/ros2_rtdl/install/rtdl_demo_interfaces/share/rtdl_demo_interfaces/srv/PickPri_Response.msg
[7.716s] -- Installing: /home/mujue/pros/ud/ros2_rtdl/install/rtdl_demo_interfaces/share/rtdl_demo_interfaces/srv/PlacePri.srv
[7.716s] -- Installing: /home/mujue/pros/ud/ros2_rtdl/install/rtdl_demo_interfaces/share/rtdl_demo_interfaces/srv/PlacePri_Request.msg
[7.716s] -- Installing: /home/mujue/pros/ud/ros2_rtdl/install/rtdl_demo_interfaces/share/rtdl_demo_interfaces/srv/PlacePri_Response.msg
[7.716s] -- Installing: /home/mujue/pros/ud/ros2_rtdl/install/rtdl_demo_interfaces/share/ament_index/resource_index/package_run_dependencies/rtdl_demo_interfaces
[7.716s] -- Installing: /home/mujue/pros/ud/ros2_rtdl/install/rtdl_demo_interfaces/share/ament_index/resource_index/parent_prefix_path/rtdl_demo_interfaces
[7.716s] -- Installing: /home/mujue/pros/ud/ros2_rtdl/install/rtdl_demo_interfaces/share/rtdl_demo_interfaces/environment/ament_prefix_path.sh
[7.716s] -- Installing: /home/mujue/pros/ud/ros2_rtdl/install/rtdl_demo_interfaces/share/rtdl_demo_interfaces/environment/ament_prefix_path.dsv
[7.716s] -- Installing: /home/mujue/pros/ud/ros2_rtdl/install/rtdl_demo_interfaces/share/rtdl_demo_interfaces/environment/path.sh
[7.716s] -- Installing: /home/mujue/pros/ud/ros2_rtdl/install/rtdl_demo_interfaces/share/rtdl_demo_interfaces/environment/path.dsv
[7.716s] -- Installing: /home/mujue/pros/ud/ros2_rtdl/install/rtdl_demo_interfaces/share/rtdl_demo_interfaces/local_setup.bash
[7.716s] -- Installing: /home/mujue/pros/ud/ros2_rtdl/install/rtdl_demo_interfaces/share/rtdl_demo_interfaces/local_setup.sh
[7.716s] -- Installing: /home/mujue/pros/ud/ros2_rtdl/install/rtdl_demo_interfaces/share/rtdl_demo_interfaces/local_setup.zsh
[7.716s] -- Installing: /home/mujue/pros/ud/ros2_rtdl/install/rtdl_demo_interfaces/share/rtdl_demo_interfaces/local_setup.dsv
[7.716s] -- Installing: /home/mujue/pros/ud/ros2_rtdl/install/rtdl_demo_interfaces/share/rtdl_demo_interfaces/package.dsv
[7.716s] -- Installing: /home/mujue/pros/ud/ros2_rtdl/install/rtdl_demo_interfaces/share/ament_index/resource_index/packages/rtdl_demo_interfaces
[7.716s] -- Installing: /home/mujue/pros/ud/ros2_rtdl/install/rtdl_demo_interfaces/share/rtdl_demo_interfaces/cmake/export_rtdl_demo_interfaces__rosidl_generator_cExport.cmake
[7.716s] -- Installing: /home/mujue/pros/ud/ros2_rtdl/install/rtdl_demo_interfaces/share/rtdl_demo_interfaces/cmake/export_rtdl_demo_interfaces__rosidl_generator_cExport-noconfig.cmake
[7.716s] -- Installing: /home/mujue/pros/ud/ros2_rtdl/install/rtdl_demo_interfaces/share/rtdl_demo_interfaces/cmake/export_rtdl_demo_interfaces__rosidl_typesupport_fastrtps_cExport.cmake
[7.716s] -- Installing: /home/mujue/pros/ud/ros2_rtdl/install/rtdl_demo_interfaces/share/rtdl_demo_interfaces/cmake/export_rtdl_demo_interfaces__rosidl_typesupport_fastrtps_cExport-noconfig.cmake
[7.716s] -- Installing: /home/mujue/pros/ud/ros2_rtdl/install/rtdl_demo_interfaces/share/rtdl_demo_interfaces/cmake/rtdl_demo_interfaces__rosidl_typesupport_introspection_cExport.cmake
[7.716s] -- Installing: /home/mujue/pros/ud/ros2_rtdl/install/rtdl_demo_interfaces/share/rtdl_demo_interfaces/cmake/rtdl_demo_interfaces__rosidl_typesupport_introspection_cExport-noconfig.cmake
[7.716s] -- Installing: /home/mujue/pros/ud/ros2_rtdl/install/rtdl_demo_interfaces/share/rtdl_demo_interfaces/cmake/rtdl_demo_interfaces__rosidl_typesupport_cExport.cmake
[7.716s] -- Installing: /home/mujue/pros/ud/ros2_rtdl/install/rtdl_demo_interfaces/share/rtdl_demo_interfaces/cmake/rtdl_demo_interfaces__rosidl_typesupport_cExport-noconfig.cmake
[7.716s] -- Installing: /home/mujue/pros/ud/ros2_rtdl/install/rtdl_demo_interfaces/share/rtdl_demo_interfaces/cmake/export_rtdl_demo_interfaces__rosidl_generator_cppExport.cmake
[7.716s] -- Installing: /home/mujue/pros/ud/ros2_rtdl/install/rtdl_demo_interfaces/share/rtdl_demo_interfaces/cmake/export_rtdl_demo_interfaces__rosidl_typesupport_fastrtps_cppExport.cmake
[7.717s] -- Installing: /home/mujue/pros/ud/ros2_rtdl/install/rtdl_demo_interfaces/share/rtdl_demo_interfaces/cmake/export_rtdl_demo_interfaces__rosidl_typesupport_fastrtps_cppExport-noconfig.cmake
[7.717s] -- Installing: /home/mujue/pros/ud/ros2_rtdl/install/rtdl_demo_interfaces/share/rtdl_demo_interfaces/cmake/rtdl_demo_interfaces__rosidl_typesupport_introspection_cppExport.cmake
[7.717s] -- Installing: /home/mujue/pros/ud/ros2_rtdl/install/rtdl_demo_interfaces/share/rtdl_demo_interfaces/cmake/rtdl_demo_interfaces__rosidl_typesupport_introspection_cppExport-noconfig.cmake
[7.717s] -- Installing: /home/mujue/pros/ud/ros2_rtdl/install/rtdl_demo_interfaces/share/rtdl_demo_interfaces/cmake/rtdl_demo_interfaces__rosidl_typesupport_cppExport.cmake
[7.717s] -- Installing: /home/mujue/pros/ud/ros2_rtdl/install/rtdl_demo_interfaces/share/rtdl_demo_interfaces/cmake/rtdl_demo_interfaces__rosidl_typesupport_cppExport-noconfig.cmake
[7.717s] -- Installing: /home/mujue/pros/ud/ros2_rtdl/install/rtdl_demo_interfaces/share/rtdl_demo_interfaces/cmake/export_rtdl_demo_interfaces__rosidl_generator_pyExport.cmake
[7.717s] -- Installing: /home/mujue/pros/ud/ros2_rtdl/install/rtdl_demo_interfaces/share/rtdl_demo_interfaces/cmake/export_rtdl_demo_interfaces__rosidl_generator_pyExport-noconfig.cmake
[7.717s] -- Installing: /home/mujue/pros/ud/ros2_rtdl/install/rtdl_demo_interfaces/share/rtdl_demo_interfaces/cmake/rosidl_cmake-extras.cmake
[7.717s] -- Installing: /home/mujue/pros/ud/ros2_rtdl/install/rtdl_demo_interfaces/share/rtdl_demo_interfaces/cmake/ament_cmake_export_include_directories-extras.cmake
[7.717s] -- Installing: /home/mujue/pros/ud/ros2_rtdl/install/rtdl_demo_interfaces/share/rtdl_demo_interfaces/cmake/ament_cmake_export_libraries-extras.cmake
[7.717s] -- Installing: /home/mujue/pros/ud/ros2_rtdl/install/rtdl_demo_interfaces/share/rtdl_demo_interfaces/cmake/ament_cmake_export_targets-extras.cmake
[7.717s] -- Installing: /home/mujue/pros/ud/ros2_rtdl/install/rtdl_demo_interfaces/share/rtdl_demo_interfaces/cmake/rosidl_cmake_export_typesupport_targets-extras.cmake
[7.717s] -- Installing: /home/mujue/pros/ud/ros2_rtdl/install/rtdl_demo_interfaces/share/rtdl_demo_interfaces/cmake/ament_cmake_export_dependencies-extras.cmake
[7.717s] -- Installing: /home/mujue/pros/ud/ros2_rtdl/install/rtdl_demo_interfaces/share/rtdl_demo_interfaces/cmake/rosidl_cmake_export_typesupport_libraries-extras.cmake
[7.717s] -- Installing: /home/mujue/pros/ud/ros2_rtdl/install/rtdl_demo_interfaces/share/rtdl_demo_interfaces/cmake/rtdl_demo_interfacesConfig.cmake
[7.717s] -- Installing: /home/mujue/pros/ud/ros2_rtdl/install/rtdl_demo_interfaces/share/rtdl_demo_interfaces/cmake/rtdl_demo_interfacesConfig-version.cmake
[7.717s] -- Installing: /home/mujue/pros/ud/ros2_rtdl/install/rtdl_demo_interfaces/share/rtdl_demo_interfaces/package.xml
[7.720s] Invoked command in '/home/mujue/pros/ud/ros2_rtdl/build/rtdl_demo_interfaces' returned '0': CMAKE_PREFIX_PATH=/opt/ros/humble /usr/bin/cmake --install /home/mujue/pros/ud/ros2_rtdl/build/rtdl_demo_interfaces
