[100%] Built target rtdl_demo_webots_driver
-- Install configuration: ""
-- Up-to-date: /home/mujue/pros/ud/ros2_rtdl/install/rtdl_demo_webots/share/rtdl_demo_webots/rtdl_demo_webots_driver.xml
-- Up-to-date: /home/mujue/pros/ud/ros2_rtdl/install/rtdl_demo_webots/lib/librtdl_demo_webots_driver.so
-- Up-to-date: /home/mujue/pros/ud/ros2_rtdl/install/rtdl_demo_webots/include/
-- Up-to-date: /home/mujue/pros/ud/ros2_rtdl/install/rtdl_demo_webots/include//rtdl_demo_webots
-- Up-to-date: /home/mujue/pros/ud/ros2_rtdl/install/rtdl_demo_webots/include//rtdl_demo_webots/WorldBridgeDriver.hpp
-- Up-to-date: /home/mujue/pros/ud/ros2_rtdl/install/rtdl_demo_webots/include//rtdl_demo_webots/CarDriver.hpp
-- Up-to-date: /home/mujue/pros/ud/ros2_rtdl/install/rtdl_demo_webots/share/rtdl_demo_webots/launch
-- Up-to-date: /home/mujue/pros/ud/ros2_rtdl/install/rtdl_demo_webots/share/rtdl_demo_webots/launch/robot_launch.py
-- Up-to-date: /home/mujue/pros/ud/ros2_rtdl/install/rtdl_demo_webots/share/rtdl_demo_webots/worlds
-- Up-to-date: /home/mujue/pros/ud/ros2_rtdl/install/rtdl_demo_webots/share/rtdl_demo_webots/worlds/rtdl_demo_webots.wbt
-- Up-to-date: /home/mujue/pros/ud/ros2_rtdl/install/rtdl_demo_webots/share/rtdl_demo_webots/resource
-- Up-to-date: /home/mujue/pros/ud/ros2_rtdl/install/rtdl_demo_webots/share/rtdl_demo_webots/resource/my_robot.urdf
-- Up-to-date: /home/mujue/pros/ud/ros2_rtdl/install/rtdl_demo_webots/share/rtdl_demo_webots/resource/bridge_robot.urdf
-- Up-to-date: /home/mujue/pros/ud/ros2_rtdl/install/rtdl_demo_webots/share/ament_index/resource_index/package_run_dependencies/rtdl_demo_webots
-- Up-to-date: /home/mujue/pros/ud/ros2_rtdl/install/rtdl_demo_webots/share/ament_index/resource_index/parent_prefix_path/rtdl_demo_webots
-- Up-to-date: /home/mujue/pros/ud/ros2_rtdl/install/rtdl_demo_webots/share/rtdl_demo_webots/environment/ament_prefix_path.sh
-- Up-to-date: /home/mujue/pros/ud/ros2_rtdl/install/rtdl_demo_webots/share/rtdl_demo_webots/environment/ament_prefix_path.dsv
-- Up-to-date: /home/mujue/pros/ud/ros2_rtdl/install/rtdl_demo_webots/share/rtdl_demo_webots/environment/path.sh
-- Up-to-date: /home/mujue/pros/ud/ros2_rtdl/install/rtdl_demo_webots/share/rtdl_demo_webots/environment/path.dsv
-- Up-to-date: /home/mujue/pros/ud/ros2_rtdl/install/rtdl_demo_webots/share/rtdl_demo_webots/local_setup.bash
-- Up-to-date: /home/mujue/pros/ud/ros2_rtdl/install/rtdl_demo_webots/share/rtdl_demo_webots/local_setup.sh
-- Up-to-date: /home/mujue/pros/ud/ros2_rtdl/install/rtdl_demo_webots/share/rtdl_demo_webots/local_setup.zsh
-- Up-to-date: /home/mujue/pros/ud/ros2_rtdl/install/rtdl_demo_webots/share/rtdl_demo_webots/local_setup.dsv
-- Installing: /home/mujue/pros/ud/ros2_rtdl/install/rtdl_demo_webots/share/rtdl_demo_webots/package.dsv
-- Up-to-date: /home/mujue/pros/ud/ros2_rtdl/install/rtdl_demo_webots/share/ament_index/resource_index/packages/rtdl_demo_webots
-- Up-to-date: /home/mujue/pros/ud/ros2_rtdl/install/rtdl_demo_webots/share/ament_index/resource_index/webots_ros2_driver__pluginlib__plugin/rtdl_demo_webots
-- Up-to-date: /home/mujue/pros/ud/ros2_rtdl/install/rtdl_demo_webots/share/rtdl_demo_webots/cmake/rtdl_demo_webotsConfig.cmake
-- Up-to-date: /home/mujue/pros/ud/ros2_rtdl/install/rtdl_demo_webots/share/rtdl_demo_webots/cmake/rtdl_demo_webotsConfig-version.cmake
-- Up-to-date: /home/mujue/pros/ud/ros2_rtdl/install/rtdl_demo_webots/share/rtdl_demo_webots/package.xml
