[0.024s] Invoking command in '/home/mujue/pros/ud/ros2_rtdl/build/rtdl_demo_webots': CMAKE_PREFIX_PATH=${CMAKE_PREFIX_PATH}:/opt/ros/humble /usr/bin/cmake --build /home/mujue/pros/ud/ros2_rtdl/build/rtdl_demo_webots -- -j4 -l4
[0.116s] [100%] Built target rtdl_demo_webots_driver
[0.135s] Invoked command in '/home/mujue/pros/ud/ros2_rtdl/build/rtdl_demo_webots' returned '0': CMAKE_PREFIX_PATH=${CMAKE_PREFIX_PATH}:/opt/ros/humble /usr/bin/cmake --build /home/mujue/pros/ud/ros2_rtdl/build/rtdl_demo_webots -- -j4 -l4
[0.154s] Invoking command in '/home/mujue/pros/ud/ros2_rtdl/build/rtdl_demo_webots': CMAKE_PREFIX_PATH=${CMAKE_PREFIX_PATH}:/opt/ros/humble /usr/bin/cmake --install /home/mujue/pros/ud/ros2_rtdl/build/rtdl_demo_webots
[0.162s] -- Install configuration: ""
[0.162s] -- Up-to-date: /home/mujue/pros/ud/ros2_rtdl/install/rtdl_demo_webots/share/rtdl_demo_webots/rtdl_demo_webots_driver.xml
[0.162s] -- Up-to-date: /home/mujue/pros/ud/ros2_rtdl/install/rtdl_demo_webots/lib/librtdl_demo_webots_driver.so
[0.162s] -- Up-to-date: /home/mujue/pros/ud/ros2_rtdl/install/rtdl_demo_webots/include/
[0.163s] -- Up-to-date: /home/mujue/pros/ud/ros2_rtdl/install/rtdl_demo_webots/include//rtdl_demo_webots
[0.163s] -- Up-to-date: /home/mujue/pros/ud/ros2_rtdl/install/rtdl_demo_webots/include//rtdl_demo_webots/WorldBridgeDriver.hpp
[0.163s] -- Up-to-date: /home/mujue/pros/ud/ros2_rtdl/install/rtdl_demo_webots/include//rtdl_demo_webots/CarDriver.hpp
[0.163s] -- Up-to-date: /home/mujue/pros/ud/ros2_rtdl/install/rtdl_demo_webots/share/rtdl_demo_webots/launch
[0.163s] -- Up-to-date: /home/mujue/pros/ud/ros2_rtdl/install/rtdl_demo_webots/share/rtdl_demo_webots/launch/robot_launch.py
[0.163s] -- Up-to-date: /home/mujue/pros/ud/ros2_rtdl/install/rtdl_demo_webots/share/rtdl_demo_webots/worlds
[0.163s] -- Up-to-date: /home/mujue/pros/ud/ros2_rtdl/install/rtdl_demo_webots/share/rtdl_demo_webots/worlds/rtdl_demo_webots.wbt
[0.163s] -- Up-to-date: /home/mujue/pros/ud/ros2_rtdl/install/rtdl_demo_webots/share/rtdl_demo_webots/resource
[0.163s] -- Up-to-date: /home/mujue/pros/ud/ros2_rtdl/install/rtdl_demo_webots/share/rtdl_demo_webots/resource/my_robot.urdf
[0.163s] -- Up-to-date: /home/mujue/pros/ud/ros2_rtdl/install/rtdl_demo_webots/share/rtdl_demo_webots/resource/bridge_robot.urdf
[0.163s] -- Up-to-date: /home/mujue/pros/ud/ros2_rtdl/install/rtdl_demo_webots/share/ament_index/resource_index/package_run_dependencies/rtdl_demo_webots
[0.163s] -- Up-to-date: /home/mujue/pros/ud/ros2_rtdl/install/rtdl_demo_webots/share/ament_index/resource_index/parent_prefix_path/rtdl_demo_webots
[0.163s] -- Up-to-date: /home/mujue/pros/ud/ros2_rtdl/install/rtdl_demo_webots/share/rtdl_demo_webots/environment/ament_prefix_path.sh
[0.163s] -- Up-to-date: /home/mujue/pros/ud/ros2_rtdl/install/rtdl_demo_webots/share/rtdl_demo_webots/environment/ament_prefix_path.dsv
[0.163s] -- Up-to-date: /home/mujue/pros/ud/ros2_rtdl/install/rtdl_demo_webots/share/rtdl_demo_webots/environment/path.sh
[0.163s] -- Up-to-date: /home/mujue/pros/ud/ros2_rtdl/install/rtdl_demo_webots/share/rtdl_demo_webots/environment/path.dsv
[0.164s] -- Up-to-date: /home/mujue/pros/ud/ros2_rtdl/install/rtdl_demo_webots/share/rtdl_demo_webots/local_setup.bash
[0.164s] -- Up-to-date: /home/mujue/pros/ud/ros2_rtdl/install/rtdl_demo_webots/share/rtdl_demo_webots/local_setup.sh
[0.164s] -- Up-to-date: /home/mujue/pros/ud/ros2_rtdl/install/rtdl_demo_webots/share/rtdl_demo_webots/local_setup.zsh
[0.164s] -- Up-to-date: /home/mujue/pros/ud/ros2_rtdl/install/rtdl_demo_webots/share/rtdl_demo_webots/local_setup.dsv
[0.164s] -- Installing: /home/mujue/pros/ud/ros2_rtdl/install/rtdl_demo_webots/share/rtdl_demo_webots/package.dsv
[0.164s] -- Up-to-date: /home/mujue/pros/ud/ros2_rtdl/install/rtdl_demo_webots/share/ament_index/resource_index/packages/rtdl_demo_webots
[0.164s] -- Up-to-date: /home/mujue/pros/ud/ros2_rtdl/install/rtdl_demo_webots/share/ament_index/resource_index/webots_ros2_driver__pluginlib__plugin/rtdl_demo_webots
[0.164s] -- Up-to-date: /home/mujue/pros/ud/ros2_rtdl/install/rtdl_demo_webots/share/rtdl_demo_webots/cmake/rtdl_demo_webotsConfig.cmake
[0.164s] -- Up-to-date: /home/mujue/pros/ud/ros2_rtdl/install/rtdl_demo_webots/share/rtdl_demo_webots/cmake/rtdl_demo_webotsConfig-version.cmake
[0.164s] -- Up-to-date: /home/mujue/pros/ud/ros2_rtdl/install/rtdl_demo_webots/share/rtdl_demo_webots/package.xml
[0.167s] Invoked command in '/home/mujue/pros/ud/ros2_rtdl/build/rtdl_demo_webots' returned '0': CMAKE_PREFIX_PATH=${CMAKE_PREFIX_PATH}:/opt/ros/humble /usr/bin/cmake --install /home/mujue/pros/ud/ros2_rtdl/build/rtdl_demo_webots
